This is pdfTeX, Version 3.141592653-2.6-1.40.24 (TeX Live 2022/Debian) (preloaded format=pdflatex 2025.1.28)  2 FEB 2025 11:36
entering extended mode
 restricted \write18 enabled.
 %&-line parsing enabled.
**refman
(./refman.tex
LaTeX2e <2022-11-01> patch level 1
L3 programming layer <2023-01-16>
(/usr/share/texlive/texmf-dist/tex/latex/base/book.cls
Document Class: book 2022/07/02 v1.4n Standard LaTeX document class
(/usr/share/texlive/texmf-dist/tex/latex/base/bk10.clo
File: bk10.clo 2022/07/02 v1.4n Standard LaTeX file (size option)
)
\c@part=\count185
\c@chapter=\count186
\c@section=\count187
\c@subsection=\count188
\c@subsubsection=\count189
\c@paragraph=\count190
\c@subparagraph=\count191
\c@figure=\count192
\c@table=\count193
\abovecaptionskip=\skip48
\belowcaptionskip=\skip49
\bibindent=\dimen140
)
(/usr/share/texlive/texmf-dist/tex/latex/base/ifthen.sty
Package: ifthen 2022/04/13 v1.1d Standard LaTeX ifthen package (DPC)
)
(/usr/share/texlive/texmf-dist/tex/latex/tools/array.sty
Rollback for package 'array' requested -> date 2016-10-06.
         Best approximation is the release introduced on 2016-10-06.

(/usr/share/texlive/texmf-dist/tex/latex/tools/array-2016-10-06.sty
Package: array 2016/10/06 v2.4d Tabular extension package (FMi)
\col@sep=\dimen141
\extrarowheight=\dimen142
\NC@list=\toks16
\extratabsurround=\skip50
\backup@length=\skip51
))
(/usr/share/texlive/texmf-dist/tex/latex/base/fixltx2e.sty
Package: fixltx2e 2016/12/29 v2.1a fixes to LaTeX (obsolete)
Applying: [2015/01/01] Old fixltx2e package on input line 46.


Package fixltx2e Warning: fixltx2e is not required with releases after 2015
(fixltx2e)                All fixes are now in the LaTeX kernel.
(fixltx2e)                See the latexrelease package for details.

Already applied: [0000/00/00] Old fixltx2e package on input line 53.
) (./doxygen.sty
Package: doxygen 
 (/usr/share/texlive/texmf-dist/tex/latex/base/alltt.sty
Package: alltt 2021/01/29 v2.0g defines alltt environment
)
(/usr/share/texlive/texmf-dist/tex/latex/tools/calc.sty
Package: calc 2017/05/25 v4.3 Infix arithmetic (KKT,FJ)
\calc@Acount=\count194
\calc@Bcount=\count195
\calc@Adimen=\dimen143
\calc@Bdimen=\dimen144
\calc@Askip=\skip52
\calc@Bskip=\skip53
LaTeX Info: Redefining \setlength on input line 80.
LaTeX Info: Redefining \addtolength on input line 81.
\calc@Ccount=\count196
\calc@Cskip=\skip54
)
(/usr/share/texlive/texmf-dist/tex/latex/float/float.sty
Package: float 2001/11/08 v1.3d Float enhancements (AL)
\c@float@type=\count197
\float@exts=\toks17
\float@box=\box51
\@float@everytoks=\toks18
\@floatcapt=\box52
)
(/usr/share/texlive/texmf-dist/tex/latex/tools/verbatim.sty
Package: verbatim 2022-07-02 v1.5u LaTeX2e package for verbatim enhancements
\every@verbatim=\toks19
\verbatim@line=\toks20
\verbatim@in@stream=\read2
)
(/usr/share/texlive/texmf-dist/tex/latex/xcolor/xcolor.sty
Package: xcolor 2022/06/12 v2.14 LaTeX color extensions (UK)

(/usr/share/texlive/texmf-dist/tex/latex/graphics-cfg/color.cfg
File: color.cfg 2016/01/02 v1.6 sample color configuration
)
Package xcolor Info: Driver file: pdftex.def on input line 227.

(/usr/share/texlive/texmf-dist/tex/latex/graphics-def/pdftex.def
File: pdftex.def 2022/09/22 v1.2b Graphics/color driver for pdftex
)
(/usr/share/texlive/texmf-dist/tex/latex/colortbl/colortbl.sty
Package: colortbl 2022/06/20 v1.0f Color table columns (DPC)
\everycr=\toks21
\minrowclearance=\skip55
\rownum=\count198
)
(/usr/share/texlive/texmf-dist/tex/latex/graphics/mathcolor.ltx)
Package xcolor Info: Model `cmy' substituted by `cmy0' on input line 1353.
Package xcolor Info: Model `hsb' substituted by `rgb' on input line 1357.
Package xcolor Info: Model `RGB' extended on input line 1369.
Package xcolor Info: Model `HTML' substituted by `rgb' on input line 1371.
Package xcolor Info: Model `Hsb' substituted by `hsb' on input line 1372.
Package xcolor Info: Model `tHsb' substituted by `hsb' on input line 1373.
Package xcolor Info: Model `HSB' substituted by `hsb' on input line 1374.
Package xcolor Info: Model `Gray' substituted by `gray' on input line 1375.
Package xcolor Info: Model `wave' substituted by `hsb' on input line 1376.
)
(./longtable_doxygen.sty
Package: longtable_doxygen 2014/10/28 v4.11 Multi-page Table package (DPC) - fr
ozen version for doxygen
\LTleft=\skip56
\LTright=\skip57
\LTpre=\skip58
\LTpost=\skip59
\LTchunksize=\count199
\LTcapwidth=\dimen145
\LT@head=\box53
\LT@firsthead=\box54
\LT@foot=\box55
\LT@lastfoot=\box56
\LT@cols=\count266
\LT@rows=\count267
\c@LT@tables=\count268
\c@LT@chunks=\count269
\LT@p@ftn=\toks22
) (./tabu_doxygen.sty
Package: tabu_doxygen 2011/02/26 v2.8 - flexible LaTeX tabulars (FC), frozen ve
rsion for doxygen

(/usr/share/texlive/texmf-dist/tex/latex/varwidth/varwidth.sty
Package: varwidth 2009/03/30 ver 0.92;  Variable-width minipages
\@vwid@box=\box57
\sift@deathcycles=\count270
\@vwid@loff=\dimen146
\@vwid@roff=\dimen147
)
\c@taburow=\count271
\tabu@nbcols=\count272
\tabu@cnt=\count273
\tabu@Xcol=\count274
\tabu@alloc=\count275
\tabu@nested=\count276
\tabu@target=\dimen148
\tabu@spreadtarget=\dimen149
\tabu@naturalX=\dimen150
\tabucolX=\dimen151
\tabu@Xsum=\dimen152
\extrarowdepth=\dimen153
\abovetabulinesep=\dimen154
\belowtabulinesep=\dimen155
\tabustrutrule=\dimen156
\tabu@thebody=\toks23
\tabu@footnotes=\toks24
\tabu@box=\box58
\tabu@arstrutbox=\box59
\tabu@hleads=\box60
\tabu@vleads=\box61
\tabu@cellskip=\skip60
)
(/usr/share/texlive/texmf-dist/tex/latex/fancyvrb/fancyvrb.sty
Package: fancyvrb 2023/01/19 4.5a verbatim text (tvz,hv)

(/usr/share/texlive/texmf-dist/tex/latex/graphics/keyval.sty
Package: keyval 2022/05/29 v1.15 key=value parser (DPC)
\KV@toks@=\toks25
)
\FV@CodeLineNo=\count277
\FV@InFile=\read3
\FV@TabBox=\box62
\c@FancyVerbLine=\count278
\FV@StepNumber=\count279
\FV@OutFile=\write3
)
(/usr/share/texlive/texmf-dist/tex/latex/tools/tabularx.sty
Package: tabularx 2020/01/15 v2.11c `tabularx' package (DPC)
\TX@col@width=\dimen157
\TX@old@table=\dimen158
\TX@old@col=\dimen159
\TX@target=\dimen160
\TX@delta=\dimen161
\TX@cols=\count280
\TX@ftn=\toks26
)
(/usr/share/texlive/texmf-dist/tex/latex/tools/multicol.sty
Package: multicol 2021/11/30 v1.9d multicolumn formatting (FMi)
\c@tracingmulticols=\count281
\mult@box=\box63
\multicol@leftmargin=\dimen162
\c@unbalance=\count282
\c@collectmore=\count283
\doublecol@number=\count284
\multicoltolerance=\count285
\multicolpretolerance=\count286
\full@width=\dimen163
\page@free=\dimen164
\premulticols=\dimen165
\postmulticols=\dimen166
\multicolsep=\skip61
\multicolbaselineskip=\skip62
\partial@page=\box64
\last@line=\box65
\maxbalancingoverflow=\dimen167
\mult@rightbox=\box66
\mult@grightbox=\box67
\mult@firstbox=\box68
\mult@gfirstbox=\box69
\@tempa=\box70
\@tempa=\box71
\@tempa=\box72
\@tempa=\box73
\@tempa=\box74
\@tempa=\box75
\@tempa=\box76
\@tempa=\box77
\@tempa=\box78
\@tempa=\box79
\@tempa=\box80
\@tempa=\box81
\@tempa=\box82
\@tempa=\box83
\@tempa=\box84
\@tempa=\box85
\@tempa=\box86
\@tempa=\box87
\@tempa=\box88
\@tempa=\box89
\@tempa=\box90
\@tempa=\box91
\@tempa=\box92
\@tempa=\box93
\@tempa=\box94
\@tempa=\box95
\@tempa=\box96
\@tempa=\box97
\@tempa=\box98
\@tempa=\box99
\@tempa=\box100
\@tempa=\box101
\@tempa=\box102
\@tempa=\box103
\@tempa=\box104
\@tempa=\box105
\c@minrows=\count287
\c@columnbadness=\count288
\c@finalcolumnbadness=\count289
\last@try=\dimen168
\multicolovershoot=\dimen169
\multicolundershoot=\dimen170
\mult@nat@firstbox=\box106
\colbreak@box=\box107
\mc@col@check@num=\count290
)
(/usr/share/texlive/texmf-dist/tex/latex/multirow/multirow.sty
Package: multirow 2021/03/15 v2.8 Span multiple rows of a table
\multirow@colwidth=\skip63
\multirow@cntb=\count291
\multirow@dima=\skip64
\bigstrutjot=\dimen171
)
(/usr/share/texlive/texmf-dist/tex/latex/hanging/hanging.sty
Package: hanging 2009/09/02 v1.2b hanging paragraphs and punctuation
\h@ngcommawd=\skip65
\h@ngfstopwd=\skip66
\h@ngquotewd=\skip67
\h@ngdquotewd=\skip68
\h@ngquerywd=\skip69
\h@ngexclwd=\skip70
\h@ngcolonwd=\skip71
\h@ngscolonwd=\skip72
)
(/usr/share/texlive/texmf-dist/tex/generic/iftex/ifpdf.sty
Package: ifpdf 2019/10/25 v3.4 ifpdf legacy package. Use iftex instead.

(/usr/share/texlive/texmf-dist/tex/generic/iftex/iftex.sty
Package: iftex 2022/02/03 v1.0f TeX engine tests
))
(/usr/share/texlive/texmf-dist/tex/latex/adjustbox/adjustbox.sty
Package: adjustbox 2022/10/17 v1.3a Adjusting TeX boxes (trim, clip, ...)

(/usr/share/texlive/texmf-dist/tex/latex/xkeyval/xkeyval.sty
Package: xkeyval 2022/06/16 v2.9 package option processing (HA)

(/usr/share/texlive/texmf-dist/tex/generic/xkeyval/xkeyval.tex
(/usr/share/texlive/texmf-dist/tex/generic/xkeyval/xkvutils.tex
\XKV@toks=\toks27
\XKV@tempa@toks=\toks28
)
\XKV@depth=\count292
File: xkeyval.tex 2014/12/03 v2.7a key=value parser (HA)
))
(/usr/share/texlive/texmf-dist/tex/latex/adjustbox/adjcalc.sty
Package: adjcalc 2012/05/16 v1.1 Provides advanced setlength with multiple back
-ends (calc, etex, pgfmath)
)
(/usr/share/texlive/texmf-dist/tex/latex/adjustbox/trimclip.sty
Package: trimclip 2020/08/19 v1.2 Trim and clip general TeX material

(/usr/share/texlive/texmf-dist/tex/latex/graphics/graphicx.sty
Package: graphicx 2021/09/16 v1.2d Enhanced LaTeX Graphics (DPC,SPQR)

(/usr/share/texlive/texmf-dist/tex/latex/graphics/graphics.sty
Package: graphics 2022/03/10 v1.4e Standard LaTeX Graphics (DPC,SPQR)

(/usr/share/texlive/texmf-dist/tex/latex/graphics/trig.sty
Package: trig 2021/08/11 v1.11 sin cos tan (DPC)
)
(/usr/share/texlive/texmf-dist/tex/latex/graphics-cfg/graphics.cfg
File: graphics.cfg 2016/06/04 v1.11 sample graphics configuration
)
Package graphics Info: Driver file: pdftex.def on input line 107.
)
\Gin@req@height=\dimen172
\Gin@req@width=\dimen173
)
(/usr/share/texlive/texmf-dist/tex/latex/collectbox/collectbox.sty
Package: collectbox 2022/10/17 v0.4c Collect macro arguments as boxes
\collectedbox=\box108
)
\tc@llx=\dimen174
\tc@lly=\dimen175
\tc@urx=\dimen176
\tc@ury=\dimen177
Package trimclip Info: Using driver 'tc-pdftex.def'.

(/usr/share/texlive/texmf-dist/tex/latex/adjustbox/tc-pdftex.def
File: tc-pdftex.def 2019/01/04 v2.2 Clipping driver for pdftex
))
\adjbox@Width=\dimen178
\adjbox@Height=\dimen179
\adjbox@Depth=\dimen180
\adjbox@Totalheight=\dimen181
\adjbox@pwidth=\dimen182
\adjbox@pheight=\dimen183
\adjbox@pdepth=\dimen184
\adjbox@ptotalheight=\dimen185

(/usr/share/texlive/texmf-dist/tex/latex/ifoddpage/ifoddpage.sty
Package: ifoddpage 2022/10/18 v1.2 Conditionals for odd/even page detection
\c@checkoddpage=\count293
))
(/usr/share/texlive/texmf-dist/tex/latex/amsfonts/amssymb.sty
Package: amssymb 2013/01/14 v3.01 AMS font symbols

(/usr/share/texlive/texmf-dist/tex/latex/amsfonts/amsfonts.sty
Package: amsfonts 2013/01/14 v3.01 Basic AMSFonts support
\@emptytoks=\toks29
\symAMSa=\mathgroup4
\symAMSb=\mathgroup5
LaTeX Font Info:    Redeclaring math symbol \hbar on input line 98.
LaTeX Font Info:    Overwriting math alphabet `\mathfrak' in version `bold'
(Font)                  U/euf/m/n --> U/euf/b/n on input line 106.
))
(/usr/share/texlive/texmf-dist/tex/latex/stackengine/stackengine.sty
Package: stackengine 2021/07/22 v4.11\ Stacking text and objects in convenient 
ways

(/usr/share/texlive/texmf-dist/tex/latex/etoolbox/etoolbox.sty
Package: etoolbox 2020/10/05 v2.5k e-TeX tools for LaTeX (JAW)
\etb@tempcnta=\count294
)
(/usr/share/texlive/texmf-dist/tex/generic/listofitems/listofitems.sty
(/usr/share/texlive/texmf-dist/tex/generic/listofitems/listofitems.tex
\loi_cnt_foreach_nest=\count295
\loi_nestcnt=\count296
)
Package: listofitems 2019/08/21 v1.63 Grab items in lists using user-specified 
sep char (CT)
)
\c@@stackindex=\count297
\@boxshift=\skip73
\stack@tmplength=\skip74
\temp@stkl=\skip75
\@stackedboxwidth=\skip76
\@addedbox=\box109
\@anchorbox=\box110
\@insetbox=\box111
\se@backgroundbox=\box112
\stackedbox=\box113
\@centerbox=\box114
\c@ROWcellindex@=\count298
)
(/usr/share/texlive/texmf-dist/tex/latex/enumitem/enumitem.sty
Package: enumitem 2019/06/20 v3.9 Customized lists
\labelindent=\skip77
\enit@outerparindent=\dimen186
\enit@toks=\toks30
\enit@inbox=\box115
\enit@count@id=\count299
\enitdp@description=\count300
)
(/usr/share/texlive/texmf-dist/tex/generic/alphalph/alphalph.sty
Package: alphalph 2019/12/09 v2.6 Convert numbers to letters (HO)

(/usr/share/texlive/texmf-dist/tex/generic/infwarerr/infwarerr.sty
Package: infwarerr 2019/12/03 v1.5 Providing info/warning/error messages (HO)
)
(/usr/share/texlive/texmf-dist/tex/generic/intcalc/intcalc.sty
Package: intcalc 2019/12/15 v1.3 Expandable calculations with integers (HO)
))
(/usr/share/texlive/texmf-dist/tex/generic/ulem/ulem.sty
\UL@box=\box116
\UL@hyphenbox=\box117
\UL@skip=\skip78
\UL@hook=\toks31
\UL@height=\dimen187
\UL@pe=\count301
\UL@pixel=\dimen188
\ULC@box=\box118
Package: ulem 2019/11/18
\ULdepth=\dimen189
)
\xrefbox=\box119
\xreflength=\skip79
\CodeWidthChar=\skip80
\CodeHeightChar=\skip81
\DoxyCodeWidth=\skip82
\c@DoxyEnumeratei=\count302
\c@DoxyEnumerateii=\count303
\c@DoxyEnumerateiii=\count304
\c@DoxyEnumerateiv=\count305
\c@DoxyEnumeratev=\count306
\c@DoxyEnumeratevi=\count307
\c@DoxyEnumeratevii=\count308
\c@DoxyEnumerateviii=\count309
\c@DoxyEnumerateix=\count310
\c@DoxyEnumeratex=\count311
\c@DoxyEnumeratexi=\count312
\c@DoxyEnumeratexii=\count313
\enitdp@DoxyEnumerate=\count314
\enitdp@DoxyItemize=\count315
)
(/usr/share/texlive/texmf-dist/tex/latex/base/inputenc.sty
Package: inputenc 2021/02/14 v1.3d Input encoding file
\inpenc@prehook=\toks32
\inpenc@posthook=\toks33
)
(/usr/share/texlive/texmf-dist/tex/latex/base/makeidx.sty
Package: makeidx 2021/10/04 v1.0m Standard LaTeX package
)
(/usr/share/texlive/texmf-dist/tex/latex/base/textcomp.sty
Package: textcomp 2020/02/02 v2.0n Standard LaTeX package
)
(/usr/share/texlive/texmf-dist/tex/latex/wasysym/wasysym.sty
Package: wasysym 2020/01/19 v2.4 Wasy-2 symbol support package
\symwasy=\mathgroup6
LaTeX Font Info:    Overwriting symbol font `wasy' in version `bold'
(Font)                  U/wasy/m/n --> U/wasy/b/n on input line 93.
)
(/usr/share/texlive/texmf-dist/tex/generic/iftex/ifxetex.sty
Package: ifxetex 2019/10/25 v0.7 ifxetex legacy package. Use iftex instead.
)
(/usr/share/texlive/texmf-dist/tex/latex/base/fontenc.sty
Package: fontenc 2021/04/29 v2.0v Standard LaTeX package
)
(/usr/share/texlive/texmf-dist/tex/latex/psnfss/helvet.sty
Package: helvet 2020/03/25 PSNFSS-v9.3 (WaS) 
)
(/usr/share/texlive/texmf-dist/tex/latex/psnfss/courier.sty
Package: courier 2020/03/25 PSNFSS-v9.3 (WaS) 
)
(/usr/share/texlive/texmf-dist/tex/latex/sectsty/sectsty.sty
Package: sectsty 2002/02/25 v2.0.2 Commands to change all sectional heading sty
les


LaTeX Warning: Command \underbar  has changed.
               Check if current package is valid.


LaTeX Warning: Command \underline  has changed.
               Check if current package is valid.

) (/usr/share/texlive/texmf-dist/tex/latex/geometry/geometry.sty
Package: geometry 2020/01/02 v5.9 Page Geometry

(/usr/share/texlive/texmf-dist/tex/generic/iftex/ifvtex.sty
Package: ifvtex 2019/10/25 v1.7 ifvtex legacy package. Use iftex instead.
)
\Gm@cnth=\count316
\Gm@cntv=\count317
\c@Gm@tempcnt=\count318
\Gm@bindingoffset=\dimen190
\Gm@wd@mp=\dimen191
\Gm@odd@mp=\dimen192
\Gm@even@mp=\dimen193
\Gm@layoutwidth=\dimen194
\Gm@layoutheight=\dimen195
\Gm@layouthoffset=\dimen196
\Gm@layoutvoffset=\dimen197
\Gm@dimlist=\toks34
)
(/usr/share/texlive/texmf-dist/tex/latex/fancyhdr/fancyhdr.sty
Package: fancyhdr 2022/11/09 v4.1 Extensive control of page headers and footers

\f@nch@headwidth=\skip83
\f@nch@O@elh=\skip84
\f@nch@O@erh=\skip85
\f@nch@O@olh=\skip86
\f@nch@O@orh=\skip87
\f@nch@O@elf=\skip88
\f@nch@O@erf=\skip89
\f@nch@O@olf=\skip90
\f@nch@O@orf=\skip91
)
(/usr/share/texlive/texmf-dist/tex/latex/natbib/natbib.sty
Package: natbib 2010/09/13 8.31b (PWD, AO)
\bibhang=\skip92
\bibsep=\skip93
LaTeX Info: Redefining \cite on input line 694.
\c@NAT@ctr=\count319
)
(/usr/share/texlive/texmf-dist/tex/latex/tocloft/tocloft.sty
Package: tocloft 2017/08/31 v2.3i parameterised ToC, etc., typesetting
Package tocloft Info: The document has chapter divisions on input line 51.
\cftparskip=\skip94
\cftbeforetoctitleskip=\skip95
\cftaftertoctitleskip=\skip96
\cftbeforepartskip=\skip97
\cftpartnumwidth=\skip98
\cftpartindent=\skip99
\cftbeforechapskip=\skip100
\cftchapindent=\skip101
\cftchapnumwidth=\skip102
\cftbeforesecskip=\skip103
\cftsecindent=\skip104
\cftsecnumwidth=\skip105
\cftbeforesubsecskip=\skip106
\cftsubsecindent=\skip107
\cftsubsecnumwidth=\skip108
\cftbeforesubsubsecskip=\skip109
\cftsubsubsecindent=\skip110
\cftsubsubsecnumwidth=\skip111
\cftbeforeparaskip=\skip112
\cftparaindent=\skip113
\cftparanumwidth=\skip114
\cftbeforesubparaskip=\skip115
\cftsubparaindent=\skip116
\cftsubparanumwidth=\skip117
\cftbeforeloftitleskip=\skip118
\cftafterloftitleskip=\skip119
\cftbeforefigskip=\skip120
\cftfigindent=\skip121
\cftfignumwidth=\skip122
\c@lofdepth=\count320
\c@lotdepth=\count321
\cftbeforelottitleskip=\skip123
\cftafterlottitleskip=\skip124
\cftbeforetabskip=\skip125
\cfttabindent=\skip126
\cfttabnumwidth=\skip127
)
\@indexfile=\write4
\openout4 = `refman.idx'.


Writing index file refman.idx
(/usr/share/texlive/texmf-dist/tex/latex/newunicodechar/newunicodechar.sty
Package: newunicodechar 2018/04/08 v1.2 Defining Unicode characters
)

Package newunicodechar Warning: Redefining Unicode character on input line 116.



Package newunicodechar Warning: Redefining Unicode character on input line 117.


(/usr/share/texlive/texmf-dist/tex/latex/hyperref/hyperref.sty
Package: hyperref 2022-11-13 v7.00u Hypertext links for LaTeX

(/usr/share/texlive/texmf-dist/tex/generic/ltxcmds/ltxcmds.sty
Package: ltxcmds 2020-05-10 v1.25 LaTeX kernel commands for general use (HO)
)
(/usr/share/texlive/texmf-dist/tex/generic/pdftexcmds/pdftexcmds.sty
Package: pdftexcmds 2020-06-27 v0.33 Utility functions of pdfTeX for LuaTeX (HO
)
Package pdftexcmds Info: \pdf@primitive is available.
Package pdftexcmds Info: \pdf@ifprimitive is available.
Package pdftexcmds Info: \pdfdraftmode found.
)
(/usr/share/texlive/texmf-dist/tex/latex/kvsetkeys/kvsetkeys.sty
Package: kvsetkeys 2022-10-05 v1.19 Key value parser (HO)
)
(/usr/share/texlive/texmf-dist/tex/generic/kvdefinekeys/kvdefinekeys.sty
Package: kvdefinekeys 2019-12-19 v1.6 Define keys (HO)
)
(/usr/share/texlive/texmf-dist/tex/generic/pdfescape/pdfescape.sty
Package: pdfescape 2019/12/09 v1.15 Implements pdfTeX's escape features (HO)
)
(/usr/share/texlive/texmf-dist/tex/latex/hycolor/hycolor.sty
Package: hycolor 2020-01-27 v1.10 Color options for hyperref/bookmark (HO)
)
(/usr/share/texlive/texmf-dist/tex/latex/letltxmacro/letltxmacro.sty
Package: letltxmacro 2019/12/03 v1.6 Let assignment for LaTeX macros (HO)
)
(/usr/share/texlive/texmf-dist/tex/latex/auxhook/auxhook.sty
Package: auxhook 2019-12-17 v1.6 Hooks for auxiliary files (HO)
)
(/usr/share/texlive/texmf-dist/tex/latex/hyperref/nameref.sty
Package: nameref 2022-05-17 v2.50 Cross-referencing by name of section

(/usr/share/texlive/texmf-dist/tex/latex/refcount/refcount.sty
Package: refcount 2019/12/15 v3.6 Data extraction from label references (HO)
)
(/usr/share/texlive/texmf-dist/tex/generic/gettitlestring/gettitlestring.sty
Package: gettitlestring 2019/12/15 v1.6 Cleanup title references (HO)

(/usr/share/texlive/texmf-dist/tex/latex/kvoptions/kvoptions.sty
Package: kvoptions 2022-06-15 v3.15 Key value format for package options (HO)
))
\c@section@level=\count322
)
\@linkdim=\dimen198
\Hy@linkcounter=\count323
\Hy@pagecounter=\count324

(/usr/share/texlive/texmf-dist/tex/latex/hyperref/pd1enc.def
File: pd1enc.def 2022-11-13 v7.00u Hyperref: PDFDocEncoding definition (HO)
Now handling font encoding PD1 ...
... no UTF-8 mapping file for font encoding PD1
)
(/usr/share/texlive/texmf-dist/tex/generic/etexcmds/etexcmds.sty
Package: etexcmds 2019/12/15 v1.7 Avoid name clashes with e-TeX commands (HO)
)
\Hy@SavedSpaceFactor=\count325

(/usr/share/texlive/texmf-dist/tex/latex/hyperref/puenc.def
File: puenc.def 2022-11-13 v7.00u Hyperref: PDF Unicode definition (HO)
Now handling font encoding PU ...
... no UTF-8 mapping file for font encoding PU
)
Package hyperref Info: Hyper figures OFF on input line 4162.
Package hyperref Info: Link nesting OFF on input line 4167.
Package hyperref Info: Hyper index ON on input line 4170.
Package hyperref Info: Plain pages OFF on input line 4177.
Package hyperref Info: Backreferencing ON on input line 4180.
Package hyperref Info: Implicit mode ON; LaTeX internals redefined.
Package hyperref Info: Bookmarks ON on input line 4410.

(/usr/share/texlive/texmf-dist/tex/latex/hyperref/backref.sty
Package: backref 2021/02/04 v1.41 Bibliographical back referencing

(/usr/share/texlive/texmf-dist/tex/latex/rerunfilecheck/rerunfilecheck.sty
Package: rerunfilecheck 2022-07-10 v1.10 Rerun checks for auxiliary files (HO)

(/usr/share/texlive/texmf-dist/tex/latex/base/atveryend-ltx.sty
Package: atveryend-ltx 2020/08/19 v1.0a Emulation of the original atveryend pac
kage
with kernel methods
)
(/usr/share/texlive/texmf-dist/tex/generic/uniquecounter/uniquecounter.sty
Package: uniquecounter 2019/12/15 v1.4 Provide unlimited unique counter (HO)

(/usr/share/texlive/texmf-dist/tex/generic/bigintcalc/bigintcalc.sty
Package: bigintcalc 2019/12/15 v1.5 Expandable calculations on big integers (HO
)
))
Package uniquecounter Info: New unique counter `rerunfilecheck' on input line 2
85.
))
\c@Hy@tempcnt=\count326

(/usr/share/texlive/texmf-dist/tex/latex/url/url.sty
\Urlmuskip=\muskip16
Package: url 2013/09/16  ver 3.4  Verb mode for urls, etc.
)
LaTeX Info: Redefining \url on input line 4748.
\XeTeXLinkMargin=\dimen199

(/usr/share/texlive/texmf-dist/tex/generic/bitset/bitset.sty
Package: bitset 2019/12/09 v1.3 Handle bit-vector datatype (HO)
)
\Fld@menulength=\count327
\Field@Width=\dimen256
\Fld@charsize=\dimen257
Package hyperref Info: Hyper figures OFF on input line 6027.
Package hyperref Info: Link nesting OFF on input line 6032.
Package hyperref Info: Hyper index ON on input line 6035.
Package hyperref Info: backreferencing ON on input line 6040.
Package hyperref Info: Link coloring OFF on input line 6047.
Package hyperref Info: Link coloring with OCG OFF on input line 6052.
Package hyperref Info: PDF/A mode OFF on input line 6057.

(/usr/share/texlive/texmf-dist/tex/latex/base/atbegshi-ltx.sty
Package: atbegshi-ltx 2021/01/10 v1.0c Emulation of the original atbegshi
package with kernel methods
)
\Hy@abspage=\count328
\c@Item=\count329
\c@Hfootnote=\count330


LaTeX Warning: Command \LT@p@ftntext  has changed.
               Check if current package is valid.

)
Package hyperref Info: Driver: hpdftex.
 (/usr/share/texlive/texmf-dist/tex/latex/hyperref/hpdftex.def
File: hpdftex.def 2022-11-13 v7.00u Hyperref driver for pdfTeX
\Fld@listcount=\count331
\c@bookmark@seq@number=\count332
\Hy@SectionHShift=\skip128
)
Package hyperref Info: Option `colorlinks' set `true' on input line 136.
Package hyperref Info: Option `unicode' set `true' on input line 136.

(/usr/share/texlive/texmf-dist/tex/latex/caption/caption.sty
Package: caption 2022/03/01 v3.6b Customizing captions (AR)

(/usr/share/texlive/texmf-dist/tex/latex/caption/caption3.sty
Package: caption3 2022/03/17 v2.3b caption3 kernel (AR)
\caption@tempdima=\dimen258
\captionmargin=\dimen259
\caption@leftmargin=\dimen260
\caption@rightmargin=\dimen261
\caption@width=\dimen262
\caption@indent=\dimen263
\caption@parindent=\dimen264
\caption@hangindent=\dimen265
Package caption Info: Standard document class detected.
)
\c@caption@flags=\count333
\c@continuedfloat=\count334
Package caption Info: float package is loaded.
Package caption Info: hyperref package is loaded.
Package caption Info: longtable package is loaded.

(/usr/share/texlive/texmf-dist/tex/latex/caption/ltcaption.sty
Package: ltcaption 2021/01/08 v1.4c longtable captions (AR)
))
(/usr/share/texlive/texmf-dist/tex/latex/etoc/etoc.sty
Package: etoc 2023/01/20 v1.1c Completely customisable TOCs (JFB)
\Etoc@toctoks=\toks35
\c@etoc@tocid=\count335
\c@etoc@tocdepth=\count336
\etoc@framed@titlebox=\box120
\etoc@framed@contentsbox=\box121
)
LaTeX Font Info:    Trying to load font information for T1+phv on input line 15
2.

(/usr/share/texlive/texmf-dist/tex/latex/psnfss/t1phv.fd
File: t1phv.fd 2020/03/25 scalable font definitions for T1/phv.
)
LaTeX Font Info:    Font shape `T1/phv/m/n' will be
(Font)              scaled to size 8.99994pt on input line 152.

(/usr/share/texlive/texmf-dist/tex/latex/l3backend/l3backend-pdftex.def
File: l3backend-pdftex.def 2023-01-16 L3 backend support: PDF output (pdfTeX)
\l__color_backend_stack_int=\count337
\l__pdf_internal_box=\box122
)
No file refman.aux.
\openout1 = `refman.aux'.

LaTeX Font Info:    Checking defaults for OML/cmm/m/it on input line 152.
LaTeX Font Info:    ... okay on input line 152.
LaTeX Font Info:    Checking defaults for OMS/cmsy/m/n on input line 152.
LaTeX Font Info:    ... okay on input line 152.
LaTeX Font Info:    Checking defaults for OT1/cmr/m/n on input line 152.
LaTeX Font Info:    ... okay on input line 152.
LaTeX Font Info:    Checking defaults for T1/cmr/m/n on input line 152.
LaTeX Font Info:    ... okay on input line 152.
LaTeX Font Info:    Checking defaults for TS1/cmr/m/n on input line 152.
LaTeX Font Info:    ... okay on input line 152.
LaTeX Font Info:    Checking defaults for OMX/cmex/m/n on input line 152.
LaTeX Font Info:    ... okay on input line 152.
LaTeX Font Info:    Checking defaults for U/cmr/m/n on input line 152.
LaTeX Font Info:    ... okay on input line 152.
LaTeX Font Info:    Checking defaults for PD1/pdf/m/n on input line 152.
LaTeX Font Info:    ... okay on input line 152.
LaTeX Font Info:    Checking defaults for PU/pdf/m/n on input line 152.
LaTeX Font Info:    ... okay on input line 152.
(/usr/share/texlive/texmf-dist/tex/context/base/mkii/supp-pdf.mkii
[Loading MPS to PDF converter (version 2006.09.02).]
\scratchcounter=\count338
\scratchdimen=\dimen266
\scratchbox=\box123
\nofMPsegments=\count339
\nofMParguments=\count340
\everyMPshowfont=\toks36
\MPscratchCnt=\count341
\MPscratchDim=\dimen267
\MPnumerator=\count342
\makeMPintoPDFobject=\count343
\everyMPtoPDFconversion=\toks37
) (/usr/share/texlive/texmf-dist/tex/latex/epstopdf-pkg/epstopdf-base.sty
Package: epstopdf-base 2020-01-24 v2.11 Base part for package epstopdf
Package epstopdf-base Info: Redefining graphics rule for `.eps' on input line 4
85.

(/usr/share/texlive/texmf-dist/tex/latex/latexconfig/epstopdf-sys.cfg
File: epstopdf-sys.cfg 2010/07/13 v1.3 Configuration of (r)epstopdf for TeX Liv
e
))
*geometry* driver: auto-detecting
*geometry* detected driver: pdftex
*geometry* verbose mode - [ preamble ] result:
* driver: pdftex
* paper: a4paper
* layout: <same size as paper>
* layoutoffset:(h,v)=(0.0pt,0.0pt)
* modes: twoside 
* h-part:(L,W,R)=(71.13188pt, 455.24411pt, 71.13188pt)
* v-part:(T,H,B)=(71.13188pt, 702.78308pt, 71.13188pt)
* \paperwidth=597.50787pt
* \paperheight=845.04684pt
* \textwidth=455.24411pt
* \textheight=702.78308pt
* \oddsidemargin=-1.1381pt
* \evensidemargin=-1.1381pt
* \topmargin=-31.2056pt
* \headheight=12.0pt
* \headsep=18.06749pt
* \topskip=10.0pt
* \footskip=25.29494pt
* \marginparwidth=125.0pt
* \marginparsep=7.0pt
* \columnsep=10.0pt
* \skip\footins=9.0pt plus 4.0pt minus 2.0pt
* \hoffset=0.0pt
* \voffset=0.0pt
* \mag=1000
* \@twocolumnfalse
* \@twosidetrue
* \@mparswitchtrue
* \@reversemarginfalse
* (1in=72.27pt=25.4mm, 1cm=28.453pt)

Package backref Info: ** backref set up for natbib ** on input line 152.
Package hyperref Info: Link coloring ON on input line 152.
\@outlinefile=\write5
\openout5 = `refman.out'.

Package caption Info: Begin \AtBeginDocument code.
Package caption Info: End \AtBeginDocument code.
No file refman.toc.
Package hyperref Info: Option `pageanchor' set `false' on input line 160.
Package hyperref Info: Option `bookmarksnumbered' set `true' on input line 160.

Package hyperref Info: Option `unicode' set `true' on input line 160.
LaTeX Font Info:    Font shape `T1/phv/m/n' will be
(Font)              scaled to size 12.9599pt on input line 165.
LaTeX Font Info:    Font shape `T1/phv/m/n' will be
(Font)              scaled to size 10.79993pt on input line 167.
[1


{/var/lib/texmf/fonts/map/pdftex/updmap/pdftex.map}] [2

]
\tf@toc=\write6
\openout6 = `refman.toc'.

Package hyperref Info: Option `pageanchor' set `true' on input line 176.

Chapter 1.
LaTeX Font Info:    Font shape `T1/phv/m/n' will be
(Font)              scaled to size 18.66588pt on input line 178.
LaTeX Font Info:    Font shape `T1/phv/b/n' will be
(Font)              scaled to size 18.66588pt on input line 178.
LaTeX Font Info:    Font shape `T1/phv/bc/n' will be
(Font)              scaled to size 18.66588pt on input line 178.
LaTeX Font Info:    Font shape `T1/phv/m/n' will be
(Font)              scaled to size 22.39185pt on input line 178.
LaTeX Font Info:    Font shape `T1/phv/b/n' will be
(Font)              scaled to size 22.39185pt on input line 178.
LaTeX Font Info:    Font shape `T1/phv/bc/n' will be
(Font)              scaled to size 22.39185pt on input line 178.
(./index.tex
LaTeX Font Info:    Font shape `T1/phv/b/n' will be
(Font)              scaled to size 10.79993pt on input line 3.


Package hyperref Warning: Difference (2) between bookmark levels is greater 
(hyperref)                than one, level fixed on input line 3.

LaTeX Font Info:    Trying to load font information for T1+pcr on input line 5.

(/usr/share/texlive/texmf-dist/tex/latex/psnfss/t1pcr.fd
File: t1pcr.fd 2001/06/04 font definitions for T1/pcr.
)
LaTeX Font Info:    Font shape `T1/phv/m/n' will be
(Font)              scaled to size 6.29996pt on input line 7.
LaTeX Font Info:    Trying to load font information for U+msa on input line 7.

(/usr/share/texlive/texmf-dist/tex/latex/amsfonts/umsa.fd
File: umsa.fd 2013/01/14 v3.01 AMS symbols A
)
LaTeX Font Info:    Trying to load font information for U+msb on input line 7.

(/usr/share/texlive/texmf-dist/tex/latex/amsfonts/umsb.fd
File: umsb.fd 2013/01/14 v3.01 AMS symbols B
)
LaTeX Font Info:    Trying to load font information for U+wasy on input line 7.


(/usr/share/texlive/texmf-dist/tex/latex/wasysym/uwasy.fd
File: uwasy.fd 2020/01/19 v2.4 Wasy-2 symbol font definitions
)
LaTeX Font Info:    Font shape `T1/phv/m/it' in size <7> not available
(Font)              Font shape `T1/phv/m/sl' tried instead on input line 7.
LaTeX Font Info:    Font shape `T1/phv/m/sl' will be
(Font)              scaled to size 6.29996pt on input line 7.
LaTeX Font Info:    Trying to load font information for TS1+phv on input line 1
0.

(/usr/share/texlive/texmf-dist/tex/latex/psnfss/ts1phv.fd
File: ts1phv.fd 2020/03/25 scalable font definitions for TS1/phv.
)
LaTeX Font Info:    Font shape `TS1/phv/m/n' will be
(Font)              scaled to size 8.99994pt on input line 10.
LaTeX Font Info:    Font shape `T1/phv/b/n' will be
(Font)              scaled to size 8.99994pt on input line 13.
LaTeX Font Info:    Font shape `T1/phv/b/n' will be
(Font)              scaled to size 6.29996pt on input line 37.
 [1


]) [2]
Chapter 2.
(./namespaces.tex
LaTeX Font Info:    Font shape `T1/phv/b/n' will be
(Font)              scaled to size 12.9599pt on input line 1.


LaTeX Warning: Reference `namespaceAudioHardware' on page 3 undefined on input 
line 3.


LaTeX Warning: Reference `namespacePaths' on page 3 undefined on input line 4.


LaTeX Warning: Reference `namespacePathsTest' on page 3 undefined on input line
 5.

) [3

] [4

]
Chapter 3.
(./annotated.tex

LaTeX Warning: Reference `structAudioConfig' on page 5 undefined on input line 
3.


LaTeX Warning: Reference `classAudiolizer' on page 5 undefined on input line 4.



LaTeX Warning: Reference `classAudioServer' on page 5 undefined on input line 5
.


LaTeX Warning: Reference `classAudioStream' on page 5 undefined on input line 6
.


LaTeX Warning: Reference `classCamera' on page 5 undefined on input line 7.


LaTeX Warning: Reference `structCameraConfig' on page 5 undefined on input line
 8.


LaTeX Warning: Reference `structCameraInfo' on page 5 undefined on input line 9
.


LaTeX Warning: Reference `classConfig' on page 5 undefined on input line 10.


LaTeX Warning: Reference `structDisplayConfig' on page 5 undefined on input lin
e 11.


LaTeX Warning: Reference `classGUI' on page 5 undefined on input line 12.


LaTeX Warning: Reference `classIAV' on page 5 undefined on input line 13.


LaTeX Warning: Reference `structIAVConfig' on page 5 undefined on input line 14
.


LaTeX Warning: Reference `structAudioHardware_1_1Info' on page 5 undefined on i
nput line 15.


LaTeX Warning: Reference `structRegionOfInterest' on page 5 undefined on input 
line 16.


LaTeX Warning: Reference `classSettingsDB' on page 5 undefined on input line 17
.


LaTeX Warning: Reference `classSine' on page 5 undefined on input line 18.


LaTeX Warning: Reference `classSpectrogram' on page 5 undefined on input line 1
9.


LaTeX Warning: Reference `classTimer' on page 5 undefined on input line 20.


LaTeX Warning: Reference `structTone' on page 5 undefined on input line 21.

[5]

LaTeX Warning: Reference `classTrigger' on page 6 undefined on input line 22.


LaTeX Warning: Reference `classVideoTracker' on page 6 undefined on input line 
23.


LaTeX Warning: Reference `classVisualizer' on page 6 undefined on input line 24
.


LaTeX Warning: Reference `classWaveform' on page 6 undefined on input line 25.

) [6]
Chapter 4.
(./files.tex

LaTeX Warning: Reference `audio_8h' on page 7 undefined on input line 3.


LaTeX Warning: Reference `audiolizer_8h' on page 7 undefined on input line 4.


LaTeX Warning: Reference `audioserver_8h' on page 7 undefined on input line 5.


LaTeX Warning: Reference `camera_8h' on page 7 undefined on input line 6.


LaTeX Warning: Reference `config_8h' on page 7 undefined on input line 7.


LaTeX Warning: Reference `config__types_8h' on page 7 undefined on input line 8
.


LaTeX Warning: Reference `gui_8h' on page 7 undefined on input line 9.


LaTeX Warning: Reference `iav_8h' on page 7 undefined on input line 10.


LaTeX Warning: Reference `paths_8h' on page 7 undefined on input line 11.


LaTeX Warning: Reference `roi_8h' on page 7 undefined on input line 12.


LaTeX Warning: Reference `settings_8h' on page 7 undefined on input line 13.


LaTeX Warning: Reference `sine_8h' on page 7 undefined on input line 14.


LaTeX Warning: Reference `spectrogram_8h' on page 7 undefined on input line 15.



LaTeX Warning: Reference `timer_8h' on page 7 undefined on input line 16.


LaTeX Warning: Reference `tone_8h' on page 7 undefined on input line 17.


LaTeX Warning: Reference `trigger_8h' on page 7 undefined on input line 18.


LaTeX Warning: Reference `videotracker_8h' on page 7 undefined on input line 19
.


LaTeX Warning: Reference `visualizer_8h' on page 7 undefined on input line 20.


LaTeX Warning: Reference `waveform_8h' on page 7 undefined on input line 21.


LaTeX Warning: Reference `audiohw_8h' on page 7 undefined on input line 22.


LaTeX Warning: Reference `camerahw_8h' on page 7 undefined on input line 23.


LaTeX Warning: Reference `opencvfps_8h' on page 7 undefined on input line 24.


LaTeX Warning: Reference `screenhw_8h' on page 7 undefined on input line 25.


LaTeX Warning: Reference `audio_8cpp' on page 7 undefined on input line 26.


LaTeX Warning: Reference `audiolizer_8cpp' on page 7 undefined on input line 27
.


LaTeX Warning: Reference `audioserver_8cpp' on page 7 undefined on input line 2
8.


LaTeX Warning: Reference `camera_8cpp' on page 7 undefined on input line 29.


LaTeX Warning: Reference `config_8cpp' on page 7 undefined on input line 30.


LaTeX Warning: Reference `gui_8cpp' on page 7 undefined on input line 31.


LaTeX Warning: Reference `iav_8cpp' on page 7 undefined on input line 32.


LaTeX Warning: Reference `main_8cpp' on page 7 undefined on input line 33.


LaTeX Warning: Reference `settings_8cpp' on page 7 undefined on input line 34.


LaTeX Warning: Reference `sine_8cpp' on page 7 undefined on input line 35.


LaTeX Warning: Reference `spectrogram_8cpp' on page 7 undefined on input line 3
6.


LaTeX Warning: Reference `timer_8cpp' on page 7 undefined on input line 37.


LaTeX Warning: Reference `trigger_8cpp' on page 7 undefined on input line 38.


LaTeX Warning: Reference `videotracker_8cpp' on page 7 undefined on input line 
39.


LaTeX Warning: Reference `visualizer_8cpp' on page 7 undefined on input line 40
.


LaTeX Warning: Reference `waveform_8cpp' on page 7 undefined on input line 41.

[7

]

LaTeX Warning: Reference `audiohw_8cpp' on page 8 undefined on input line 42.


LaTeX Warning: Reference `camerahw_8cpp' on page 8 undefined on input line 43.


LaTeX Warning: Reference `opencvfps_8cpp' on page 8 undefined on input line 44.



LaTeX Warning: Reference `screenhw_8cpp' on page 8 undefined on input line 45.

) [8]
Chapter 5.
(./namespaceAudioHardware.tex
LaTeX Font Info:    Font shape `T1/phv/m/n' will be
(Font)              scaled to size 8.09995pt on input line 12.
LaTeX Font Info:    Font shape `T1/phv/m/it' in size <9> not available
(Font)              Font shape `T1/phv/m/sl' tried instead on input line 12.
LaTeX Font Info:    Font shape `T1/phv/m/sl' will be
(Font)              scaled to size 8.09995pt on input line 12.
LaTeX Font Info:    Font shape `T1/phv/bc/n' will be
(Font)              scaled to size 8.99994pt on input line 34.

Underfull \hbox (badness 10000) detected at line 34
[][][]
 []

LaTeX Font Info:    Font shape `T1/phv/m/n' will be
(Font)              scaled to size 7.19995pt on input line 44.
LaTeX Font Info:    Font shape `T1/pcr/m/it' in size <8> not available
(Font)              Font shape `T1/pcr/m/sl' tried instead on input line 44.
LaTeX Font Info:    Font shape `T1/pcr/m/it' in size <7> not available
(Font)              Font shape `T1/pcr/m/sl' tried instead on input line 44.
[9

]

Package longtable Warning: Column widths have changed
(longtable)                in table 5.1 on input line 60.


Underfull \hbox (badness 10000) detected at line 61
[][][]
 []

[10]

Package longtable Warning: Column widths have changed
(longtable)                in table 5.2 on input line 159.


Underfull \hbox (badness 10000) detected at line 160
[][][]
 []

[11]
Underfull \hbox (badness 10000) in paragraph at lines 248--249
|  \T1/pcr/m/n/8 {8000, 11025, 16000, 22050, 32000, 44100, 48000, 88200, 96000,
 176000, 192000,
 []


Underfull \hbox (badness 10000) detected at line 254
[][][]
 []


Underfull \hbox (badness 10000) in paragraph at lines 255--256
[]\T1/phv/m/n/10 for de-tailed info see []: [][] \T1/pcr/m/n/10 https[]://en.[]
wikipedia.[]org/wiki/[]Sampling[]_[](signal[]_[]
 []

[12]) (./namespacePaths.tex
Underfull \hbox (badness 10000) detected at line 18
[][][]
 []

) (./namespacePathsTest.tex [13]
Underfull \hbox (badness 10000) detected at line 18
[][][]
 []


Underfull \hbox (badness 10000) detected at line 21
[][][]
 []

) [14]
Chapter 6.
(./structAudioConfig.tex
Underfull \hbox (badness 10000) detected at line 30
[][][]
 []


Underfull \hbox (badness 10000) detected at line 35
[][][]
 []

[15

]) (./classAudiolizer.tex [16]
Underfull \hbox (badness 10000) detected at line 26
[][][]
 []

[17]

Package longtable Warning: Column widths have changed
(longtable)                in table 6.1 on input line 80.


Underfull \hbox (badness 10000) detected at line 81
[][][]
 []


Package longtable Warning: Column widths have changed
(longtable)                in table 6.2 on input line 115.


Underfull \hbox (badness 10000) detected at line 116
[][][]
 []

[18]) (./classAudioServer.tex
Underfull \hbox (badness 10000) detected at line 38
[][][]
 []

[19]
Underfull \hbox (badness 10000) detected at line 43
[][][]
 []


Overfull \hbox (51.88457pt too wide) in paragraph at lines 46--47
[]\T1/phv/m/n/10 jack server ex-am-ple []: [][] \T1/pcr/m/n/10 https[]://github
.[]com/jackaudio/example-clients/blob/master/server[]
 []

LaTeX Font Info:    Font shape `T1/phv/b/n' will be
(Font)              scaled to size 7.19995pt on input line 58.
[20]
Underfull \hbox (badness 10000) detected at line 155
[][][]
 []

[21]

Package longtable Warning: Column widths have changed
(longtable)                in table 6.3 on input line 190.


Underfull \hbox (badness 10000) detected at line 191
[][][]
 []


Underfull \hbox (badness 10000) detected at line 194
[][][]
 []


Underfull \hbox (badness 10000) detected at line 228
[][][]
 []

) (./classAudioStream.tex [22]
Underfull \hbox (badness 10000) detected at line 42
[][][]
 []


Underfull \hbox (badness 10000) detected at line 45
[][][]
 []


Overfull \hbox (47.84361pt too wide) in paragraph at lines 48--49
[]\T1/phv/m/n/10 jack client ex-am-ple []: [][] \T1/pcr/m/n/10 https[]://github
.[]com/jackaudio/example-clients/blob/master/simple[]
 []

[23] [24]

Package longtable Warning: Column widths have changed
(longtable)                in table 6.4 on input line 154.


Underfull \hbox (badness 10000) detected at line 155
[][][]
 []

[25]
Underfull \hbox (badness 10000) detected at line 245
[][][]
 []

[26]

Package longtable Warning: Column widths have changed
(longtable)                in table 6.5 on input line 304.


Underfull \hbox (badness 10000) detected at line 305
[][][]
 []


Underfull \hbox (badness 10000) detected at line 308
[][][]
 []


Underfull \hbox (badness 10000) detected at line 332
[][][]
 []

[27]

Package longtable Warning: Column widths have changed
(longtable)                in table 6.6 on input line 370.


Underfull \hbox (badness 10000) detected at line 371
[][][]
 []


Package longtable Warning: Column widths have changed
(longtable)                in table 6.7 on input line 380.

) (./classCamera.tex [28]
Underfull \hbox (badness 10000) detected at line 36
[][][]
 []

[29]

Package longtable Warning: Column widths have changed
(longtable)                in table 6.8 on input line 134.


Underfull \hbox (badness 10000) detected at line 163
[][][]
 []

[30]
Underfull \hbox (badness 10000) detected at line 166
[][][]
 []

) (./structCameraConfig.tex
Underfull \hbox (badness 10000) detected at line 28
[][][]
 []

[31]
Underfull \hbox (badness 10000) detected at line 33
[][][]
 []

) (./structCameraInfo.tex [32]
Underfull \hbox (badness 10000) detected at line 24
[][][]
 []

) (./classConfig.tex <./classConfig__coll__graph.pdf

pdfTeX warning: pdflatex (file ./classConfig__coll__graph.pdf): PDF inclusion: 
multiple pdfs with page group included in a single page
>
<classConfig__coll__graph.pdf, id=814, 444.66125pt x 167.62625pt>
File: classConfig__coll__graph.pdf Graphic file (type pdf)
<use classConfig__coll__graph.pdf>
Package pdftex.def Info: classConfig__coll__graph.pdf  used on input line 19.
(pdftex.def)             Requested size: 350.0pt x 131.94241pt.
 [33] [34]
Underfull \hbox (badness 10000) detected at line 52
[][][]
 []


Underfull \hbox (badness 10000) detected at line 57
[][][]
 []


Underfull \hbox (badness 10000) detected at line 90
[][][]
 []

[35]
Underfull \hbox (badness 10000) detected at line 140
[][][]
 []

[36]
Underfull \hbox (badness 10000) detected at line 174
[][][]
 []


Underfull \hbox (badness 10000) detected at line 187
[][][]
 []


Underfull \hbox (badness 10000) detected at line 200
[][][]
 []


Underfull \hbox (badness 10000) detected at line 213
[][][]
 []

) (./structDisplayConfig.tex [37]
Underfull \hbox (badness 10000) detected at line 26
[][][]
 []


Underfull \hbox (badness 10000) detected at line 31
[][][]
 []

[38]) (./classGUI.tex
LaTeX Font Info:    Font shape `TS1/phv/m/it' in size <9> not available
(Font)              Font shape `TS1/phv/m/sl' tried instead on input line 18.
LaTeX Font Info:    Font shape `TS1/phv/m/sl' will be
(Font)              scaled to size 8.09995pt on input line 18.

Underfull \hbox (badness 10000) detected at line 24
[][][]
 []

[39] [40]
Underfull \hbox (badness 10000) detected at line 177
[][][]
 []

) (./classIAV.tex [41]
Underfull \hbox (badness 10000) detected at line 34
[][][]
 []


Overfull \hbox (61.35551pt too wide) in paragraph at lines 71--71
\T1/pcr/m/n/7 audiolizer.[](std::bind(&[],&audioStream,std::placeholders::_1,st
d::placeholders::_2));  
 []

[42] [43]
Underfull \hbox (badness 10000) detected at line 160
[][][]
 []

) (./structIAVConfig.tex [44]
Underfull \hbox (badness 10000) detected at line 30
[][][]
 []


Underfull \hbox (badness 10000) detected at line 33
[][][]
 []


Underfull \hbox (badness 10000) detected at line 40
[][][]
 []


Underfull \hbox (badness 10000) detected at line 43
[][][]
 []


Underfull \hbox (badness 10000) detected at line 46
[][][]
 []

[45]
Underfull \hbox (badness 10000) detected at line 118
[][][]
 []

) (./structAudioHardware_1_1Info.tex [46]
Underfull \hbox (badness 10000) detected at line 26
[][][]
 []


Underfull \hbox (badness 10000) detected at line 29
[][][]
 []

) (./structRegionOfInterest.tex [47] [48]) (./classSettingsDB.tex [49]

Package longtable Warning: Column widths have changed
(longtable)                in table 6.9 on input line 55.


Underfull \hbox (badness 10000) detected at line 56
[][][]
 []

[50]
Underfull \hbox (badness 10000) detected at line 145
[][][]
 []

[51]

Package longtable Warning: Column widths have changed
(longtable)                in table 6.10 on input line 211.


Underfull \hbox (badness 10000) detected at line 212
[][][]
 []

[52]) (./classSine.tex [53]

Package longtable Warning: Column widths have changed
(longtable)                in table 6.11 on input line 75.


Underfull \hbox (badness 10000) detected at line 76
[][][]
 []

[54]

Package longtable Warning: Column widths have changed
(longtable)                in table 6.12 on input line 122.


Package longtable Warning: Column widths have changed
(longtable)                in table 6.13 on input line 165.


Underfull \hbox (badness 10000) detected at line 166
[][][]
 []

) (./classSpectrogram.tex [55]
Underfull \hbox (badness 10000) detected at line 40
[][][]
 []

[56] [57]
Underfull \hbox (badness 10000) detected at line 145
[][][]
 []


Underfull \hbox (badness 10000) detected at line 148
[][][]
 []


Underfull \hbox (badness 10000) detected at line 172
[][][]
 []

[58]

Package longtable Warning: Column widths have changed
(longtable)                in table 6.14 on input line 224.


Underfull \hbox (badness 10000) detected at line 225
[][][]
 []

[59]

Package longtable Warning: Column widths have changed
(longtable)                in table 6.15 on input line 286.


Underfull \hbox (badness 10000) detected at line 287
[][][]
 []

) (./classTimer.tex [60]
Underfull \hbox (badness 10000) detected at line 69
[][][]
 []

[61]
Underfull \hbox (badness 10000) detected at line 93
[][][]
 []


Package longtable Warning: Column widths have changed
(longtable)                in table 6.16 on input line 121.


Underfull \hbox (badness 10000) detected at line 122
[][][]
 []


Underfull \hbox (badness 10000) detected at line 148
[][][]
 []

[62]
Underfull \hbox (badness 10000) detected at line 172
[][][]
 []

) (./structTone.tex
Underfull \hbox (badness 10000) detected at line 24
[][][]
 []


Underfull \hbox (badness 10000) detected at line 29
[][][]
 []

[63]) (./classTrigger.tex [64]
Underfull \hbox (badness 10000) detected at line 28
[][][]
 []


Underfull \hbox (badness 10000) detected at line 48
[][][]
 []


Underfull \hbox (badness 10000) detected at line 82
[][][]
 []

[65]
Underfull \hbox (badness 10000) detected at line 85
[][][]
 []


Underfull \hbox (badness 10000) detected at line 111
[][][]
 []


Package longtable Warning: Column widths have changed
(longtable)                in table 6.17 on input line 118.


Underfull \hbox (badness 10000) detected at line 119
[][][]
 []

[66]
Underfull \hbox (badness 10000) detected at line 154
[][][]
 []

) (./classVideoTracker.tex
Underfull \hbox (badness 10000) detected at line 26
[][][]
 []

[67]

Package longtable Warning: Column widths have changed
(longtable)                in table 6.18 on input line 80.


Underfull \hbox (badness 10000) detected at line 81
[][][]
 []

[68]

Package longtable Warning: Column widths have changed
(longtable)                in table 6.19 on input line 117.


Underfull \hbox (badness 10000) detected at line 118
[][][]
 []

) (./classVisualizer.tex [69] [70]
Underfull \hbox (badness 10000) detected at line 145
[][][]
 []


Underfull \hbox (badness 10000) detected at line 148
[][][]
 []

[71] [72]
Underfull \hbox (badness 10000) in paragraph at lines 227--228
|  \T1/pcr/m/n/8 std[]::function$\OML/cmm/m/it/8 <$ \T1/pcr/m/n/8 void(const bo
ol, const bool, const [] &, [] &)$\OML/cmm/m/it/8 >$
 []


Package longtable Warning: Column widths have changed
(longtable)                in table 6.20 on input line 237.


Underfull \hbox (badness 10000) detected at line 238
[][][]
 []


Package longtable Warning: Column widths have changed
(longtable)                in table 6.21 on input line 245.


Underfull \hbox (badness 10000) detected at line 246
[][][]
 []


Package longtable Warning: Column widths have changed
(longtable)                in table 6.22 on input line 253.


Underfull \hbox (badness 10000) detected at line 254
[][][]
 []


Package longtable Warning: Column widths have changed
(longtable)                in table 6.23 on input line 261.

[73]
Underfull \hbox (badness 10000) detected at line 262
[][][]
 []


Package longtable Warning: Column widths have changed
(longtable)                in table 6.24 on input line 269.


Underfull \hbox (badness 10000) detected at line 270
[][][]
 []


Package longtable Warning: Column widths have changed
(longtable)                in table 6.25 on input line 298.


Underfull \hbox (badness 10000) detected at line 299
[][][]
 []

) (./classWaveform.tex [74]
Underfull \hbox (badness 10000) detected at line 36
[][][]
 []

[75]
Underfull \hbox (badness 10000) detected at line 89
[][][]
 []


Package longtable Warning: Column widths have changed
(longtable)                in table 6.26 on input line 123.


Underfull \hbox (badness 10000) detected at line 124
[][][]
 []


Package longtable Warning: Column widths have changed
(longtable)                in table 6.27 on input line 133.

[76]
Underfull \hbox (badness 10000) detected at line 156
[][][]
 []


Package longtable Warning: Column widths have changed
(longtable)                in table 6.28 on input line 201.


Underfull \hbox (badness 10000) detected at line 202
[][][]
 []

[77]
Underfull \hbox (badness 10000) detected at line 240
[][][]
 []


Package longtable Warning: Column widths have changed
(longtable)                in table 6.29 on input line 268.


Underfull \hbox (badness 10000) detected at line 269
[][][]
 []

[78]) [79] [80

]
Chapter 7.
(./audio_8h.tex <./audio_8h__incl.pdf

pdfTeX warning: pdflatex (file ./audio_8h__incl.pdf): PDF inclusion: multiple p
dfs with page group included in a single page
>
<audio_8h__incl.pdf, id=1973, 594.22pt x 212.795pt>
File: audio_8h__incl.pdf Graphic file (type pdf)
<use audio_8h__incl.pdf>
Package pdftex.def Info: audio_8h__incl.pdf  used on input line 15.
(pdftex.def)             Requested size: 350.0pt x 125.34338pt.
 <./audio_8h__dep__incl.pdf

pdfTeX warning: pdflatex (file ./audio_8h__dep__incl.pdf): PDF inclusion: multi
ple pdfs with page group included in a single page
>
<audio_8h__dep__incl.pdf, id=1981, 300.12125pt x 212.795pt>
File: audio_8h__dep__incl.pdf Graphic file (type pdf)
<use audio_8h__dep__incl.pdf>
Package pdftex.def Info: audio_8h__dep__incl.pdf  used on input line 23.
(pdftex.def)             Requested size: 299.0pt x 212.01843pt.
 [81]) (./audio_8h_source.tex [82]) (./audiolizer_8h.tex <./audiolizer_8h__incl
.pdf>
<audiolizer_8h__incl.pdf, id=2076, 264.99pt x 212.795pt>
File: audiolizer_8h__incl.pdf Graphic file (type pdf)
<use audiolizer_8h__incl.pdf>
Package pdftex.def Info: audiolizer_8h__incl.pdf  used on input line 10.
(pdftex.def)             Requested size: 264.0pt x 212.01518pt.
 <./audiolizer_8h__dep__incl.pdf

pdfTeX warning: pdflatex (file ./audiolizer_8h__dep__incl.pdf): PDF inclusion: 
multiple pdfs with page group included in a single page
>
<audiolizer_8h__dep__incl.pdf, id=2091, 320.19624pt x 212.795pt>
File: audiolizer_8h__dep__incl.pdf Graphic file (type pdf)
<use audiolizer_8h__dep__incl.pdf>
Package pdftex.def Info: audiolizer_8h__dep__incl.pdf  used on input line 18.
(pdftex.def)             Requested size: 319.0pt x 212.0022pt.
 [83]) (./audiolizer_8h_source.tex [84]) (./audioserver_8h.tex <./audioserver_8
h__incl.pdf>
<audioserver_8h__incl.pdf, id=2194, 443.6575pt x 156.585pt>
File: audioserver_8h__incl.pdf Graphic file (type pdf)
<use audioserver_8h__incl.pdf>
Package pdftex.def Info: audioserver_8h__incl.pdf  used on input line 12.
(pdftex.def)             Requested size: 350.0pt x 123.52875pt.
 <./audioserver_8h__dep__incl.pdf

pdfTeX warning: pdflatex (file ./audioserver_8h__dep__incl.pdf): PDF inclusion:
 multiple pdfs with page group included in a single page
>
<audioserver_8h__dep__incl.pdf, id=2202, 330.23375pt x 212.795pt>
File: audioserver_8h__dep__incl.pdf Graphic file (type pdf)
<use audioserver_8h__dep__incl.pdf>
Package pdftex.def Info: audioserver_8h__dep__incl.pdf  used on input line 20.
(pdftex.def)             Requested size: 329.0pt x 212.00868pt.
 [85]) (./audioserver_8h_source.tex [86]) (./camera_8h.tex <./camera_8h__incl.p
df

pdfTeX warning: pdflatex (file ./camera_8h__incl.pdf): PDF inclusion: multiple 
pdfs with page group included in a single page
>
<camera_8h__incl.pdf, id=2315, 533.995pt x 156.585pt>
File: camera_8h__incl.pdf Graphic file (type pdf)
<use camera_8h__incl.pdf>
Package pdftex.def Info: camera_8h__incl.pdf  used on input line 12.
(pdftex.def)             Requested size: 350.0pt x 102.6344pt.
 <./camera_8h__dep__incl.pdf

pdfTeX warning: pdflatex (file ./camera_8h__dep__incl.pdf): PDF inclusion: mult
iple pdfs with page group included in a single page
>
<camera_8h__dep__incl.pdf, id=2330, 380.42125pt x 269.005pt>
File: camera_8h__dep__incl.pdf Graphic file (type pdf)
<use camera_8h__dep__incl.pdf>
Package pdftex.def Info: camera_8h__dep__incl.pdf  used on input line 20.
(pdftex.def)             Requested size: 350.0pt x 247.49991pt.
 [87]) (./camera_8h_source.tex) (./config_8h.tex <./config_8h__incl.pdf>
<config_8h__incl.pdf, id=2385, 293.095pt x 212.795pt>
File: config_8h__incl.pdf Graphic file (type pdf)
<use config_8h__incl.pdf>
Package pdftex.def Info: config_8h__incl.pdf  used on input line 10.
(pdftex.def)             Requested size: 292.0pt x 211.99895pt.

[88] <./config_8h__dep__incl.pdf

pdfTeX warning: pdflatex (file ./config_8h__dep__incl.pdf): PDF inclusion: mult
iple pdfs with page group included in a single page
>
<config_8h__dep__incl.pdf, id=2455, 1374.13374pt x 325.215pt>
File: config_8h__dep__incl.pdf Graphic file (type pdf)
<use config_8h__dep__incl.pdf>
Package pdftex.def Info: config_8h__dep__incl.pdf  used on input line 18.
(pdftex.def)             Requested size: 350.0pt x 82.83195pt.
) (./config_8h_source.tex [89]) (./config__types_8h.tex <./config__types_8h__in
cl.pdf>
<config__types_8h__incl.pdf, id=2527, 205.76875pt x 156.585pt>
File: config__types_8h__incl.pdf Graphic file (type pdf)
<use config__types_8h__incl.pdf>
Package pdftex.def Info: config__types_8h__incl.pdf  used on input line 10.
(pdftex.def)             Requested size: 205.0pt x 156.00162pt.
 <./config__types_8h__dep__incl.pdf

pdfTeX warning: pdflatex (file ./config__types_8h__dep__incl.pdf): PDF inclusio
n: multiple pdfs with page group included in a single page
>
<config__types_8h__dep__incl.pdf, id=2542, 1414.28375pt x 381.425pt>
File: config__types_8h__dep__incl.pdf Graphic file (type pdf)
<use config__types_8h__dep__incl.pdf>
Package pdftex.def Info: config__types_8h__dep__incl.pdf  used on input line 18
.
(pdftex.def)             Requested size: 350.0pt x 94.38988pt.
 [90]) (./config__types_8h_source.tex) (./gui_8h.tex <./gui_8h__incl.pdf>
<gui_8h__incl.pdf, id=2630, 1155.31625pt x 269.005pt>
File: gui_8h__incl.pdf Graphic file (type pdf)
<use gui_8h__incl.pdf>
Package pdftex.def Info: gui_8h__incl.pdf  used on input line 20.
(pdftex.def)             Requested size: 350.0pt x 81.49432pt.

[91] <./gui_8h__dep__incl.pdf

pdfTeX warning: pdflatex (file ./gui_8h__dep__incl.pdf): PDF inclusion: multipl
e pdfs with page group included in a single page
>
<gui_8h__dep__incl.pdf, id=2677, 246.9225pt x 156.585pt>
File: gui_8h__dep__incl.pdf Graphic file (type pdf)
<use gui_8h__dep__incl.pdf>
Package pdftex.def Info: gui_8h__dep__incl.pdf  used on input line 28.
(pdftex.def)             Requested size: 246.0pt x 155.99922pt.
) (./gui_8h_source.tex [92]) (./audiohw_8h.tex <./audiohw_8h__incl.pdf>
<audiohw_8h__incl.pdf, id=2725, 202.7575pt x 156.585pt>
File: audiohw_8h__incl.pdf Graphic file (type pdf)
<use audiohw_8h__incl.pdf>
Package pdftex.def Info: audiohw_8h__incl.pdf  used on input line 10.
(pdftex.def)             Requested size: 202.0pt x 156.004pt.

[93] <./audiohw_8h__dep__incl.pdf

pdfTeX warning: pdflatex (file ./audiohw_8h__dep__incl.pdf): PDF inclusion: mul
tiple pdfs with page group included in a single page
>
<audiohw_8h__dep__incl.pdf, id=2811, 281.05pt x 156.585pt>
File: audiohw_8h__dep__incl.pdf Graphic file (type pdf)
<use audiohw_8h__dep__incl.pdf>
Package pdftex.def Info: audiohw_8h__dep__incl.pdf  used on input line 18.
(pdftex.def)             Requested size: 280.0pt x 156.00879pt.
 [94]) (./audiohw_8h_source.tex) (./camerahw_8h.tex <./camerahw_8h__incl.pdf>
<camerahw_8h__incl.pdf, id=2855, 212.795pt x 156.585pt>
File: camerahw_8h__incl.pdf Graphic file (type pdf)
<use camerahw_8h__incl.pdf>
Package pdftex.def Info: camerahw_8h__incl.pdf  used on input line 10.
(pdftex.def)             Requested size: 212.0pt x 156.00879pt.
 <./camerahw_8h__dep__incl.pdf

pdfTeX warning: pdflatex (file ./camerahw_8h__dep__incl.pdf): PDF inclusion: mu
ltiple pdfs with page group included in a single page
>
<camerahw_8h__dep__incl.pdf, id=2863, 291.0875pt x 156.585pt>
File: camerahw_8h__dep__incl.pdf Graphic file (type pdf)
<use camerahw_8h__dep__incl.pdf>
Package pdftex.def Info: camerahw_8h__dep__incl.pdf  used on input line 18.
(pdftex.def)             Requested size: 290.0pt x 156.01117pt.
 [95]
Underfull \hbox (badness 10000) detected at line 46
[][][]
 []

[96] [97]) (./camerahw_8h_source.tex) (./opencvfps_8h.tex <./opencvfps_8h__dep_
_incl.pdf

pdfTeX warning: pdflatex (file ./opencvfps_8h__dep__incl.pdf): PDF inclusion: m
ultiple pdfs with page group included in a single page
>
<opencvfps_8h__dep__incl.pdf, id=2942, 291.0875pt x 156.585pt>
File: opencvfps_8h__dep__incl.pdf Graphic file (type pdf)
<use opencvfps_8h__dep__incl.pdf>
Package pdftex.def Info: opencvfps_8h__dep__incl.pdf  used on input line 8.
(pdftex.def)             Requested size: 290.0pt x 156.01117pt.
 [98]

Package longtable Warning: Column widths have changed
(longtable)                in table 7.1 on input line 33.


Underfull \hbox (badness 10000) detected at line 34
[][][]
 []

) (./opencvfps_8h_source.tex) (./screenhw_8h.tex <./screenhw_8h__incl.pdf>
<screenhw_8h__incl.pdf, id=2978, 208.78pt x 156.585pt>
File: screenhw_8h__incl.pdf Graphic file (type pdf)
<use screenhw_8h__incl.pdf>
Package pdftex.def Info: screenhw_8h__incl.pdf  used on input line 10.
(pdftex.def)             Requested size: 208.0pt x 156.00879pt.
 <./screenhw_8h__dep__incl.pdf

pdfTeX warning: pdflatex (file ./screenhw_8h__dep__incl.pdf): PDF inclusion: mu
ltiple pdfs with page group included in a single page
>
<screenhw_8h__dep__incl.pdf, id=2986, 287.0725pt x 156.585pt>
File: screenhw_8h__dep__incl.pdf Graphic file (type pdf)
<use screenhw_8h__dep__incl.pdf>
Package pdftex.def Info: screenhw_8h__dep__incl.pdf  used on input line 18.
(pdftex.def)             Requested size: 286.0pt x 156.004pt.
 [99]
Underfull \hbox (badness 10000) detected at line 39
[][][]
 []

[100]) (./screenhw_8h_source.tex) (./iav_8h.tex <./iav_8h__incl.pdf>
<iav_8h__incl.pdf, id=3030, 1739.49875pt x 381.425pt>
File: iav_8h__incl.pdf Graphic file (type pdf)
<use iav_8h__incl.pdf>
Package pdftex.def Info: iav_8h__incl.pdf  used on input line 14.
(pdftex.def)             Requested size: 350.0pt x 76.74342pt.
 <./iav_8h__dep__incl.pdf

pdfTeX warning: pdflatex (file ./iav_8h__dep__incl.pdf): PDF inclusion: multipl
e pdfs with page group included in a single page
>
<iav_8h__dep__incl.pdf, id=3045, 246.9225pt x 156.585pt>
File: iav_8h__dep__incl.pdf Graphic file (type pdf)
<use iav_8h__dep__incl.pdf>
Package pdftex.def Info: iav_8h__dep__incl.pdf  used on input line 22.
(pdftex.def)             Requested size: 246.0pt x 155.99922pt.
 [101]) (./iav_8h_source.tex) (./paths_8h.tex <./paths_8h__incl.pdf>
<paths_8h__incl.pdf, id=3105, 210.7875pt x 156.585pt>
File: paths_8h__incl.pdf Graphic file (type pdf)
<use paths_8h__incl.pdf>
Package pdftex.def Info: paths_8h__incl.pdf  used on input line 10.
(pdftex.def)             Requested size: 210.0pt x 156.004pt.
 [102] <./paths_8h__dep__incl.pdf>
<paths_8h__dep__incl.pdf, id=3176, 413.545pt x 269.005pt>
File: paths_8h__dep__incl.pdf Graphic file (type pdf)
<use paths_8h__dep__incl.pdf>
Package pdftex.def Info: paths_8h__dep__incl.pdf  used on input line 18.
(pdftex.def)             Requested size: 350.0pt x 227.6743pt.
 [103]

Package longtable Warning: Column widths have changed
(longtable)                in table 7.2 on input line 57.


Underfull \hbox (badness 10000) detected at line 58
[][][]
 []


Underfull \hbox (badness 10000) detected at line 61
[][][]
 []


Underfull \hbox (badness 10000) detected at line 64
[][][]
 []

) (./paths_8h_source.tex) (./roi_8h.tex [104] <./roi_8h__incl.pdf

pdfTeX warning: pdflatex (file ./roi_8h__incl.pdf): PDF inclusion: multiple pdf
s with page group included in a single page
>
<roi_8h__incl.pdf, id=3244, 157.58875pt x 156.585pt>
File: roi_8h__incl.pdf Graphic file (type pdf)
<use roi_8h__incl.pdf>
Package pdftex.def Info: roi_8h__incl.pdf  used on input line 9.
(pdftex.def)             Requested size: 157.0pt x 156.00879pt.
 <./roi_8h__dep__incl.pdf

pdfTeX warning: pdflatex (file ./roi_8h__dep__incl.pdf): PDF inclusion: multipl
e pdfs with page group included in a single page
>
<roi_8h__dep__incl.pdf, id=3253, 434.62375pt x 156.585pt>
File: roi_8h__dep__incl.pdf Graphic file (type pdf)
<use roi_8h__dep__incl.pdf>
Package pdftex.def Info: roi_8h__dep__incl.pdf  used on input line 17.
(pdftex.def)             Requested size: 350.0pt x 126.10442pt.
) (./roi_8h_source.tex [105]) (./settings_8h.tex <./settings_8h__incl.pdf>
<settings_8h__incl.pdf, id=3290, 290.08376pt x 212.795pt>
File: settings_8h__incl.pdf Graphic file (type pdf)
<use settings_8h__incl.pdf>
Package pdftex.def Info: settings_8h__incl.pdf  used on input line 10.
(pdftex.def)             Requested size: 289.0pt x 212.01193pt.
 <./settings_8h__dep__incl.pdf

pdfTeX warning: pdflatex (file ./settings_8h__dep__incl.pdf): PDF inclusion: mu
ltiple pdfs with page group included in a single page
>
<settings_8h__dep__incl.pdf, id=3305, 413.545pt x 212.795pt>
File: settings_8h__dep__incl.pdf Graphic file (type pdf)
<use settings_8h__dep__incl.pdf>
Package pdftex.def Info: settings_8h__dep__incl.pdf  used on input line 18.
(pdftex.def)             Requested size: 350.0pt x 180.10056pt.
 [106]) (./settings_8h_source.tex) (./sine_8h.tex <./sine_8h__incl.pdf>
<sine_8h__incl.pdf, id=3362, 164.615pt x 156.585pt>
File: sine_8h__incl.pdf Graphic file (type pdf)
<use sine_8h__incl.pdf>
Package pdftex.def Info: sine_8h__incl.pdf  used on input line 9.
(pdftex.def)             Requested size: 164.0pt x 156.004pt.
 <./sine_8h__dep__incl.pdf

pdfTeX warning: pdflatex (file ./sine_8h__dep__incl.pdf): PDF inclusion: multip
le pdfs with page group included in a single page
>
<sine_8h__dep__incl.pdf, id=3370, 348.30125pt x 269.005pt>
File: sine_8h__dep__incl.pdf Graphic file (type pdf)
<use sine_8h__dep__incl.pdf>
Package pdftex.def Info: sine_8h__dep__incl.pdf  used on input line 17.
(pdftex.def)             Requested size: 347.0pt x 268.01099pt.
 [107]) (./sine_8h_source.tex) (./spectrogram_8h.tex <./spectrogram_8h__incl.pd
f>
<spectrogram_8h__incl.pdf, id=3438, 353.32pt x 269.005pt>
File: spectrogram_8h__incl.pdf Graphic file (type pdf)
<use spectrogram_8h__incl.pdf>
Package pdftex.def Info: spectrogram_8h__incl.pdf  used on input line 11.
(pdftex.def)             Requested size: 350.0pt x 266.47995pt.
 [108] <./spectrogram_8h__dep__incl.pdf>
<spectrogram_8h__dep__incl.pdf, id=3491, 404.51125pt x 269.005pt>
File: spectrogram_8h__dep__incl.pdf Graphic file (type pdf)
<use spectrogram_8h__dep__incl.pdf>
Package pdftex.def Info: spectrogram_8h__dep__incl.pdf  used on input line 19.
(pdftex.def)             Requested size: 350.0pt x 232.76pt.
 [109]) (./spectrogram_8h_source.tex) (./timer_8h.tex [110] <./timer_8h__incl.p
df

pdfTeX warning: pdflatex (file ./timer_8h__incl.pdf): PDF inclusion: multiple p
dfs with page group included in a single page
>
<timer_8h__incl.pdf, id=3596, 169.63374pt x 156.585pt>
File: timer_8h__incl.pdf Graphic file (type pdf)
<use timer_8h__incl.pdf>
Package pdftex.def Info: timer_8h__incl.pdf  used on input line 9.
(pdftex.def)             Requested size: 169.0pt x 156.0064pt.
 <./timer_8h__dep__incl.pdf

pdfTeX warning: pdflatex (file ./timer_8h__dep__incl.pdf): PDF inclusion: multi
ple pdfs with page group included in a single page
>
<timer_8h__dep__incl.pdf, id=3604, 419.5675pt x 325.215pt>
File: timer_8h__dep__incl.pdf Graphic file (type pdf)
<use timer_8h__dep__incl.pdf>
Package pdftex.def Info: timer_8h__dep__incl.pdf  used on input line 17.
(pdftex.def)             Requested size: 350.0pt x 271.29303pt.
 [111]) (./timer_8h_source.tex) (./tone_8h.tex <./tone_8h__incl.pdf>
<tone_8h__incl.pdf, id=3639, 166.6225pt x 156.585pt>
File: tone_8h__incl.pdf Graphic file (type pdf)
<use tone_8h__incl.pdf>
Package pdftex.def Info: tone_8h__incl.pdf  used on input line 9.
(pdftex.def)             Requested size: 166.0pt x 156.01117pt.
 <./tone_8h__dep__incl.pdf

pdfTeX warning: pdflatex (file ./tone_8h__dep__incl.pdf): PDF inclusion: multip
le pdfs with page group included in a single page
>
<tone_8h__dep__incl.pdf, id=3647, 588.1975pt x 269.005pt>
File: tone_8h__dep__incl.pdf Graphic file (type pdf)
<use tone_8h__dep__incl.pdf>
Package pdftex.def Info: tone_8h__dep__incl.pdf  used on input line 17.
(pdftex.def)             Requested size: 350.0pt x 160.0702pt.
 [112]) (./tone_8h_source.tex) (./trigger_8h.tex <./trigger_8h__incl.pdf>
<trigger_8h__incl.pdf, id=3704, 271.0125pt x 212.795pt>
File: trigger_8h__incl.pdf Graphic file (type pdf)
<use trigger_8h__incl.pdf>
Package pdftex.def Info: trigger_8h__incl.pdf  used on input line 10.
(pdftex.def)             Requested size: 270.0pt x 212.00868pt.

[113] <./trigger_8h__dep__incl.pdf>
<trigger_8h__dep__incl.pdf, id=3738, 374.39874pt x 269.005pt>
File: trigger_8h__dep__incl.pdf Graphic file (type pdf)
<use trigger_8h__dep__incl.pdf>
Package pdftex.def Info: trigger_8h__dep__incl.pdf  used on input line 18.
(pdftex.def)             Requested size: 350.0pt x 251.48965pt.
 [114]) (./trigger_8h_source.tex)
(./videotracker_8h.tex <./videotracker_8h__incl.pdf>
<videotracker_8h__incl.pdf, id=3780, 360.34625pt x 269.005pt>
File: videotracker_8h__incl.pdf Graphic file (type pdf)
<use videotracker_8h__incl.pdf>
Package pdftex.def Info: videotracker_8h__incl.pdf  used on input line 10.
(pdftex.def)             Requested size: 350.0pt x 261.27931pt.
 [115] <./videotracker_8h__dep__incl.pdf

pdfTeX warning: pdflatex (file ./videotracker_8h__dep__incl.pdf): PDF inclusion
: multiple pdfs with page group included in a single page
>
<videotracker_8h__dep__incl.pdf, id=3837, 402.50375pt x 269.005pt>
File: videotracker_8h__dep__incl.pdf Graphic file (type pdf)
<use videotracker_8h__dep__incl.pdf>
Package pdftex.def Info: videotracker_8h__dep__incl.pdf  used on input line 18.

(pdftex.def)             Requested size: 350.0pt x 233.9134pt.
) (./videotracker_8h_source.tex [116]) (./visualizer_8h.tex <./visualizer_8h__i
ncl.pdf>
<visualizer_8h__incl.pdf, id=3866, 997.7275pt x 325.215pt>
File: visualizer_8h__incl.pdf Graphic file (type pdf)
<use visualizer_8h__incl.pdf>
Package pdftex.def Info: visualizer_8h__incl.pdf  used on input line 15.
(pdftex.def)             Requested size: 350.0pt x 114.08499pt.
 <./visualizer_8h__dep__incl.pdf

pdfTeX warning: pdflatex (file ./visualizer_8h__dep__incl.pdf): PDF inclusion: 
multiple pdfs with page group included in a single page
>
<visualizer_8h__dep__incl.pdf, id=3881, 320.19624pt x 212.795pt>
File: visualizer_8h__dep__incl.pdf Graphic file (type pdf)
<use visualizer_8h__dep__incl.pdf>
Package pdftex.def Info: visualizer_8h__dep__incl.pdf  used on input line 23.
(pdftex.def)             Requested size: 319.0pt x 212.0022pt.
 [117]) (./visualizer_8h_source.tex [118]) (./waveform_8h.tex <./waveform_8h__i
ncl.pdf>
<waveform_8h__incl.pdf, id=4011, 383.4325pt x 269.005pt>
File: waveform_8h__incl.pdf Graphic file (type pdf)
<use waveform_8h__incl.pdf>
Package pdftex.def Info: waveform_8h__incl.pdf  used on input line 11.
(pdftex.def)             Requested size: 350.0pt x 245.5625pt.
 <./waveform_8h__dep__incl.pdf

pdfTeX warning: pdflatex (file ./waveform_8h__dep__incl.pdf): PDF inclusion: mu
ltiple pdfs with page group included in a single page
>
<waveform_8h__dep__incl.pdf, id=4026, 392.46625pt x 269.005pt>
File: waveform_8h__dep__incl.pdf Graphic file (type pdf)
<use waveform_8h__dep__incl.pdf>
Package pdftex.def Info: waveform_8h__dep__incl.pdf  used on input line 19.
(pdftex.def)             Requested size: 350.0pt x 239.91446pt.
 [119]) (./waveform_8h_source.tex [120]) (./README_8md.tex) (./audio_8cpp.tex <
./audio_8cpp__incl.pdf>
<audio_8cpp__incl.pdf, id=4138, 822.07124pt x 269.005pt>
File: audio_8cpp__incl.pdf Graphic file (type pdf)
<use audio_8cpp__incl.pdf>
Package pdftex.def Info: audio_8cpp__incl.pdf  used on input line 15.
(pdftex.def)             Requested size: 350.0pt x 114.52878pt.
) (./audio_8cpp_source.tex [121] [122] [123])
(./audiolizer_8cpp.tex <./audiolizer_8cpp__incl.pdf

pdfTeX warning: pdflatex (file ./audiolizer_8cpp__incl.pdf): PDF inclusion: mul
tiple pdfs with page group included in a single page
>
<audiolizer_8cpp__incl.pdf, id=4368, 467.7475pt x 269.005pt>
File: audiolizer_8cpp__incl.pdf Graphic file (type pdf)
<use audiolizer_8cpp__incl.pdf>
Package pdftex.def Info: audiolizer_8cpp__incl.pdf  used on input line 13.
(pdftex.def)             Requested size: 350.0pt x 201.29762pt.
) (./audiolizer_8cpp_source.tex [124]
LaTeX Font Info:    Trying to load font information for TS1+pcr on input line 7
4.

(/usr/share/texlive/texmf-dist/tex/latex/psnfss/ts1pcr.fd
File: ts1pcr.fd 2001/06/04 font definitions for TS1/pcr.
)

! LaTeX Error: Unicode character  (U+2212)
               not set up for use with LaTeX.

See the LaTeX manual or LaTeX Companion for explanation.
Type  H <return>  for immediate help.
 ...                                              
                                                  
l.74 ...tage=0.1+(sample(0.70.1)/maxVal)}}
                                                  
? 
! Interruption.
\GenericError  ...                                
                                                  \endgroup 
l.74 ...tage=0.1+(sample(0.70.1)/maxVal)}}
                                                  
? 

! LaTeX Error: Unicode character  (U+200B)
               not set up for use with LaTeX.

See the LaTeX manual or LaTeX Companion for explanation.
Type  H <return>  for immediate help.
 ...                                              
                                                  
l.74 ...tage=0.1+(sample(0.70.1)/maxVal)}}
                                                  
? 

! LaTeX Error: Unicode character  (U+2212)
               not set up for use with LaTeX.

See the LaTeX manual or LaTeX Companion for explanation.
Type  H <return>  for immediate help.
 ...                                              
                                                  
l.76 ...=1.0 -\/ (sample(1.00.1)/maxVal)}}
                                                  
? 

! LaTeX Error: Unicode character  (U+200B)
               not set up for use with LaTeX.

See the LaTeX manual or LaTeX Companion for explanation.
Type  H <return>  for immediate help.
 ...                                              
                                                  
l.76 ...=1.0 -\/ (sample(1.00.1)/maxVal)}}
                                                  
? 
! Interruption.
\GenericError  ...                                
                                                  \endgroup 
l.76 ...=1.0 -\/ (sample(1.00.1)/maxVal)}}
                                                  
? 
[125]) (./audioserver_8cpp.tex <./audioserver_8cpp__incl.pdf

pdfTeX warning: pdflatex (file ./audioserver_8cpp__incl.pdf): PDF inclusion: mu
ltiple pdfs with page group included in a single page
>
<audioserver_8cpp__incl.pdf, id=4531, 932.48375pt x 269.005pt>
File: audioserver_8cpp__incl.pdf Graphic file (type pdf)
<use audioserver_8cpp__incl.pdf>
Package pdftex.def Info: audioserver_8cpp__incl.pdf  used on input line 16.
(pdftex.def)             Requested size: 350.0pt x 100.96692pt.
) (./audioserver_8cpp_source.tex [126] [127] [128]) (./camera_8cpp.tex <./camer
a_8cpp__incl.pdf

pdfTeX warning: pdflatex (file ./camera_8cpp__incl.pdf): PDF inclusion: multipl
e pdfs with page group included in a single page
>
<camera_8cpp__incl.pdf, id=4774, 760.8425pt x 269.005pt>
File: camera_8cpp__incl.pdf Graphic file (type pdf)
<use camera_8cpp__incl.pdf>
Package pdftex.def Info: camera_8cpp__incl.pdf  used on input line 12.
(pdftex.def)             Requested size: 350.0pt x 123.7479pt.
) (./camera_8cpp_source.tex [129]) (./config_8cpp.tex <./config_8cpp__incl.pdf>
<config_8cpp__incl.pdf, id=4859, 358.33875pt x 269.005pt>
File: config_8cpp__incl.pdf Graphic file (type pdf)
<use config_8cpp__incl.pdf>
Package pdftex.def Info: config_8cpp__incl.pdf  used on input line 11.
(pdftex.def)             Requested size: 350.0pt x 262.76111pt.
) (./config_8cpp_source.tex [130] [131]) (./gui_8cpp.tex <./gui_8cpp__incl.pdf

pdfTeX warning: pdflatex (file ./gui_8cpp__incl.pdf): PDF inclusion: multiple p
dfs with page group included in a single page
>
<gui_8cpp__incl.pdf, id=5099, 1543.7675pt x 325.215pt>
File: gui_8cpp__incl.pdf Graphic file (type pdf)
<use gui_8cpp__incl.pdf>
Package pdftex.def Info: gui_8cpp__incl.pdf  used on input line 15.
(pdftex.def)             Requested size: 350.0pt x 73.73096pt.
) (./gui_8cpp_source.tex [132]

! LaTeX Error: Unicode character  (U+2248)
               not set up for use with LaTeX.

See the LaTeX manual or LaTeX Companion for explanation.
Type  H <return>  for immediate help.
 ...                                              
                                                  
l.82 ...ardware capability"{}}, Qt::ToolTipRole);}
                                                  
? 

! LaTeX Error: Unicode character  (U+2248)
               not set up for use with LaTeX.

See the LaTeX manual or LaTeX Companion for explanation.
Type  H <return>  for immediate help.
 ...                                              
                                                  
l.83 ...ardware capability"{}}, Qt::ToolTipRole);}
                                                  
? 
[133] [134] [135]
Overfull \hbox (73.9555pt too wide) in paragraph at lines 292--292
\T1/pcr/m/n/7 (sampleRates[QString::fromStdString(settings[[]"audioDevice"[]])]
.contains(QString::fromStdString(settings[[]"sampleRate"[]]))){  
 []


Overfull \hbox (128.55547pt too wide) in paragraph at lines 298--298
\T1/pcr/m/n/7 (cameraResolutions[QString::fromStdString(settings[[]"cameraDevic
e"[]])].contains(QString::fromStdString(settings[[]"cameraResolution"[]]))){  
 []

[136]) (./audiohw_8cpp.tex <./audiohw_8cpp__incl.pdf

pdfTeX warning: pdflatex (file ./audiohw_8cpp__incl.pdf): PDF inclusion: multip
le pdfs with page group included in a single page
>
<audiohw_8cpp__incl.pdf, id=5535, 423.5825pt x 212.795pt>
File: audiohw_8cpp__incl.pdf Graphic file (type pdf)
<use audiohw_8cpp__incl.pdf>
Package pdftex.def Info: audiohw_8cpp__incl.pdf  used on input line 12.
(pdftex.def)             Requested size: 350.0pt x 175.83401pt.
) (./audiohw_8cpp_source.tex [137] [138]) (./camerahw_8cpp.tex <./camerahw_8cpp
__incl.pdf

pdfTeX warning: pdflatex (file ./camerahw_8cpp__incl.pdf): PDF inclusion: multi
ple pdfs with page group included in a single page
>
<camerahw_8cpp__incl.pdf, id=5694, 785.93625pt x 212.795pt>
File: camerahw_8cpp__incl.pdf Graphic file (type pdf)
<use camerahw_8cpp__incl.pdf>
Package pdftex.def Info: camerahw_8cpp__incl.pdf  used on input line 16.
(pdftex.def)             Requested size: 350.0pt x 94.76653pt.
 [139]
Underfull \hbox (badness 10000) detected at line 39
[][][]
 []

[140]) (./camerahw_8cpp_source.tex [141] [142]) (./opencvfps_8cpp.tex <./opencv
fps_8cpp__incl.pdf

pdfTeX warning: pdflatex (file ./opencvfps_8cpp__incl.pdf): PDF inclusion: mult
iple pdfs with page group included in a single page
>
<opencvfps_8cpp__incl.pdf, id=5914, 309.155pt x 156.585pt>
File: opencvfps_8cpp__incl.pdf Graphic file (type pdf)
<use opencvfps_8cpp__incl.pdf>
Package pdftex.def Info: opencvfps_8cpp__incl.pdf  used on input line 10.
(pdftex.def)             Requested size: 308.0pt x 156.01357pt.
 [143]

Package longtable Warning: Column widths have changed
(longtable)                in table 7.3 on input line 35.


Underfull \hbox (badness 10000) detected at line 36
[][][]
 []

) (./opencvfps_8cpp_source.tex) (./screenhw_8cpp.tex <./screenhw_8cpp__incl.pdf
>
<screenhw_8cpp__incl.pdf, id=5960, 663.47874pt x 212.795pt>
File: screenhw_8cpp__incl.pdf Graphic file (type pdf)
<use screenhw_8cpp__incl.pdf>
Package pdftex.def Info: screenhw_8cpp__incl.pdf  used on input line 14.
(pdftex.def)             Requested size: 350.0pt x 112.25479pt.
 [144]
Underfull \hbox (badness 10000) detected at line 35
[][][]
 []

) (./screenhw_8cpp_source.tex [145]) (./iav_8cpp.tex <./iav_8cpp__incl.pdf

pdfTeX warning: pdflatex (file ./iav_8cpp__incl.pdf): PDF inclusion: multiple p
dfs with page group included in a single page
>
<iav_8cpp__incl.pdf, id=6003, 1739.49875pt x 437.635pt>
File: iav_8cpp__incl.pdf Graphic file (type pdf)
<use iav_8cpp__incl.pdf>
Package pdftex.def Info: iav_8cpp__incl.pdf  used on input line 9.
(pdftex.def)             Requested size: 350.0pt x 88.05298pt.
) (./iav_8cpp_source.tex [146]
Overfull \hbox (61.35551pt too wide) in paragraph at lines 11--11
\T1/pcr/m/n/7 audiolizer.[](std::bind(&[],&audioStream,std::placeholders::_1,st
d::placeholders::_2));  
 []

) (./main_8cpp.tex <./main_8cpp__incl.pdf>
<main_8cpp__incl.pdf, id=6098, 2731.20375pt x 437.635pt>
File: main_8cpp__incl.pdf Graphic file (type pdf)
<use main_8cpp__incl.pdf>
Package pdftex.def Info: main_8cpp__incl.pdf  used on input line 10.
(pdftex.def)             Requested size: 350.0pt x 56.07985pt.

Underfull \hbox (badness 10000) detected at line 21
[][][]
 []


Underfull \hbox (badness 10000) detected at line 24
[][][]
 []

[147]

Package longtable Warning: Column widths have changed
(longtable)                in table 7.4 on input line 51.


Underfull \hbox (badness 10000) detected at line 52
[][][]
 []

) (./main_8cpp_source.tex) (./settings_8cpp.tex <./settings_8cpp__incl.pdf>
<settings_8cpp__incl.pdf, id=6171, 381.425pt x 269.005pt>
File: settings_8cpp__incl.pdf Graphic file (type pdf)
<use settings_8cpp__incl.pdf>
Package pdftex.def Info: settings_8cpp__incl.pdf  used on input line 11.
(pdftex.def)             Requested size: 350.0pt x 246.85136pt.

[148]) (./settings_8cpp_source.tex [149]) (./sine_8cpp.tex <./sine_8cpp__incl.p
df>
<sine_8cpp__incl.pdf, id=6262, 464.73625pt x 269.005pt>
File: sine_8cpp__incl.pdf Graphic file (type pdf)
<use sine_8cpp__incl.pdf>
Package pdftex.def Info: sine_8cpp__incl.pdf  used on input line 12.
(pdftex.def)             Requested size: 350.0pt x 202.5988pt.
 [150]) (./sine_8cpp_source.tex [151]) (./spectrogram_8cpp.tex <./spectrogram_8
cpp__incl.pdf>
<spectrogram_8cpp__incl.pdf, id=6407, 439.6425pt x 325.215pt>
File: spectrogram_8cpp__incl.pdf Graphic file (type pdf)
<use spectrogram_8cpp__incl.pdf>
Package pdftex.def Info: spectrogram_8cpp__incl.pdf  used on input line 11.
(pdftex.def)             Requested size: 350.0pt x 258.91191pt.
) (./spectrogram_8cpp_source.tex [152] [153])
(./timer_8cpp.tex <./timer_8cpp__incl.pdf>
<timer_8cpp__incl.pdf, id=6529, 210.7875pt x 212.795pt>
File: timer_8cpp__incl.pdf Graphic file (type pdf)
<use timer_8cpp__incl.pdf>
Package pdftex.def Info: timer_8cpp__incl.pdf  used on input line 10.
(pdftex.def)             Requested size: 210.0pt x 212.00543pt.
) (./timer_8cpp_source.tex [154])
(./trigger_8cpp.tex <./trigger_8cpp__incl.pdf

pdfTeX warning: pdflatex (file ./trigger_8cpp__incl.pdf): PDF inclusion: multip
le pdfs with page group included in a single page
>
<trigger_8cpp__incl.pdf, id=6621, 348.30125pt x 269.005pt>
File: trigger_8cpp__incl.pdf Graphic file (type pdf)
<use trigger_8cpp__incl.pdf>
Package pdftex.def Info: trigger_8cpp__incl.pdf  used on input line 10.
(pdftex.def)             Requested size: 347.0pt x 268.01099pt.
 [155]) (./trigger_8cpp_source.tex [156]) (./videotracker_8cpp.tex <./videotrac
ker_8cpp__incl.pdf>
<videotracker_8cpp__incl.pdf, id=6743, 346.29375pt x 325.215pt>
File: videotracker_8cpp__incl.pdf Graphic file (type pdf)
<use videotracker_8cpp__incl.pdf>
Package pdftex.def Info: videotracker_8cpp__incl.pdf  used on input line 10.
(pdftex.def)             Requested size: 345.0pt x 324.00833pt.
) (./videotracker_8cpp_source.tex [157])
(./visualizer_8cpp.tex <./visualizer_8cpp__incl.pdf>
<visualizer_8cpp__incl.pdf, id=6809, 1124.2pt x 381.425pt>
File: visualizer_8cpp__incl.pdf Graphic file (type pdf)
<use visualizer_8cpp__incl.pdf>
Package pdftex.def Info: visualizer_8cpp__incl.pdf  used on input line 13.
(pdftex.def)             Requested size: 350.0pt x 118.74687pt.
)
(./visualizer_8cpp_source.tex [158]

! LaTeX Error: Unicode character  (U+03C0)
               not set up for use with LaTeX.

See the LaTeX manual or LaTeX Companion for explanation.
Type  H <return>  for immediate help.
 ...                                              
                                                  
l.75 ...btracted by the circle area r\string^2}}
                                                  
? 
[159] [160] [161] [162] [163]) (./waveform_8cpp.tex <./waveform_8cpp__incl.pdf

pdfTeX warning: pdflatex (file ./waveform_8cpp__incl.pdf): PDF inclusion: multi
ple pdfs with page group included in a single page
>
<waveform_8cpp__incl.pdf, id=7387, 483.8075pt x 325.215pt>
File: waveform_8cpp__incl.pdf Graphic file (type pdf)
<use waveform_8cpp__incl.pdf>
Package pdftex.def Info: waveform_8cpp__incl.pdf  used on input line 11.
(pdftex.def)             Requested size: 350.0pt x 235.28108pt.
) (./waveform_8cpp_source.tex [164]) [165] [166

]
No file refman.ind.

Package longtable Warning: Table widths have changed. Rerun LaTeX.

(./refman.aux)

LaTeX Warning: There were undefined references.


LaTeX Warning: Label(s) may have changed. Rerun to get cross-references right.


Package rerunfilecheck Warning: File `refman.out' has changed.
(rerunfilecheck)                Rerun to get outlines right
(rerunfilecheck)                or use package `bookmark'.

Package rerunfilecheck Info: Checksums for `refman.out':
(rerunfilecheck)             Before: <no file>
(rerunfilecheck)             After:  12945EC04ABA7F0B4C387C790ECCE993;74436.
 ) 
Here is how much of TeX's memory you used:
 23393 strings out of 478051
 426652 string characters out of 5840943
 1877330 words of memory out of 5000000
 38786 multiletter control sequences out of 15000+600000
 574014 words of font info for 107 fonts, out of 8000000 for 9000
 14 hyphenation exceptions out of 8191
 101i,16n,117p,687b,741s stack positions out of 10000i,1000n,20000p,200000b,200000s
{/usr/share/texlive/texmf-dist/fonts/enc/dvips/base/8r.enc}</usr/share/texliv
e/texmf-dist/fonts/type1/public/amsfonts/cm/cmmi10.pfb></usr/share/texlive/texm
f-dist/fonts/type1/public/amsfonts/cm/cmmi7.pfb></usr/share/texlive/texmf-dist/
fonts/type1/public/amsfonts/cm/cmmi8.pfb></usr/share/texlive/texmf-dist/fonts/t
ype1/public/amsfonts/cm/cmsy10.pfb></usr/share/texlive/texmf-dist/fonts/type1/p
ublic/amsfonts/cm/cmsy7.pfb></usr/share/texlive/texmf-dist/fonts/type1/public/a
msfonts/cm/cmsy8.pfb></usr/share/texlive/texmf-dist/fonts/type1/urw/courier/ucr
b8a.pfb></usr/share/texlive/texmf-dist/fonts/type1/urw/courier/ucrr8a.pfb></usr
/share/texlive/texmf-dist/fonts/type1/urw/courier/ucrro8a.pfb></usr/share/texli
ve/texmf-dist/fonts/type1/urw/helvetic/uhvb8a.pfb></usr/share/texlive/texmf-dis
t/fonts/type1/urw/helvetic/uhvb8ac.pfb></usr/share/texlive/texmf-dist/fonts/typ
e1/urw/helvetic/uhvr8a.pfb></usr/share/texlive/texmf-dist/fonts/type1/urw/helve
tic/uhvro8a.pfb>
Output written on refman.pdf (168 pages, 1125595 bytes).
PDF statistics:
 8456 PDF objects out of 8907 (max. 8388607)
 7883 compressed objects within 79 object streams
 4170 named destinations out of 4296 (max. 500000)
 331 words of extra memory for PDF output out of 10000 (max. 10000000)

