\BOOKMARK [0][-]{chapter.1}{\376\377\0001\000\040\000I\000n\000t\000e\000r\000a\000c\000t\000i\000v\000e\000\040\000A\000u\000d\000i\000o\000\040\000V\000i\000s\000u\000a\000l\000i\000z\000e\000r}{}% 1
\BOOKMARK [1][-]{subsection.1.0.1}{\376\377\0001\000.\0000\000.\0001\000\040\000D\000e\000s\000c\000r\000i\000p\000t\000i\000o\000n}{chapter.1}% 2
\BOOKMARK [2][-]{subsection.1.0.2}{\376\377\0001\000.\0000\000.\0002\000\040\000V\000i\000d\000e\000o\000\040\000D\000e\000m\000o}{subsection.1.0.1}% 3
\BOOKMARK [2][-]{subsection.1.0.3}{\376\377\0001\000.\0000\000.\0003\000\040\000C\000o\000n\000t\000e\000n\000t\000s\000\040\000\050\000w\000i\000l\000l\000\040\000b\000e\000\040\000u\000p\000d\000a\000t\000e\000d\000\040\000s\000o\000o\000n\000\051}{subsection.1.0.1}% 4
\BOOKMARK [3][-]{subsubsection.1.0.3.1}{\376\377\0001\000.\0000\000.\0003\000.\0001\000\040\000L\000i\000b\000r\000a\000r\000i\000e\000s}{subsection.1.0.3}% 5
\BOOKMARK [2][-]{subsection.1.0.4}{\376\377\0001\000.\0000\000.\0004\000\040\000D\000e\000p\000e\000n\000d\000e\000n\000c\000i\000e\000s}{subsection.1.0.1}% 6
\BOOKMARK [2][-]{subsection.1.0.5}{\376\377\0001\000.\0000\000.\0005\000\040\000C\000o\000m\000p\000i\000l\000a\000t\000i\000o\000n\000\040\000i\000n\000s\000t\000r\000u\000c\000t\000i\000o\000n\000s}{subsection.1.0.1}% 7
\BOOKMARK [2][-]{subsection.1.0.6}{\376\377\0001\000.\0000\000.\0006\000\040\000F\000u\000t\000u\000r\000e\000\040\000s\000t\000e\000p\000s\000\040\000i\000n\000v\000o\000l\000v\000e\000\040\000t\000h\000e\000\040\000d\000e\000v\000e\000l\000o\000p\000m\000e\000n\000t\000\040\000o\000f\000\040\000t\000h\000e\000\040\000f\000o\000l\000l\000o\000w\000i\000n\000g\000\040\000a\000d\000d\000i\000t\000i\000o\000n\000a\000l\000\040\000f\000e\000a\000t\000u\000r\000e\000s\000:}{subsection.1.0.1}% 8
\BOOKMARK [0][-]{chapter.2}{\376\377\0002\000\040\000N\000a\000m\000e\000s\000p\000a\000c\000e\000\040\000I\000n\000d\000e\000x}{}% 9
\BOOKMARK [1][-]{section.2.1}{\376\377\0002\000.\0001\000\040\000N\000a\000m\000e\000s\000p\000a\000c\000e\000\040\000L\000i\000s\000t}{chapter.2}% 10
\BOOKMARK [0][-]{chapter.3}{\376\377\0003\000\040\000C\000l\000a\000s\000s\000\040\000I\000n\000d\000e\000x}{}% 11
\BOOKMARK [1][-]{section.3.1}{\376\377\0003\000.\0001\000\040\000C\000l\000a\000s\000s\000\040\000L\000i\000s\000t}{chapter.3}% 12
\BOOKMARK [0][-]{chapter.4}{\376\377\0004\000\040\000F\000i\000l\000e\000\040\000I\000n\000d\000e\000x}{}% 13
\BOOKMARK [1][-]{section.4.1}{\376\377\0004\000.\0001\000\040\000F\000i\000l\000e\000\040\000L\000i\000s\000t}{chapter.4}% 14
\BOOKMARK [0][-]{chapter.5}{\376\377\0005\000\040\000N\000a\000m\000e\000s\000p\000a\000c\000e\000\040\000D\000o\000c\000u\000m\000e\000n\000t\000a\000t\000i\000o\000n}{}% 15
\BOOKMARK [1][-]{section.5.1}{\376\377\0005\000.\0001\000\040\000A\000u\000d\000i\000o\000H\000a\000r\000d\000w\000a\000r\000e\000\040\000N\000a\000m\000e\000s\000p\000a\000c\000e\000\040\000R\000e\000f\000e\000r\000e\000n\000c\000e}{chapter.5}% 16
\BOOKMARK [2][-]{subsection.5.1.1}{\376\377\0005\000.\0001\000.\0001\000\040\000D\000e\000t\000a\000i\000l\000e\000d\000\040\000D\000e\000s\000c\000r\000i\000p\000t\000i\000o\000n}{section.5.1}% 17
\BOOKMARK [2][-]{subsection.5.1.2}{\376\377\0005\000.\0001\000.\0002\000\040\000F\000u\000n\000c\000t\000i\000o\000n\000\040\000D\000o\000c\000u\000m\000e\000n\000t\000a\000t\000i\000o\000n}{section.5.1}% 18
\BOOKMARK [3][-]{subsubsection.5.1.2.1}{\376\377\0005\000.\0001\000.\0002\000.\0001\000\040\000g\000e\000t\000\137\000a\000u\000d\000i\000o\000\137\000d\000e\000v\000i\000c\000e\000\137\000i\000n\000f\000o\000\050\000\051}{subsection.5.1.2}% 19
\BOOKMARK [3][-]{subsubsection.5.1.2.2}{\376\377\0005\000.\0001\000.\0002\000.\0002\000\040\000g\000e\000t\000\137\000a\000u\000d\000i\000o\000\137\000h\000a\000r\000d\000w\000a\000r\000e\000\137\000i\000n\000f\000o\000\050\000\051}{subsection.5.1.2}% 20
\BOOKMARK [3][-]{subsubsection.5.1.2.3}{\376\377\0005\000.\0001\000.\0002\000.\0003\000\040\000s\000u\000p\000p\000o\000r\000t\000e\000d\000R\000a\000t\000e\000s\000\050\000\051}{subsection.5.1.2}% 21
\BOOKMARK [2][-]{subsection.5.1.3}{\376\377\0005\000.\0001\000.\0003\000\040\000V\000a\000r\000i\000a\000b\000l\000e\000\040\000D\000o\000c\000u\000m\000e\000n\000t\000a\000t\000i\000o\000n}{section.5.1}% 22
\BOOKMARK [3][-]{subsubsection.5.1.3.1}{\376\377\0005\000.\0001\000.\0003\000.\0001\000\040\000M\000A\000X\000\137\000P\000O\000T\000E\000N\000T\000I\000A\000L\000\137\000A\000U\000D\000I\000O\000\137\000D\000E\000V\000I\000C\000E\000S}{subsection.5.1.3}% 23
\BOOKMARK [3][-]{subsubsection.5.1.3.2}{\376\377\0005\000.\0001\000.\0003\000.\0002\000\040\000q\000u\000a\000n\000t\000i\000z\000a\000t\000i\000o\000n\000R\000a\000t\000i\000o}{subsection.5.1.3}% 24
\BOOKMARK [1][-]{section.5.2}{\376\377\0005\000.\0002\000\040\000P\000a\000t\000h\000s\000\040\000N\000a\000m\000e\000s\000p\000a\000c\000e\000\040\000R\000e\000f\000e\000r\000e\000n\000c\000e}{chapter.5}% 25
\BOOKMARK [2][-]{subsection.5.2.1}{\376\377\0005\000.\0002\000.\0001\000\040\000D\000e\000t\000a\000i\000l\000e\000d\000\040\000D\000e\000s\000c\000r\000i\000p\000t\000i\000o\000n}{section.5.2}% 26
\BOOKMARK [2][-]{subsection.5.2.2}{\376\377\0005\000.\0002\000.\0002\000\040\000V\000a\000r\000i\000a\000b\000l\000e\000\040\000D\000o\000c\000u\000m\000e\000n\000t\000a\000t\000i\000o\000n}{section.5.2}% 27
\BOOKMARK [3][-]{subsubsection.5.2.2.1}{\376\377\0005\000.\0002\000.\0002\000.\0001\000\040\000d\000a\000t\000a\000b\000a\000s\000e\000P\000a\000t\000h}{subsection.5.2.2}% 28
\BOOKMARK [1][-]{section.5.3}{\376\377\0005\000.\0003\000\040\000P\000a\000t\000h\000s\000T\000e\000s\000t\000\040\000N\000a\000m\000e\000s\000p\000a\000c\000e\000\040\000R\000e\000f\000e\000r\000e\000n\000c\000e}{chapter.5}% 29
\BOOKMARK [2][-]{subsection.5.3.1}{\376\377\0005\000.\0003\000.\0001\000\040\000D\000e\000t\000a\000i\000l\000e\000d\000\040\000D\000e\000s\000c\000r\000i\000p\000t\000i\000o\000n}{section.5.3}% 30
\BOOKMARK [2][-]{subsection.5.3.2}{\376\377\0005\000.\0003\000.\0002\000\040\000V\000a\000r\000i\000a\000b\000l\000e\000\040\000D\000o\000c\000u\000m\000e\000n\000t\000a\000t\000i\000o\000n}{section.5.3}% 31
\BOOKMARK [3][-]{subsubsection.5.3.2.1}{\376\377\0005\000.\0003\000.\0002\000.\0001\000\040\000d\000a\000t\000a\000b\000a\000s\000e\000P\000a\000t\000h}{subsection.5.3.2}% 32
\BOOKMARK [0][-]{chapter.6}{\376\377\0006\000\040\000C\000l\000a\000s\000s\000\040\000D\000o\000c\000u\000m\000e\000n\000t\000a\000t\000i\000o\000n}{}% 33
\BOOKMARK [1][-]{section.6.1}{\376\377\0006\000.\0001\000\040\000A\000u\000d\000i\000o\000C\000o\000n\000f\000i\000g\000\040\000S\000t\000r\000u\000c\000t\000\040\000R\000e\000f\000e\000r\000e\000n\000c\000e}{chapter.6}% 34
\BOOKMARK [2][-]{subsection.6.1.1}{\376\377\0006\000.\0001\000.\0001\000\040\000D\000e\000t\000a\000i\000l\000e\000d\000\040\000D\000e\000s\000c\000r\000i\000p\000t\000i\000o\000n}{section.6.1}% 35
\BOOKMARK [2][-]{subsection.6.1.2}{\376\377\0006\000.\0001\000.\0002\000\040\000M\000e\000m\000b\000e\000r\000\040\000D\000a\000t\000a\000\040\000D\000o\000c\000u\000m\000e\000n\000t\000a\000t\000i\000o\000n}{section.6.1}% 36
\BOOKMARK [3][-]{subsubsection.6.1.2.1}{\376\377\0006\000.\0001\000.\0002\000.\0001\000\040\000a\000u\000d\000i\000o\000D\000e\000v\000i\000c\000e}{subsection.6.1.2}% 37
\BOOKMARK [3][-]{subsubsection.6.1.2.2}{\376\377\0006\000.\0001\000.\0002\000.\0002\000\040\000b\000u\000f\000f\000e\000r\000S\000i\000z\000e}{subsection.6.1.2}% 38
\BOOKMARK [3][-]{subsubsection.6.1.2.3}{\376\377\0006\000.\0001\000.\0002\000.\0003\000\040\000n\000u\000m\000C\000h\000a\000n\000n\000e\000l\000s}{subsection.6.1.2}% 39
\BOOKMARK [3][-]{subsubsection.6.1.2.4}{\376\377\0006\000.\0001\000.\0002\000.\0004\000\040\000q\000u\000a\000n\000t\000i\000z\000a\000t\000i\000o\000n}{subsection.6.1.2}% 40
\BOOKMARK [3][-]{subsubsection.6.1.2.5}{\376\377\0006\000.\0001\000.\0002\000.\0005\000\040\000s\000a\000m\000p\000l\000e\000R\000a\000t\000e}{subsection.6.1.2}% 41
\BOOKMARK [1][-]{section.6.2}{\376\377\0006\000.\0002\000\040\000A\000u\000d\000i\000o\000l\000i\000z\000e\000r\000\040\000C\000l\000a\000s\000s\000\040\000R\000e\000f\000e\000r\000e\000n\000c\000e}{chapter.6}% 42
\BOOKMARK [2][-]{subsection.6.2.1}{\376\377\0006\000.\0002\000.\0001\000\040\000D\000e\000t\000a\000i\000l\000e\000d\000\040\000D\000e\000s\000c\000r\000i\000p\000t\000i\000o\000n}{section.6.2}% 43
\BOOKMARK [2][-]{subsection.6.2.2}{\376\377\0006\000.\0002\000.\0002\000\040\000C\000o\000n\000s\000t\000r\000u\000c\000t\000o\000r\000\040\000\046\000\040\000D\000e\000s\000t\000r\000u\000c\000t\000o\000r\000\040\000D\000o\000c\000u\000m\000e\000n\000t\000a\000t\000i\000o\000n}{section.6.2}% 44
\BOOKMARK [3][-]{subsubsection.6.2.2.1}{\376\377\0006\000.\0002\000.\0002\000.\0001\000\040\000A\000u\000d\000i\000o\000l\000i\000z\000e\000r\000\050\000\051}{subsection.6.2.2}% 45
\BOOKMARK [2][-]{subsection.6.2.3}{\376\377\0006\000.\0002\000.\0003\000\040\000M\000e\000m\000b\000e\000r\000\040\000F\000u\000n\000c\000t\000i\000o\000n\000\040\000D\000o\000c\000u\000m\000e\000n\000t\000a\000t\000i\000o\000n}{section.6.2}% 46
\BOOKMARK [3][-]{subsubsection.6.2.3.1}{\376\377\0006\000.\0002\000.\0003\000.\0001\000\040\000s\000e\000t\000A\000u\000d\000i\000o\000U\000p\000d\000a\000t\000e\000r\000\050\000\051}{subsection.6.2.3}% 47
\BOOKMARK [3][-]{subsubsection.6.2.3.2}{\376\377\0006\000.\0002\000.\0003\000.\0002\000\040\000t\000u\000r\000n\000\137\000I\000m\000a\000g\000e\000\137\000i\000n\000t\000o\000\137\000S\000o\000u\000n\000d\000\050\000\051}{subsection.6.2.3}% 48
\BOOKMARK [1][-]{section.6.3}{\376\377\0006\000.\0003\000\040\000A\000u\000d\000i\000o\000S\000e\000r\000v\000e\000r\000\040\000C\000l\000a\000s\000s\000\040\000R\000e\000f\000e\000r\000e\000n\000c\000e}{chapter.6}% 49
\BOOKMARK [2][-]{subsection.6.3.1}{\376\377\0006\000.\0003\000.\0001\000\040\000D\000e\000t\000a\000i\000l\000e\000d\000\040\000D\000e\000s\000c\000r\000i\000p\000t\000i\000o\000n}{section.6.3}% 50
\BOOKMARK [2][-]{subsection.6.3.2}{\376\377\0006\000.\0003\000.\0002\000\040\000C\000o\000n\000s\000t\000r\000u\000c\000t\000o\000r\000\040\000\046\000\040\000D\000e\000s\000t\000r\000u\000c\000t\000o\000r\000\040\000D\000o\000c\000u\000m\000e\000n\000t\000a\000t\000i\000o\000n}{section.6.3}% 51
\BOOKMARK [3][-]{subsubsection.6.3.2.1}{\376\377\0006\000.\0003\000.\0002\000.\0001\000\040\000A\000u\000d\000i\000o\000S\000e\000r\000v\000e\000r\000\050\000\051\000\040\000[\0001\000/\0003\000]}{subsection.6.3.2}% 52
\BOOKMARK [3][-]{subsubsection.6.3.2.2}{\376\377\0006\000.\0003\000.\0002\000.\0002\000\040\000\040\000A\000u\000d\000i\000o\000S\000e\000r\000v\000e\000r\000\050\000\051}{subsection.6.3.2}% 53
\BOOKMARK [3][-]{subsubsection.6.3.2.3}{\376\377\0006\000.\0003\000.\0002\000.\0003\000\040\000A\000u\000d\000i\000o\000S\000e\000r\000v\000e\000r\000\050\000\051\000\040\000[\0002\000/\0003\000]}{subsection.6.3.2}% 54
\BOOKMARK [3][-]{subsubsection.6.3.2.4}{\376\377\0006\000.\0003\000.\0002\000.\0004\000\040\000A\000u\000d\000i\000o\000S\000e\000r\000v\000e\000r\000\050\000\051\000\040\000[\0003\000/\0003\000]}{subsection.6.3.2}% 55
\BOOKMARK [2][-]{subsection.6.3.3}{\376\377\0006\000.\0003\000.\0003\000\040\000M\000e\000m\000b\000e\000r\000\040\000F\000u\000n\000c\000t\000i\000o\000n\000\040\000D\000o\000c\000u\000m\000e\000n\000t\000a\000t\000i\000o\000n}{section.6.3}% 56
\BOOKMARK [3][-]{subsubsection.6.3.3.1}{\376\377\0006\000.\0003\000.\0003\000.\0001\000\040\000o\000p\000e\000r\000a\000t\000o\000r\000=\000\050\000\051\000\040\000[\0001\000/\0002\000]}{subsection.6.3.3}% 57
\BOOKMARK [3][-]{subsubsection.6.3.3.2}{\376\377\0006\000.\0003\000.\0003\000.\0002\000\040\000o\000p\000e\000r\000a\000t\000o\000r\000=\000\050\000\051\000\040\000[\0002\000/\0002\000]}{subsection.6.3.3}% 58
\BOOKMARK [3][-]{subsubsection.6.3.3.3}{\376\377\0006\000.\0003\000.\0003\000.\0003\000\040\000s\000e\000t\000u\000p\000\137\000s\000e\000r\000v\000e\000r\000\050\000\051}{subsection.6.3.3}% 59
\BOOKMARK [3][-]{subsubsection.6.3.3.4}{\376\377\0006\000.\0003\000.\0003\000.\0004\000\040\000s\000t\000a\000r\000t\000\137\000s\000e\000r\000v\000e\000r\000\050\000\051}{subsection.6.3.3}% 60
\BOOKMARK [3][-]{subsubsection.6.3.3.5}{\376\377\0006\000.\0003\000.\0003\000.\0005\000\040\000s\000t\000o\000p\000\137\000s\000e\000r\000v\000e\000r\000\050\000\051}{subsection.6.3.3}% 61
\BOOKMARK [1][-]{section.6.4}{\376\377\0006\000.\0004\000\040\000A\000u\000d\000i\000o\000S\000t\000r\000e\000a\000m\000\040\000C\000l\000a\000s\000s\000\040\000R\000e\000f\000e\000r\000e\000n\000c\000e}{chapter.6}% 62
\BOOKMARK [2][-]{subsection.6.4.1}{\376\377\0006\000.\0004\000.\0001\000\040\000D\000e\000t\000a\000i\000l\000e\000d\000\040\000D\000e\000s\000c\000r\000i\000p\000t\000i\000o\000n}{section.6.4}% 63
\BOOKMARK [2][-]{subsection.6.4.2}{\376\377\0006\000.\0004\000.\0002\000\040\000C\000o\000n\000s\000t\000r\000u\000c\000t\000o\000r\000\040\000\046\000\040\000D\000e\000s\000t\000r\000u\000c\000t\000o\000r\000\040\000D\000o\000c\000u\000m\000e\000n\000t\000a\000t\000i\000o\000n}{section.6.4}% 64
\BOOKMARK [3][-]{subsubsection.6.4.2.1}{\376\377\0006\000.\0004\000.\0002\000.\0001\000\040\000A\000u\000d\000i\000o\000S\000t\000r\000e\000a\000m\000\050\000\051\000\040\000[\0001\000/\0003\000]}{subsection.6.4.2}% 65
\BOOKMARK [3][-]{subsubsection.6.4.2.2}{\376\377\0006\000.\0004\000.\0002\000.\0002\000\040\000\040\000A\000u\000d\000i\000o\000S\000t\000r\000e\000a\000m\000\050\000\051}{subsection.6.4.2}% 66
\BOOKMARK [3][-]{subsubsection.6.4.2.3}{\376\377\0006\000.\0004\000.\0002\000.\0003\000\040\000A\000u\000d\000i\000o\000S\000t\000r\000e\000a\000m\000\050\000\051\000\040\000[\0002\000/\0003\000]}{subsection.6.4.2}% 67
\BOOKMARK [3][-]{subsubsection.6.4.2.4}{\376\377\0006\000.\0004\000.\0002\000.\0004\000\040\000A\000u\000d\000i\000o\000S\000t\000r\000e\000a\000m\000\050\000\051\000\040\000[\0003\000/\0003\000]}{subsection.6.4.2}% 68
\BOOKMARK [2][-]{subsection.6.4.3}{\376\377\0006\000.\0004\000.\0003\000\040\000M\000e\000m\000b\000e\000r\000\040\000F\000u\000n\000c\000t\000i\000o\000n\000\040\000D\000o\000c\000u\000m\000e\000n\000t\000a\000t\000i\000o\000n}{section.6.4}% 69
\BOOKMARK [3][-]{subsubsection.6.4.3.1}{\376\377\0006\000.\0004\000.\0003\000.\0001\000\040\000c\000l\000i\000e\000n\000t\000C\000o\000n\000n\000e\000c\000t\000\050\000\051}{subsection.6.4.3}% 70
\BOOKMARK [3][-]{subsubsection.6.4.3.2}{\376\377\0006\000.\0004\000.\0003\000.\0002\000\040\000c\000l\000o\000s\000e\000S\000t\000r\000e\000a\000m\000\050\000\051}{subsection.6.4.3}% 71
\BOOKMARK [3][-]{subsubsection.6.4.3.3}{\376\377\0006\000.\0004\000.\0003\000.\0003\000\040\000o\000p\000e\000r\000a\000t\000o\000r\000=\000\050\000\051\000\040\000[\0001\000/\0002\000]}{subsection.6.4.3}% 72
\BOOKMARK [3][-]{subsubsection.6.4.3.4}{\376\377\0006\000.\0004\000.\0003\000.\0004\000\040\000o\000p\000e\000r\000a\000t\000o\000r\000=\000\050\000\051\000\040\000[\0002\000/\0002\000]}{subsection.6.4.3}% 73
\BOOKMARK [3][-]{subsubsection.6.4.3.5}{\376\377\0006\000.\0004\000.\0003\000.\0005\000\040\000s\000e\000t\000V\000i\000s\000u\000a\000l\000i\000z\000e\000r\000U\000p\000d\000a\000t\000e\000r\000\050\000\051}{subsection.6.4.3}% 74
\BOOKMARK [3][-]{subsubsection.6.4.3.6}{\376\377\0006\000.\0004\000.\0003\000.\0006\000\040\000s\000t\000r\000e\000a\000m\000B\000u\000f\000f\000e\000r\000\050\000\051}{subsection.6.4.3}% 75
\BOOKMARK [3][-]{subsubsection.6.4.3.7}{\376\377\0006\000.\0004\000.\0003\000.\0007\000\040\000u\000p\000d\000a\000t\000e\000\050\000\051}{subsection.6.4.3}% 76
\BOOKMARK [1][-]{section.6.5}{\376\377\0006\000.\0005\000\040\000C\000a\000m\000e\000r\000a\000\040\000C\000l\000a\000s\000s\000\040\000R\000e\000f\000e\000r\000e\000n\000c\000e}{chapter.6}% 77
\BOOKMARK [2][-]{subsection.6.5.1}{\376\377\0006\000.\0005\000.\0001\000\040\000D\000e\000t\000a\000i\000l\000e\000d\000\040\000D\000e\000s\000c\000r\000i\000p\000t\000i\000o\000n}{section.6.5}% 78
\BOOKMARK [2][-]{subsection.6.5.2}{\376\377\0006\000.\0005\000.\0002\000\040\000C\000o\000n\000s\000t\000r\000u\000c\000t\000o\000r\000\040\000\046\000\040\000D\000e\000s\000t\000r\000u\000c\000t\000o\000r\000\040\000D\000o\000c\000u\000m\000e\000n\000t\000a\000t\000i\000o\000n}{section.6.5}% 79
\BOOKMARK [3][-]{subsubsection.6.5.2.1}{\376\377\0006\000.\0005\000.\0002\000.\0001\000\040\000C\000a\000m\000e\000r\000a\000\050\000\051\000\040\000[\0001\000/\0003\000]}{subsection.6.5.2}% 80
\BOOKMARK [3][-]{subsubsection.6.5.2.2}{\376\377\0006\000.\0005\000.\0002\000.\0002\000\040\000\040\000C\000a\000m\000e\000r\000a\000\050\000\051}{subsection.6.5.2}% 81
\BOOKMARK [3][-]{subsubsection.6.5.2.3}{\376\377\0006\000.\0005\000.\0002\000.\0003\000\040\000C\000a\000m\000e\000r\000a\000\050\000\051\000\040\000[\0002\000/\0003\000]}{subsection.6.5.2}% 82
\BOOKMARK [3][-]{subsubsection.6.5.2.4}{\376\377\0006\000.\0005\000.\0002\000.\0004\000\040\000C\000a\000m\000e\000r\000a\000\050\000\051\000\040\000[\0003\000/\0003\000]}{subsection.6.5.2}% 83
\BOOKMARK [2][-]{subsection.6.5.3}{\376\377\0006\000.\0005\000.\0003\000\040\000M\000e\000m\000b\000e\000r\000\040\000F\000u\000n\000c\000t\000i\000o\000n\000\040\000D\000o\000c\000u\000m\000e\000n\000t\000a\000t\000i\000o\000n}{section.6.5}% 84
\BOOKMARK [3][-]{subsubsection.6.5.3.1}{\376\377\0006\000.\0005\000.\0003\000.\0001\000\040\000c\000a\000p\000t\000u\000r\000e\000\050\000\051}{subsection.6.5.3}% 85
\BOOKMARK [3][-]{subsubsection.6.5.3.2}{\376\377\0006\000.\0005\000.\0003\000.\0002\000\040\000f\000r\000a\000m\000e\000\137\000e\000l\000a\000p\000s\000e\000d\000\050\000\051}{subsection.6.5.3}% 86
\BOOKMARK [3][-]{subsubsection.6.5.3.3}{\376\377\0006\000.\0005\000.\0003\000.\0003\000\040\000o\000p\000e\000r\000a\000t\000o\000r\000=\000\050\000\051\000\040\000[\0001\000/\0002\000]}{subsection.6.5.3}% 87
\BOOKMARK [3][-]{subsubsection.6.5.3.4}{\376\377\0006\000.\0005\000.\0003\000.\0004\000\040\000o\000p\000e\000r\000a\000t\000o\000r\000=\000\050\000\051\000\040\000[\0002\000/\0002\000]}{subsection.6.5.3}% 88
\BOOKMARK [1][-]{section.6.6}{\376\377\0006\000.\0006\000\040\000C\000a\000m\000e\000r\000a\000C\000o\000n\000f\000i\000g\000\040\000S\000t\000r\000u\000c\000t\000\040\000R\000e\000f\000e\000r\000e\000n\000c\000e}{chapter.6}% 89
\BOOKMARK [2][-]{subsection.6.6.1}{\376\377\0006\000.\0006\000.\0001\000\040\000D\000e\000t\000a\000i\000l\000e\000d\000\040\000D\000e\000s\000c\000r\000i\000p\000t\000i\000o\000n}{section.6.6}% 90
\BOOKMARK [2][-]{subsection.6.6.2}{\376\377\0006\000.\0006\000.\0002\000\040\000M\000e\000m\000b\000e\000r\000\040\000D\000a\000t\000a\000\040\000D\000o\000c\000u\000m\000e\000n\000t\000a\000t\000i\000o\000n}{section.6.6}% 91
\BOOKMARK [3][-]{subsubsection.6.6.2.1}{\376\377\0006\000.\0006\000.\0002\000.\0001\000\040\000c\000a\000m\000R\000e\000s\000H}{subsection.6.6.2}% 92
\BOOKMARK [3][-]{subsubsection.6.6.2.2}{\376\377\0006\000.\0006\000.\0002\000.\0002\000\040\000c\000a\000m\000R\000e\000s\000W}{subsection.6.6.2}% 93
\BOOKMARK [3][-]{subsubsection.6.6.2.3}{\376\377\0006\000.\0006\000.\0002\000.\0003\000\040\000d\000e\000v\000i\000c\000e}{subsection.6.6.2}% 94
\BOOKMARK [3][-]{subsubsection.6.6.2.4}{\376\377\0006\000.\0006\000.\0002\000.\0004\000\040\000f\000r\000a\000m\000e\000R\000a\000t\000e}{subsection.6.6.2}% 95
\BOOKMARK [1][-]{section.6.7}{\376\377\0006\000.\0007\000\040\000C\000a\000m\000e\000r\000a\000I\000n\000f\000o\000\040\000S\000t\000r\000u\000c\000t\000\040\000R\000e\000f\000e\000r\000e\000n\000c\000e}{chapter.6}% 96
\BOOKMARK [2][-]{subsection.6.7.1}{\376\377\0006\000.\0007\000.\0001\000\040\000D\000e\000t\000a\000i\000l\000e\000d\000\040\000D\000e\000s\000c\000r\000i\000p\000t\000i\000o\000n}{section.6.7}% 97
\BOOKMARK [2][-]{subsection.6.7.2}{\376\377\0006\000.\0007\000.\0002\000\040\000M\000e\000m\000b\000e\000r\000\040\000D\000a\000t\000a\000\040\000D\000o\000c\000u\000m\000e\000n\000t\000a\000t\000i\000o\000n}{section.6.7}% 98
\BOOKMARK [3][-]{subsubsection.6.7.2.1}{\376\377\0006\000.\0007\000.\0002\000.\0001\000\040\000d\000e\000v\000i\000c\000e\000P\000a\000t\000h}{subsection.6.7.2}% 99
\BOOKMARK [3][-]{subsubsection.6.7.2.2}{\376\377\0006\000.\0007\000.\0002\000.\0002\000\040\000r\000e\000s\000o\000l\000u\000t\000i\000o\000n\000s}{subsection.6.7.2}% 100
\BOOKMARK [1][-]{section.6.8}{\376\377\0006\000.\0008\000\040\000C\000o\000n\000f\000i\000g\000\040\000C\000l\000a\000s\000s\000\040\000R\000e\000f\000e\000r\000e\000n\000c\000e}{chapter.6}% 101
\BOOKMARK [2][-]{subsection.6.8.1}{\376\377\0006\000.\0008\000.\0001\000\040\000D\000e\000t\000a\000i\000l\000e\000d\000\040\000D\000e\000s\000c\000r\000i\000p\000t\000i\000o\000n}{section.6.8}% 102
\BOOKMARK [2][-]{subsection.6.8.2}{\376\377\0006\000.\0008\000.\0002\000\040\000C\000o\000n\000s\000t\000r\000u\000c\000t\000o\000r\000\040\000\046\000\040\000D\000e\000s\000t\000r\000u\000c\000t\000o\000r\000\040\000D\000o\000c\000u\000m\000e\000n\000t\000a\000t\000i\000o\000n}{section.6.8}% 103
\BOOKMARK [3][-]{subsubsection.6.8.2.1}{\376\377\0006\000.\0008\000.\0002\000.\0001\000\040\000C\000o\000n\000f\000i\000g\000\050\000\051}{subsection.6.8.2}% 104
\BOOKMARK [2][-]{subsection.6.8.3}{\376\377\0006\000.\0008\000.\0003\000\040\000M\000e\000m\000b\000e\000r\000\040\000F\000u\000n\000c\000t\000i\000o\000n\000\040\000D\000o\000c\000u\000m\000e\000n\000t\000a\000t\000i\000o\000n}{section.6.8}% 105
\BOOKMARK [3][-]{subsubsection.6.8.3.1}{\376\377\0006\000.\0008\000.\0003\000.\0001\000\040\000d\000i\000s\000p\000l\000a\000y\000\050\000\051}{subsection.6.8.3}% 106
\BOOKMARK [3][-]{subsubsection.6.8.3.2}{\376\377\0006\000.\0008\000.\0003\000.\0002\000\040\000g\000e\000t\000I\000n\000s\000t\000a\000n\000c\000e\000\050\000\051}{subsection.6.8.3}% 107
\BOOKMARK [3][-]{subsubsection.6.8.3.3}{\376\377\0006\000.\0008\000.\0003\000.\0003\000\040\000o\000p\000e\000r\000a\000t\000o\000r\000=\000\050\000\051}{subsection.6.8.3}% 108
\BOOKMARK [2][-]{subsection.6.8.4}{\376\377\0006\000.\0008\000.\0004\000\040\000M\000e\000m\000b\000e\000r\000\040\000D\000a\000t\000a\000\040\000D\000o\000c\000u\000m\000e\000n\000t\000a\000t\000i\000o\000n}{section.6.8}% 109
\BOOKMARK [3][-]{subsubsection.6.8.4.1}{\376\377\0006\000.\0008\000.\0004\000.\0001\000\040\000a\000u\000d\000c\000o\000n\000f}{subsection.6.8.4}% 110
\BOOKMARK [3][-]{subsubsection.6.8.4.2}{\376\377\0006\000.\0008\000.\0004\000.\0002\000\040\000c\000a\000m\000c\000o\000n\000f}{subsection.6.8.4}% 111
\BOOKMARK [3][-]{subsubsection.6.8.4.3}{\376\377\0006\000.\0008\000.\0004\000.\0003\000\040\000d\000i\000s\000p\000c\000o\000n\000f}{subsection.6.8.4}% 112
\BOOKMARK [3][-]{subsubsection.6.8.4.4}{\376\377\0006\000.\0008\000.\0004\000.\0004\000\040\000i\000a\000v\000c\000o\000n\000f}{subsection.6.8.4}% 113
\BOOKMARK [1][-]{section.6.9}{\376\377\0006\000.\0009\000\040\000D\000i\000s\000p\000l\000a\000y\000C\000o\000n\000f\000i\000g\000\040\000S\000t\000r\000u\000c\000t\000\040\000R\000e\000f\000e\000r\000e\000n\000c\000e}{chapter.6}% 114
\BOOKMARK [2][-]{subsection.6.9.1}{\376\377\0006\000.\0009\000.\0001\000\040\000D\000e\000t\000a\000i\000l\000e\000d\000\040\000D\000e\000s\000c\000r\000i\000p\000t\000i\000o\000n}{section.6.9}% 115
\BOOKMARK [2][-]{subsection.6.9.2}{\376\377\0006\000.\0009\000.\0002\000\040\000M\000e\000m\000b\000e\000r\000\040\000D\000a\000t\000a\000\040\000D\000o\000c\000u\000m\000e\000n\000t\000a\000t\000i\000o\000n}{section.6.9}% 116
\BOOKMARK [3][-]{subsubsection.6.9.2.1}{\376\377\0006\000.\0009\000.\0002\000.\0001\000\040\000d\000i\000s\000p\000R\000e\000s\000H}{subsection.6.9.2}% 117
\BOOKMARK [3][-]{subsubsection.6.9.2.2}{\376\377\0006\000.\0009\000.\0002\000.\0002\000\040\000d\000i\000s\000p\000R\000e\000s\000W}{subsection.6.9.2}% 118
\BOOKMARK [3][-]{subsubsection.6.9.2.3}{\376\377\0006\000.\0009\000.\0002\000.\0003\000\040\000f\000p\000s}{subsection.6.9.2}% 119
\BOOKMARK [1][-]{section.6.10}{\376\377\0006\000.\0001\0000\000\040\000G\000U\000I\000\040\000C\000l\000a\000s\000s\000\040\000R\000e\000f\000e\000r\000e\000n\000c\000e}{chapter.6}% 120
\BOOKMARK [2][-]{subsection.6.10.1}{\376\377\0006\000.\0001\0000\000.\0001\000\040\000D\000e\000t\000a\000i\000l\000e\000d\000\040\000D\000e\000s\000c\000r\000i\000p\000t\000i\000o\000n}{section.6.10}% 121
\BOOKMARK [2][-]{subsection.6.10.2}{\376\377\0006\000.\0001\0000\000.\0002\000\040\000C\000o\000n\000s\000t\000r\000u\000c\000t\000o\000r\000\040\000\046\000\040\000D\000e\000s\000t\000r\000u\000c\000t\000o\000r\000\040\000D\000o\000c\000u\000m\000e\000n\000t\000a\000t\000i\000o\000n}{section.6.10}% 122
\BOOKMARK [3][-]{subsubsection.6.10.2.1}{\376\377\0006\000.\0001\0000\000.\0002\000.\0001\000\040\000G\000U\000I\000\050\000\051}{subsection.6.10.2}% 123
\BOOKMARK [2][-]{subsection.6.10.3}{\376\377\0006\000.\0001\0000\000.\0003\000\040\000M\000e\000m\000b\000e\000r\000\040\000F\000u\000n\000c\000t\000i\000o\000n\000\040\000D\000o\000c\000u\000m\000e\000n\000t\000a\000t\000i\000o\000n}{section.6.10}% 124
\BOOKMARK [3][-]{subsubsection.6.10.3.1}{\376\377\0006\000.\0001\0000\000.\0003\000.\0001\000\040\000o\000n\000E\000x\000i\000t\000\050\000\051}{subsection.6.10.3}% 125
\BOOKMARK [1][-]{section.6.11}{\376\377\0006\000.\0001\0001\000\040\000I\000A\000V\000\040\000C\000l\000a\000s\000s\000\040\000R\000e\000f\000e\000r\000e\000n\000c\000e}{chapter.6}% 126
\BOOKMARK [2][-]{subsection.6.11.1}{\376\377\0006\000.\0001\0001\000.\0001\000\040\000D\000e\000t\000a\000i\000l\000e\000d\000\040\000D\000e\000s\000c\000r\000i\000p\000t\000i\000o\000n}{section.6.11}% 127
\BOOKMARK [2][-]{subsection.6.11.2}{\376\377\0006\000.\0001\0001\000.\0002\000\040\000C\000o\000n\000s\000t\000r\000u\000c\000t\000o\000r\000\040\000\046\000\040\000D\000e\000s\000t\000r\000u\000c\000t\000o\000r\000\040\000D\000o\000c\000u\000m\000e\000n\000t\000a\000t\000i\000o\000n}{section.6.11}% 128
\BOOKMARK [3][-]{subsubsection.6.11.2.1}{\376\377\0006\000.\0001\0001\000.\0002\000.\0001\000\040\000I\000A\000V\000\050\000\051\000\040\000[\0001\000/\0003\000]}{subsection.6.11.2}% 129
\BOOKMARK [3][-]{subsubsection.6.11.2.2}{\376\377\0006\000.\0001\0001\000.\0002\000.\0002\000\040\000\040\000I\000A\000V\000\050\000\051}{subsection.6.11.2}% 130
\BOOKMARK [3][-]{subsubsection.6.11.2.3}{\376\377\0006\000.\0001\0001\000.\0002\000.\0003\000\040\000I\000A\000V\000\050\000\051\000\040\000[\0002\000/\0003\000]}{subsection.6.11.2}% 131
\BOOKMARK [3][-]{subsubsection.6.11.2.4}{\376\377\0006\000.\0001\0001\000.\0002\000.\0004\000\040\000I\000A\000V\000\050\000\051\000\040\000[\0003\000/\0003\000]}{subsection.6.11.2}% 132
\BOOKMARK [2][-]{subsection.6.11.3}{\376\377\0006\000.\0001\0001\000.\0003\000\040\000M\000e\000m\000b\000e\000r\000\040\000F\000u\000n\000c\000t\000i\000o\000n\000\040\000D\000o\000c\000u\000m\000e\000n\000t\000a\000t\000i\000o\000n}{section.6.11}% 133
\BOOKMARK [3][-]{subsubsection.6.11.3.1}{\376\377\0006\000.\0001\0001\000.\0003\000.\0001\000\040\000o\000p\000e\000r\000a\000t\000o\000r\000=\000\050\000\051\000\040\000[\0001\000/\0002\000]}{subsection.6.11.3}% 134
\BOOKMARK [3][-]{subsubsection.6.11.3.2}{\376\377\0006\000.\0001\0001\000.\0003\000.\0002\000\040\000o\000p\000e\000r\000a\000t\000o\000r\000=\000\050\000\051\000\040\000[\0002\000/\0002\000]}{subsection.6.11.3}% 135
\BOOKMARK [3][-]{subsubsection.6.11.3.3}{\376\377\0006\000.\0001\0001\000.\0003\000.\0003\000\040\000s\000t\000a\000r\000t\000\050\000\051}{subsection.6.11.3}% 136
\BOOKMARK [1][-]{section.6.12}{\376\377\0006\000.\0001\0002\000\040\000I\000A\000V\000C\000o\000n\000f\000i\000g\000\040\000S\000t\000r\000u\000c\000t\000\040\000R\000e\000f\000e\000r\000e\000n\000c\000e}{chapter.6}% 137
\BOOKMARK [2][-]{subsection.6.12.1}{\376\377\0006\000.\0001\0002\000.\0001\000\040\000D\000e\000t\000a\000i\000l\000e\000d\000\040\000D\000e\000s\000c\000r\000i\000p\000t\000i\000o\000n}{section.6.12}% 138
\BOOKMARK [2][-]{subsection.6.12.2}{\376\377\0006\000.\0001\0002\000.\0002\000\040\000M\000e\000m\000b\000e\000r\000\040\000D\000a\000t\000a\000\040\000D\000o\000c\000u\000m\000e\000n\000t\000a\000t\000i\000o\000n}{section.6.12}% 139
\BOOKMARK [3][-]{subsubsection.6.12.2.1}{\376\377\0006\000.\0001\0002\000.\0002\000.\0001\000\040\000m\000a\000x\000F\000r\000e\000q\000u\000e\000n\000c\000y}{subsection.6.12.2}% 140
\BOOKMARK [3][-]{subsubsection.6.12.2.2}{\376\377\0006\000.\0001\0002\000.\0002\000.\0002\000\040\000m\000i\000n\000F\000r\000e\000q\000u\000e\000n\000c\000y}{subsection.6.12.2}% 141
\BOOKMARK [3][-]{subsubsection.6.12.2.3}{\376\377\0006\000.\0001\0002\000.\0002\000.\0003\000\040\000r\000o\000i\000R\000a\000d\000i\000u\000s}{subsection.6.12.2}% 142
\BOOKMARK [3][-]{subsubsection.6.12.2.4}{\376\377\0006\000.\0001\0002\000.\0002\000.\0004\000\040\000t\000r\000a\000c\000k\000i\000n\000g\000A\000l\000g}{subsection.6.12.2}% 143
\BOOKMARK [3][-]{subsubsection.6.12.2.5}{\376\377\0006\000.\0001\0002\000.\0002\000.\0005\000\040\000t\000r\000i\000g\000g\000e\000r}{subsection.6.12.2}% 144
\BOOKMARK [1][-]{section.6.13}{\376\377\0006\000.\0001\0003\000\040\000A\000u\000d\000i\000o\000H\000a\000r\000d\000w\000a\000r\000e\000:\000:\000I\000n\000f\000o\000\040\000S\000t\000r\000u\000c\000t\000\040\000R\000e\000f\000e\000r\000e\000n\000c\000e}{chapter.6}% 145
\BOOKMARK [2][-]{subsection.6.13.1}{\376\377\0006\000.\0001\0003\000.\0001\000\040\000D\000e\000t\000a\000i\000l\000e\000d\000\040\000D\000e\000s\000c\000r\000i\000p\000t\000i\000o\000n}{section.6.13}% 146
\BOOKMARK [2][-]{subsection.6.13.2}{\376\377\0006\000.\0001\0003\000.\0002\000\040\000M\000e\000m\000b\000e\000r\000\040\000D\000a\000t\000a\000\040\000D\000o\000c\000u\000m\000e\000n\000t\000a\000t\000i\000o\000n}{section.6.13}% 147
\BOOKMARK [3][-]{subsubsection.6.13.2.1}{\376\377\0006\000.\0001\0003\000.\0002\000.\0001\000\040\000c\000a\000r\000d\000\137\000i\000n\000f\000o}{subsection.6.13.2}% 148
\BOOKMARK [3][-]{subsubsection.6.13.2.2}{\376\377\0006\000.\0001\0003\000.\0002\000.\0002\000\040\000n\000u\000m\000b\000e\000r\000O\000f\000C\000h\000a\000n\000n\000e\000l\000s}{subsection.6.13.2}% 149
\BOOKMARK [3][-]{subsubsection.6.13.2.3}{\376\377\0006\000.\0001\0003\000.\0002\000.\0003\000\040\000s\000a\000m\000p\000l\000e\000\137\000r\000a\000t\000e\000\137\000r\000a\000n\000g\000e}{subsection.6.13.2}% 150
\BOOKMARK [1][-]{section.6.14}{\376\377\0006\000.\0001\0004\000\040\000R\000e\000g\000i\000o\000n\000O\000f\000I\000n\000t\000e\000r\000e\000s\000t\000\040\000S\000t\000r\000u\000c\000t\000\040\000R\000e\000f\000e\000r\000e\000n\000c\000e}{chapter.6}% 151
\BOOKMARK [2][-]{subsection.6.14.1}{\376\377\0006\000.\0001\0004\000.\0001\000\040\000D\000e\000t\000a\000i\000l\000e\000d\000\040\000D\000e\000s\000c\000r\000i\000p\000t\000i\000o\000n}{section.6.14}% 152
\BOOKMARK [2][-]{subsection.6.14.2}{\376\377\0006\000.\0001\0004\000.\0002\000\040\000M\000e\000m\000b\000e\000r\000\040\000D\000a\000t\000a\000\040\000D\000o\000c\000u\000m\000e\000n\000t\000a\000t\000i\000o\000n}{section.6.14}% 153
\BOOKMARK [3][-]{subsubsection.6.14.2.1}{\376\377\0006\000.\0001\0004\000.\0002\000.\0001\000\040\000c\000e\000n\000t\000e\000r\000X}{subsection.6.14.2}% 154
\BOOKMARK [3][-]{subsubsection.6.14.2.2}{\376\377\0006\000.\0001\0004\000.\0002\000.\0002\000\040\000c\000e\000n\000t\000e\000r\000Y}{subsection.6.14.2}% 155
\BOOKMARK [3][-]{subsubsection.6.14.2.3}{\376\377\0006\000.\0001\0004\000.\0002\000.\0003\000\040\000v\000o\000l\000u\000m\000e\000H}{subsection.6.14.2}% 156
\BOOKMARK [3][-]{subsubsection.6.14.2.4}{\376\377\0006\000.\0001\0004\000.\0002\000.\0004\000\040\000v\000o\000l\000u\000m\000e\000W}{subsection.6.14.2}% 157
\BOOKMARK [1][-]{section.6.15}{\376\377\0006\000.\0001\0005\000\040\000S\000e\000t\000t\000i\000n\000g\000s\000D\000B\000\040\000C\000l\000a\000s\000s\000\040\000R\000e\000f\000e\000r\000e\000n\000c\000e}{chapter.6}% 158
\BOOKMARK [2][-]{subsection.6.15.1}{\376\377\0006\000.\0001\0005\000.\0001\000\040\000D\000e\000t\000a\000i\000l\000e\000d\000\040\000D\000e\000s\000c\000r\000i\000p\000t\000i\000o\000n}{section.6.15}% 159
\BOOKMARK [2][-]{subsection.6.15.2}{\376\377\0006\000.\0001\0005\000.\0002\000\040\000C\000o\000n\000s\000t\000r\000u\000c\000t\000o\000r\000\040\000\046\000\040\000D\000e\000s\000t\000r\000u\000c\000t\000o\000r\000\040\000D\000o\000c\000u\000m\000e\000n\000t\000a\000t\000i\000o\000n}{section.6.15}% 160
\BOOKMARK [3][-]{subsubsection.6.15.2.1}{\376\377\0006\000.\0001\0005\000.\0002\000.\0001\000\040\000S\000e\000t\000t\000i\000n\000g\000s\000D\000B\000\050\000\051\000\040\000[\0001\000/\0003\000]}{subsection.6.15.2}% 161
\BOOKMARK [3][-]{subsubsection.6.15.2.2}{\376\377\0006\000.\0001\0005\000.\0002\000.\0002\000\040\000\040\000S\000e\000t\000t\000i\000n\000g\000s\000D\000B\000\050\000\051}{subsection.6.15.2}% 162
\BOOKMARK [3][-]{subsubsection.6.15.2.3}{\376\377\0006\000.\0001\0005\000.\0002\000.\0003\000\040\000S\000e\000t\000t\000i\000n\000g\000s\000D\000B\000\050\000\051\000\040\000[\0002\000/\0003\000]}{subsection.6.15.2}% 163
\BOOKMARK [3][-]{subsubsection.6.15.2.4}{\376\377\0006\000.\0001\0005\000.\0002\000.\0004\000\040\000S\000e\000t\000t\000i\000n\000g\000s\000D\000B\000\050\000\051\000\040\000[\0003\000/\0003\000]}{subsection.6.15.2}% 164
\BOOKMARK [2][-]{subsection.6.15.3}{\376\377\0006\000.\0001\0005\000.\0003\000\040\000M\000e\000m\000b\000e\000r\000\040\000F\000u\000n\000c\000t\000i\000o\000n\000\040\000D\000o\000c\000u\000m\000e\000n\000t\000a\000t\000i\000o\000n}{section.6.15}% 165
\BOOKMARK [3][-]{subsubsection.6.15.3.1}{\376\377\0006\000.\0001\0005\000.\0003\000.\0001\000\040\000l\000o\000a\000d\000S\000e\000t\000t\000i\000n\000g\000s\000\050\000\051}{subsection.6.15.3}% 166
\BOOKMARK [3][-]{subsubsection.6.15.3.2}{\376\377\0006\000.\0001\0005\000.\0003\000.\0002\000\040\000o\000p\000e\000r\000a\000t\000o\000r\000=\000\050\000\051\000\040\000[\0001\000/\0002\000]}{subsection.6.15.3}% 167
\BOOKMARK [3][-]{subsubsection.6.15.3.3}{\376\377\0006\000.\0001\0005\000.\0003\000.\0003\000\040\000o\000p\000e\000r\000a\000t\000o\000r\000=\000\050\000\051\000\040\000[\0002\000/\0002\000]}{subsection.6.15.3}% 168
\BOOKMARK [3][-]{subsubsection.6.15.3.4}{\376\377\0006\000.\0001\0005\000.\0003\000.\0004\000\040\000s\000a\000v\000e\000S\000e\000t\000t\000i\000n\000g\000s\000\050\000\051}{subsection.6.15.3}% 169
\BOOKMARK [1][-]{section.6.16}{\376\377\0006\000.\0001\0006\000\040\000S\000i\000n\000e\000\040\000C\000l\000a\000s\000s\000\040\000R\000e\000f\000e\000r\000e\000n\000c\000e}{chapter.6}% 170
\BOOKMARK [2][-]{subsection.6.16.1}{\376\377\0006\000.\0001\0006\000.\0001\000\040\000D\000e\000t\000a\000i\000l\000e\000d\000\040\000D\000e\000s\000c\000r\000i\000p\000t\000i\000o\000n}{section.6.16}% 171
\BOOKMARK [2][-]{subsection.6.16.2}{\376\377\0006\000.\0001\0006\000.\0002\000\040\000C\000o\000n\000s\000t\000r\000u\000c\000t\000o\000r\000\040\000\046\000\040\000D\000e\000s\000t\000r\000u\000c\000t\000o\000r\000\040\000D\000o\000c\000u\000m\000e\000n\000t\000a\000t\000i\000o\000n}{section.6.16}% 172
\BOOKMARK [3][-]{subsubsection.6.16.2.1}{\376\377\0006\000.\0001\0006\000.\0002\000.\0001\000\040\000S\000i\000n\000e\000\050\000\051}{subsection.6.16.2}% 173
\BOOKMARK [2][-]{subsection.6.16.3}{\376\377\0006\000.\0001\0006\000.\0003\000\040\000M\000e\000m\000b\000e\000r\000\040\000F\000u\000n\000c\000t\000i\000o\000n\000\040\000D\000o\000c\000u\000m\000e\000n\000t\000a\000t\000i\000o\000n}{section.6.16}% 174
\BOOKMARK [3][-]{subsubsection.6.16.3.1}{\376\377\0006\000.\0001\0006\000.\0003\000.\0001\000\040\000s\000e\000t\000M\000o\000n\000o\000S\000i\000g\000n\000a\000l\000\050\000\051}{subsection.6.16.3}% 175
\BOOKMARK [3][-]{subsubsection.6.16.3.2}{\376\377\0006\000.\0001\0006\000.\0003\000.\0002\000\040\000s\000e\000t\000S\000t\000e\000r\000e\000o\000S\000i\000g\000n\000a\000l\000\050\000\051}{subsection.6.16.3}% 176
\BOOKMARK [3][-]{subsubsection.6.16.3.3}{\376\377\0006\000.\0001\0006\000.\0003\000.\0003\000\040\000s\000e\000t\000V\000i\000s\000u\000a\000l\000i\000z\000e\000r\000U\000p\000d\000a\000t\000e\000r\000\050\000\051}{subsection.6.16.3}% 177
\BOOKMARK [1][-]{section.6.17}{\376\377\0006\000.\0001\0007\000\040\000S\000p\000e\000c\000t\000r\000o\000g\000r\000a\000m\000\040\000C\000l\000a\000s\000s\000\040\000R\000e\000f\000e\000r\000e\000n\000c\000e}{chapter.6}% 178
\BOOKMARK [2][-]{subsection.6.17.1}{\376\377\0006\000.\0001\0007\000.\0001\000\040\000D\000e\000t\000a\000i\000l\000e\000d\000\040\000D\000e\000s\000c\000r\000i\000p\000t\000i\000o\000n}{section.6.17}% 179
\BOOKMARK [2][-]{subsection.6.17.2}{\376\377\0006\000.\0001\0007\000.\0002\000\040\000C\000o\000n\000s\000t\000r\000u\000c\000t\000o\000r\000\040\000\046\000\040\000D\000e\000s\000t\000r\000u\000c\000t\000o\000r\000\040\000D\000o\000c\000u\000m\000e\000n\000t\000a\000t\000i\000o\000n}{section.6.17}% 180
\BOOKMARK [3][-]{subsubsection.6.17.2.1}{\376\377\0006\000.\0001\0007\000.\0002\000.\0001\000\040\000S\000p\000e\000c\000t\000r\000o\000g\000r\000a\000m\000\050\000\051\000\040\000[\0001\000/\0003\000]}{subsection.6.17.2}% 181
\BOOKMARK [3][-]{subsubsection.6.17.2.2}{\376\377\0006\000.\0001\0007\000.\0002\000.\0002\000\040\000\040\000S\000p\000e\000c\000t\000r\000o\000g\000r\000a\000m\000\050\000\051}{subsection.6.17.2}% 182
\BOOKMARK [3][-]{subsubsection.6.17.2.3}{\376\377\0006\000.\0001\0007\000.\0002\000.\0003\000\040\000S\000p\000e\000c\000t\000r\000o\000g\000r\000a\000m\000\050\000\051\000\040\000[\0002\000/\0003\000]}{subsection.6.17.2}% 183
\BOOKMARK [3][-]{subsubsection.6.17.2.4}{\376\377\0006\000.\0001\0007\000.\0002\000.\0004\000\040\000S\000p\000e\000c\000t\000r\000o\000g\000r\000a\000m\000\050\000\051\000\040\000[\0003\000/\0003\000]}{subsection.6.17.2}% 184
\BOOKMARK [2][-]{subsection.6.17.3}{\376\377\0006\000.\0001\0007\000.\0003\000\040\000M\000e\000m\000b\000e\000r\000\040\000F\000u\000n\000c\000t\000i\000o\000n\000\040\000D\000o\000c\000u\000m\000e\000n\000t\000a\000t\000i\000o\000n}{section.6.17}% 185
\BOOKMARK [3][-]{subsubsection.6.17.3.1}{\376\377\0006\000.\0001\0007\000.\0003\000.\0001\000\040\000g\000e\000t\000\137\000n\000u\000m\000A\000u\000d\000i\000o\000S\000a\000m\000p\000l\000e\000s\000\050\000\051}{subsection.6.17.3}% 186
\BOOKMARK [3][-]{subsubsection.6.17.3.2}{\376\377\0006\000.\0001\0007\000.\0003\000.\0002\000\040\000g\000e\000t\000\137\000n\000u\000m\000F\000F\000T\000P\000o\000i\000n\000t\000s\000\050\000\051}{subsection.6.17.3}% 187
\BOOKMARK [3][-]{subsubsection.6.17.3.3}{\376\377\0006\000.\0001\0007\000.\0003\000.\0003\000\040\000o\000p\000e\000r\000a\000t\000o\000r\000=\000\050\000\051\000\040\000[\0001\000/\0002\000]}{subsection.6.17.3}% 188
\BOOKMARK [3][-]{subsubsection.6.17.3.4}{\376\377\0006\000.\0001\0007\000.\0003\000.\0004\000\040\000o\000p\000e\000r\000a\000t\000o\000r\000=\000\050\000\051\000\040\000[\0002\000/\0002\000]}{subsection.6.17.3}% 189
\BOOKMARK [3][-]{subsubsection.6.17.3.5}{\376\377\0006\000.\0001\0007\000.\0003\000.\0005\000\040\000r\000e\000a\000d\000B\000a\000t\000c\000h\000\050\000\051}{subsection.6.17.3}% 190
\BOOKMARK [3][-]{subsubsection.6.17.3.6}{\376\377\0006\000.\0001\0007\000.\0003\000.\0006\000\040\000w\000r\000i\000t\000e\000\050\000\051}{subsection.6.17.3}% 191
\BOOKMARK [1][-]{section.6.18}{\376\377\0006\000.\0001\0008\000\040\000T\000i\000m\000e\000r\000\040\000C\000l\000a\000s\000s\000\040\000R\000e\000f\000e\000r\000e\000n\000c\000e}{chapter.6}% 192
\BOOKMARK [2][-]{subsection.6.18.1}{\376\377\0006\000.\0001\0008\000.\0001\000\040\000D\000e\000t\000a\000i\000l\000e\000d\000\040\000D\000e\000s\000c\000r\000i\000p\000t\000i\000o\000n}{section.6.18}% 193
\BOOKMARK [2][-]{subsection.6.18.2}{\376\377\0006\000.\0001\0008\000.\0002\000\040\000C\000o\000n\000s\000t\000r\000u\000c\000t\000o\000r\000\040\000\046\000\040\000D\000e\000s\000t\000r\000u\000c\000t\000o\000r\000\040\000D\000o\000c\000u\000m\000e\000n\000t\000a\000t\000i\000o\000n}{section.6.18}% 194
\BOOKMARK [3][-]{subsubsection.6.18.2.1}{\376\377\0006\000.\0001\0008\000.\0002\000.\0001\000\040\000T\000i\000m\000e\000r\000\050\000\051}{subsection.6.18.2}% 195
\BOOKMARK [2][-]{subsection.6.18.3}{\376\377\0006\000.\0001\0008\000.\0003\000\040\000M\000e\000m\000b\000e\000r\000\040\000F\000u\000n\000c\000t\000i\000o\000n\000\040\000D\000o\000c\000u\000m\000e\000n\000t\000a\000t\000i\000o\000n}{section.6.18}% 196
\BOOKMARK [3][-]{subsubsection.6.18.3.1}{\376\377\0006\000.\0001\0008\000.\0003\000.\0001\000\040\000g\000e\000t\000R\000e\000m\000a\000i\000n\000i\000n\000g\000T\000i\000m\000e\000\050\000\051}{subsection.6.18.3}% 197
\BOOKMARK [3][-]{subsubsection.6.18.3.2}{\376\377\0006\000.\0001\0008\000.\0003\000.\0002\000\040\000i\000s\000T\000i\000m\000e\000r\000F\000i\000n\000i\000s\000h\000e\000d\000\050\000\051}{subsection.6.18.3}% 198
\BOOKMARK [3][-]{subsubsection.6.18.3.3}{\376\377\0006\000.\0001\0008\000.\0003\000.\0003\000\040\000s\000e\000t\000T\000i\000m\000e\000r\000\050\000\051}{subsection.6.18.3}% 199
\BOOKMARK [3][-]{subsubsection.6.18.3.4}{\376\377\0006\000.\0001\0008\000.\0003\000.\0004\000\040\000s\000t\000a\000r\000t\000\050\000\051}{subsection.6.18.3}% 200
\BOOKMARK [3][-]{subsubsection.6.18.3.5}{\376\377\0006\000.\0001\0008\000.\0003\000.\0005\000\040\000u\000p\000d\000a\000t\000e\000\050\000\051}{subsection.6.18.3}% 201
\BOOKMARK [1][-]{section.6.19}{\376\377\0006\000.\0001\0009\000\040\000T\000o\000n\000e\000\040\000S\000t\000r\000u\000c\000t\000\040\000R\000e\000f\000e\000r\000e\000n\000c\000e}{chapter.6}% 202
\BOOKMARK [2][-]{subsection.6.19.1}{\376\377\0006\000.\0001\0009\000.\0001\000\040\000D\000e\000t\000a\000i\000l\000e\000d\000\040\000D\000e\000s\000c\000r\000i\000p\000t\000i\000o\000n}{section.6.19}% 203
\BOOKMARK [2][-]{subsection.6.19.2}{\376\377\0006\000.\0001\0009\000.\0002\000\040\000M\000e\000m\000b\000e\000r\000\040\000D\000a\000t\000a\000\040\000D\000o\000c\000u\000m\000e\000n\000t\000a\000t\000i\000o\000n}{section.6.19}% 204
\BOOKMARK [3][-]{subsubsection.6.19.2.1}{\376\377\0006\000.\0001\0009\000.\0002\000.\0001\000\040\000f\000r\000e\000q\000u\000e\000n\000c\000y}{subsection.6.19.2}% 205
\BOOKMARK [3][-]{subsubsection.6.19.2.2}{\376\377\0006\000.\0001\0009\000.\0002\000.\0002\000\040\000v\000o\000l\000u\000m\000e}{subsection.6.19.2}% 206
\BOOKMARK [1][-]{section.6.20}{\376\377\0006\000.\0002\0000\000\040\000T\000r\000i\000g\000g\000e\000r\000\040\000C\000l\000a\000s\000s\000\040\000R\000e\000f\000e\000r\000e\000n\000c\000e}{chapter.6}% 207
\BOOKMARK [2][-]{subsection.6.20.1}{\376\377\0006\000.\0002\0000\000.\0001\000\040\000D\000e\000t\000a\000i\000l\000e\000d\000\040\000D\000e\000s\000c\000r\000i\000p\000t\000i\000o\000n}{section.6.20}% 208
\BOOKMARK [2][-]{subsection.6.20.2}{\376\377\0006\000.\0002\0000\000.\0002\000\040\000C\000o\000n\000s\000t\000r\000u\000c\000t\000o\000r\000\040\000\046\000\040\000D\000e\000s\000t\000r\000u\000c\000t\000o\000r\000\040\000D\000o\000c\000u\000m\000e\000n\000t\000a\000t\000i\000o\000n}{section.6.20}% 209
\BOOKMARK [3][-]{subsubsection.6.20.2.1}{\376\377\0006\000.\0002\0000\000.\0002\000.\0001\000\040\000T\000r\000i\000g\000g\000e\000r\000\050\000\051}{subsection.6.20.2}% 210
\BOOKMARK [2][-]{subsection.6.20.3}{\376\377\0006\000.\0002\0000\000.\0003\000\040\000M\000e\000m\000b\000e\000r\000\040\000F\000u\000n\000c\000t\000i\000o\000n\000\040\000D\000o\000c\000u\000m\000e\000n\000t\000a\000t\000i\000o\000n}{section.6.20}% 211
\BOOKMARK [3][-]{subsubsection.6.20.3.1}{\376\377\0006\000.\0002\0000\000.\0003\000.\0001\000\040\000g\000e\000t\000T\000i\000m\000e\000r\000\050\000\051}{subsection.6.20.3}% 212
\BOOKMARK [3][-]{subsubsection.6.20.3.2}{\376\377\0006\000.\0002\0000\000.\0003\000.\0002\000\040\000i\000s\000T\000r\000a\000c\000k\000i\000n\000g\000E\000n\000a\000b\000l\000e\000d\000\050\000\051}{subsection.6.20.3}% 213
\BOOKMARK [3][-]{subsubsection.6.20.3.3}{\376\377\0006\000.\0002\0000\000.\0003\000.\0003\000\040\000r\000e\000s\000e\000t\000\050\000\051}{subsection.6.20.3}% 214
\BOOKMARK [1][-]{section.6.21}{\376\377\0006\000.\0002\0001\000\040\000V\000i\000d\000e\000o\000T\000r\000a\000c\000k\000e\000r\000\040\000C\000l\000a\000s\000s\000\040\000R\000e\000f\000e\000r\000e\000n\000c\000e}{chapter.6}% 215
\BOOKMARK [2][-]{subsection.6.21.1}{\376\377\0006\000.\0002\0001\000.\0001\000\040\000D\000e\000t\000a\000i\000l\000e\000d\000\040\000D\000e\000s\000c\000r\000i\000p\000t\000i\000o\000n}{section.6.21}% 216
\BOOKMARK [2][-]{subsection.6.21.2}{\376\377\0006\000.\0002\0001\000.\0002\000\040\000C\000o\000n\000s\000t\000r\000u\000c\000t\000o\000r\000\040\000\046\000\040\000D\000e\000s\000t\000r\000u\000c\000t\000o\000r\000\040\000D\000o\000c\000u\000m\000e\000n\000t\000a\000t\000i\000o\000n}{section.6.21}% 217
\BOOKMARK [3][-]{subsubsection.6.21.2.1}{\376\377\0006\000.\0002\0001\000.\0002\000.\0001\000\040\000V\000i\000d\000e\000o\000T\000r\000a\000c\000k\000e\000r\000\050\000\051}{subsection.6.21.2}% 218
\BOOKMARK [2][-]{subsection.6.21.3}{\376\377\0006\000.\0002\0001\000.\0003\000\040\000M\000e\000m\000b\000e\000r\000\040\000F\000u\000n\000c\000t\000i\000o\000n\000\040\000D\000o\000c\000u\000m\000e\000n\000t\000a\000t\000i\000o\000n}{section.6.21}% 219
\BOOKMARK [3][-]{subsubsection.6.21.3.1}{\376\377\0006\000.\0002\0001\000.\0003\000.\0001\000\040\000i\000n\000i\000t\000i\000a\000l\000i\000z\000e\000T\000r\000a\000c\000k\000e\000r\000\050\000\051}{subsection.6.21.3}% 220
\BOOKMARK [3][-]{subsubsection.6.21.3.2}{\376\377\0006\000.\0002\0001\000.\0003\000.\0002\000\040\000t\000r\000a\000c\000k\000O\000b\000j\000e\000c\000t\000\050\000\051}{subsection.6.21.3}% 221
\BOOKMARK [1][-]{section.6.22}{\376\377\0006\000.\0002\0002\000\040\000V\000i\000s\000u\000a\000l\000i\000z\000e\000r\000\040\000C\000l\000a\000s\000s\000\040\000R\000e\000f\000e\000r\000e\000n\000c\000e}{chapter.6}% 222
\BOOKMARK [2][-]{subsection.6.22.1}{\376\377\0006\000.\0002\0002\000.\0001\000\040\000D\000e\000t\000a\000i\000l\000e\000d\000\040\000D\000e\000s\000c\000r\000i\000p\000t\000i\000o\000n}{section.6.22}% 223
\BOOKMARK [2][-]{subsection.6.22.2}{\376\377\0006\000.\0002\0002\000.\0002\000\040\000C\000o\000n\000s\000t\000r\000u\000c\000t\000o\000r\000\040\000\046\000\040\000D\000e\000s\000t\000r\000u\000c\000t\000o\000r\000\040\000D\000o\000c\000u\000m\000e\000n\000t\000a\000t\000i\000o\000n}{section.6.22}% 224
\BOOKMARK [3][-]{subsubsection.6.22.2.1}{\376\377\0006\000.\0002\0002\000.\0002\000.\0001\000\040\000V\000i\000s\000u\000a\000l\000i\000z\000e\000r\000\050\000\051\000\040\000[\0001\000/\0003\000]}{subsection.6.22.2}% 225
\BOOKMARK [3][-]{subsubsection.6.22.2.2}{\376\377\0006\000.\0002\0002\000.\0002\000.\0002\000\040\000\040\000V\000i\000s\000u\000a\000l\000i\000z\000e\000r\000\050\000\051}{subsection.6.22.2}% 226
\BOOKMARK [3][-]{subsubsection.6.22.2.3}{\376\377\0006\000.\0002\0002\000.\0002\000.\0003\000\040\000V\000i\000s\000u\000a\000l\000i\000z\000e\000r\000\050\000\051\000\040\000[\0002\000/\0003\000]}{subsection.6.22.2}% 227
\BOOKMARK [3][-]{subsubsection.6.22.2.4}{\376\377\0006\000.\0002\0002\000.\0002\000.\0004\000\040\000V\000i\000s\000u\000a\000l\000i\000z\000e\000r\000\050\000\051\000\040\000[\0003\000/\0003\000]}{subsection.6.22.2}% 228
\BOOKMARK [2][-]{subsection.6.22.3}{\376\377\0006\000.\0002\0002\000.\0003\000\040\000M\000e\000m\000b\000e\000r\000\040\000F\000u\000n\000c\000t\000i\000o\000n\000\040\000D\000o\000c\000u\000m\000e\000n\000t\000a\000t\000i\000o\000n}{section.6.22}% 229
\BOOKMARK [3][-]{subsubsection.6.22.3.1}{\376\377\0006\000.\0002\0002\000.\0003\000.\0001\000\040\000b\000r\000o\000a\000d\000c\000a\000s\000t\000\050\000\051}{subsection.6.22.3}% 230
\BOOKMARK [3][-]{subsubsection.6.22.3.2}{\376\377\0006\000.\0002\0002\000.\0003\000.\0002\000\040\000o\000p\000e\000r\000a\000t\000o\000r\000=\000\050\000\051\000\040\000[\0001\000/\0002\000]}{subsection.6.22.3}% 231
\BOOKMARK [3][-]{subsubsection.6.22.3.3}{\376\377\0006\000.\0002\0002\000.\0003\000.\0003\000\040\000o\000p\000e\000r\000a\000t\000o\000r\000=\000\050\000\051\000\040\000[\0002\000/\0002\000]}{subsection.6.22.3}% 232
\BOOKMARK [3][-]{subsubsection.6.22.3.4}{\376\377\0006\000.\0002\0002\000.\0003\000.\0004\000\040\000s\000e\000t\000A\000u\000d\000i\000o\000l\000i\000z\000e\000r\000U\000p\000d\000a\000t\000e\000r\000\050\000\051}{subsection.6.22.3}% 233
\BOOKMARK [3][-]{subsubsection.6.22.3.5}{\376\377\0006\000.\0002\0002\000.\0003\000.\0005\000\040\000u\000p\000d\000a\000t\000e\000A\000u\000d\000i\000o\000S\000i\000g\000n\000a\000l\000\050\000\051}{subsection.6.22.3}% 234
\BOOKMARK [1][-]{section.6.23}{\376\377\0006\000.\0002\0003\000\040\000W\000a\000v\000e\000f\000o\000r\000m\000\040\000C\000l\000a\000s\000s\000\040\000R\000e\000f\000e\000r\000e\000n\000c\000e}{chapter.6}% 235
\BOOKMARK [2][-]{subsection.6.23.1}{\376\377\0006\000.\0002\0003\000.\0001\000\040\000D\000e\000t\000a\000i\000l\000e\000d\000\040\000D\000e\000s\000c\000r\000i\000p\000t\000i\000o\000n}{section.6.23}% 236
\BOOKMARK [2][-]{subsection.6.23.2}{\376\377\0006\000.\0002\0003\000.\0002\000\040\000C\000o\000n\000s\000t\000r\000u\000c\000t\000o\000r\000\040\000\046\000\040\000D\000e\000s\000t\000r\000u\000c\000t\000o\000r\000\040\000D\000o\000c\000u\000m\000e\000n\000t\000a\000t\000i\000o\000n}{section.6.23}% 237
\BOOKMARK [3][-]{subsubsection.6.23.2.1}{\376\377\0006\000.\0002\0003\000.\0002\000.\0001\000\040\000W\000a\000v\000e\000f\000o\000r\000m\000\050\000\051}{subsection.6.23.2}% 238
\BOOKMARK [2][-]{subsection.6.23.3}{\376\377\0006\000.\0002\0003\000.\0003\000\040\000M\000e\000m\000b\000e\000r\000\040\000F\000u\000n\000c\000t\000i\000o\000n\000\040\000D\000o\000c\000u\000m\000e\000n\000t\000a\000t\000i\000o\000n}{section.6.23}% 239
\BOOKMARK [3][-]{subsubsection.6.23.3.1}{\376\377\0006\000.\0002\0003\000.\0003\000.\0001\000\040\000a\000v\000a\000i\000l\000a\000b\000l\000e\000F\000o\000r\000R\000e\000a\000d\000i\000n\000g\000\050\000\051}{subsection.6.23.3}% 240
\BOOKMARK [3][-]{subsubsection.6.23.3.2}{\376\377\0006\000.\0002\0003\000.\0003\000.\0002\000\040\000g\000e\000t\000M\000i\000n\000M\000a\000x\000\050\000\051}{subsection.6.23.3}% 241
\BOOKMARK [3][-]{subsubsection.6.23.3.3}{\376\377\0006\000.\0002\0003\000.\0003\000.\0003\000\040\000i\000s\000E\000m\000p\000t\000y\000\050\000\051}{subsection.6.23.3}% 242
\BOOKMARK [3][-]{subsubsection.6.23.3.4}{\376\377\0006\000.\0002\0003\000.\0003\000.\0004\000\040\000i\000s\000F\000u\000l\000l\000\050\000\051}{subsection.6.23.3}% 243
\BOOKMARK [3][-]{subsubsection.6.23.3.5}{\376\377\0006\000.\0002\0003\000.\0003\000.\0005\000\040\000r\000e\000a\000d\000\050\000\051}{subsection.6.23.3}% 244
\BOOKMARK [3][-]{subsubsection.6.23.3.6}{\376\377\0006\000.\0002\0003\000.\0003\000.\0006\000\040\000s\000i\000z\000e\000\050\000\051}{subsection.6.23.3}% 245
\BOOKMARK [3][-]{subsubsection.6.23.3.7}{\376\377\0006\000.\0002\0003\000.\0003\000.\0007\000\040\000w\000r\000i\000t\000e\000\050\000\051}{subsection.6.23.3}% 246
\BOOKMARK [0][-]{chapter.7}{\376\377\0007\000\040\000F\000i\000l\000e\000\040\000D\000o\000c\000u\000m\000e\000n\000t\000a\000t\000i\000o\000n}{}% 247
\BOOKMARK [1][-]{section.7.1}{\376\377\0007\000.\0001\000\040\000i\000n\000c\000l\000u\000d\000e\000/\000a\000u\000d\000i\000o\000.\000h\000\040\000F\000i\000l\000e\000\040\000R\000e\000f\000e\000r\000e\000n\000c\000e}{chapter.7}% 248
\BOOKMARK [1][-]{section.7.2}{\376\377\0007\000.\0002\000\040\000a\000u\000d\000i\000o\000.\000h}{chapter.7}% 249
\BOOKMARK [1][-]{section.7.3}{\376\377\0007\000.\0003\000\040\000i\000n\000c\000l\000u\000d\000e\000/\000a\000u\000d\000i\000o\000l\000i\000z\000e\000r\000.\000h\000\040\000F\000i\000l\000e\000\040\000R\000e\000f\000e\000r\000e\000n\000c\000e}{chapter.7}% 250
\BOOKMARK [1][-]{section.7.4}{\376\377\0007\000.\0004\000\040\000a\000u\000d\000i\000o\000l\000i\000z\000e\000r\000.\000h}{chapter.7}% 251
\BOOKMARK [1][-]{section.7.5}{\376\377\0007\000.\0005\000\040\000i\000n\000c\000l\000u\000d\000e\000/\000a\000u\000d\000i\000o\000s\000e\000r\000v\000e\000r\000.\000h\000\040\000F\000i\000l\000e\000\040\000R\000e\000f\000e\000r\000e\000n\000c\000e}{chapter.7}% 252
\BOOKMARK [2][-]{subsection.7.5.1}{\376\377\0007\000.\0005\000.\0001\000\040\000V\000a\000r\000i\000a\000b\000l\000e\000\040\000D\000o\000c\000u\000m\000e\000n\000t\000a\000t\000i\000o\000n}{section.7.5}% 253
\BOOKMARK [3][-]{subsubsection.7.5.1.1}{\376\377\0007\000.\0005\000.\0001\000.\0001\000\040\000s\000u\000p\000p\000o\000r\000t\000e\000d\000\137\000d\000r\000i\000v\000e\000r}{subsection.7.5.1}% 254
\BOOKMARK [1][-]{section.7.6}{\376\377\0007\000.\0006\000\040\000a\000u\000d\000i\000o\000s\000e\000r\000v\000e\000r\000.\000h}{chapter.7}% 255
\BOOKMARK [1][-]{section.7.7}{\376\377\0007\000.\0007\000\040\000i\000n\000c\000l\000u\000d\000e\000/\000c\000a\000m\000e\000r\000a\000.\000h\000\040\000F\000i\000l\000e\000\040\000R\000e\000f\000e\000r\000e\000n\000c\000e}{chapter.7}% 256
\BOOKMARK [1][-]{section.7.8}{\376\377\0007\000.\0008\000\040\000c\000a\000m\000e\000r\000a\000.\000h}{chapter.7}% 257
\BOOKMARK [1][-]{section.7.9}{\376\377\0007\000.\0009\000\040\000i\000n\000c\000l\000u\000d\000e\000/\000c\000o\000n\000f\000i\000g\000.\000h\000\040\000F\000i\000l\000e\000\040\000R\000e\000f\000e\000r\000e\000n\000c\000e}{chapter.7}% 258
\BOOKMARK [1][-]{section.7.10}{\376\377\0007\000.\0001\0000\000\040\000c\000o\000n\000f\000i\000g\000.\000h}{chapter.7}% 259
\BOOKMARK [1][-]{section.7.11}{\376\377\0007\000.\0001\0001\000\040\000i\000n\000c\000l\000u\000d\000e\000/\000c\000o\000n\000f\000i\000g\000\137\000t\000y\000p\000e\000s\000.\000h\000\040\000F\000i\000l\000e\000\040\000R\000e\000f\000e\000r\000e\000n\000c\000e}{chapter.7}% 260
\BOOKMARK [1][-]{section.7.12}{\376\377\0007\000.\0001\0002\000\040\000c\000o\000n\000f\000i\000g\000\137\000t\000y\000p\000e\000s\000.\000h}{chapter.7}% 261
\BOOKMARK [1][-]{section.7.13}{\376\377\0007\000.\0001\0003\000\040\000i\000n\000c\000l\000u\000d\000e\000/\000g\000u\000i\000.\000h\000\040\000F\000i\000l\000e\000\040\000R\000e\000f\000e\000r\000e\000n\000c\000e}{chapter.7}% 262
\BOOKMARK [1][-]{section.7.14}{\376\377\0007\000.\0001\0004\000\040\000g\000u\000i\000.\000h}{chapter.7}% 263
\BOOKMARK [1][-]{section.7.15}{\376\377\0007\000.\0001\0005\000\040\000i\000n\000c\000l\000u\000d\000e\000/\000g\000u\000i\000/\000a\000u\000d\000i\000o\000h\000w\000.\000h\000\040\000F\000i\000l\000e\000\040\000R\000e\000f\000e\000r\000e\000n\000c\000e}{chapter.7}% 264
\BOOKMARK [1][-]{section.7.16}{\376\377\0007\000.\0001\0006\000\040\000a\000u\000d\000i\000o\000h\000w\000.\000h}{chapter.7}% 265
\BOOKMARK [1][-]{section.7.17}{\376\377\0007\000.\0001\0007\000\040\000i\000n\000c\000l\000u\000d\000e\000/\000g\000u\000i\000/\000c\000a\000m\000e\000r\000a\000h\000w\000.\000h\000\040\000F\000i\000l\000e\000\040\000R\000e\000f\000e\000r\000e\000n\000c\000e}{chapter.7}% 266
\BOOKMARK [2][-]{subsection.7.17.1}{\376\377\0007\000.\0001\0007\000.\0001\000\040\000F\000u\000n\000c\000t\000i\000o\000n\000\040\000D\000o\000c\000u\000m\000e\000n\000t\000a\000t\000i\000o\000n}{section.7.17}% 267
\BOOKMARK [3][-]{subsubsection.7.17.1.1}{\376\377\0007\000.\0001\0007\000.\0001\000.\0001\000\040\000g\000e\000t\000A\000v\000a\000i\000l\000a\000b\000l\000e\000C\000a\000m\000e\000r\000a\000s\000\050\000\051}{subsection.7.17.1}% 268
\BOOKMARK [1][-]{section.7.18}{\376\377\0007\000.\0001\0008\000\040\000c\000a\000m\000e\000r\000a\000h\000w\000.\000h}{chapter.7}% 269
\BOOKMARK [1][-]{section.7.19}{\376\377\0007\000.\0001\0009\000\040\000i\000n\000c\000l\000u\000d\000e\000/\000g\000u\000i\000/\000o\000p\000e\000n\000c\000v\000f\000p\000s\000.\000h\000\040\000F\000i\000l\000e\000\040\000R\000e\000f\000e\000r\000e\000n\000c\000e}{chapter.7}% 270
\BOOKMARK [2][-]{subsection.7.19.1}{\376\377\0007\000.\0001\0009\000.\0001\000\040\000F\000u\000n\000c\000t\000i\000o\000n\000\040\000D\000o\000c\000u\000m\000e\000n\000t\000a\000t\000i\000o\000n}{section.7.19}% 271
\BOOKMARK [3][-]{subsubsection.7.19.1.1}{\376\377\0007\000.\0001\0009\000.\0001\000.\0001\000\040\000g\000e\000t\000C\000V\000f\000p\000s\000\137\000a\000p\000p\000r\000o\000x\000\050\000\051}{subsection.7.19.1}% 272
\BOOKMARK [1][-]{section.7.20}{\376\377\0007\000.\0002\0000\000\040\000o\000p\000e\000n\000c\000v\000f\000p\000s\000.\000h}{chapter.7}% 273
\BOOKMARK [1][-]{section.7.21}{\376\377\0007\000.\0002\0001\000\040\000i\000n\000c\000l\000u\000d\000e\000/\000g\000u\000i\000/\000s\000c\000r\000e\000e\000n\000h\000w\000.\000h\000\040\000F\000i\000l\000e\000\040\000R\000e\000f\000e\000r\000e\000n\000c\000e}{chapter.7}% 274
\BOOKMARK [2][-]{subsection.7.21.1}{\376\377\0007\000.\0002\0001\000.\0001\000\040\000F\000u\000n\000c\000t\000i\000o\000n\000\040\000D\000o\000c\000u\000m\000e\000n\000t\000a\000t\000i\000o\000n}{section.7.21}% 275
\BOOKMARK [3][-]{subsubsection.7.21.1.1}{\376\377\0007\000.\0002\0001\000.\0001\000.\0001\000\040\000g\000e\000t\000\137\000s\000c\000r\000e\000e\000n\000\137\000r\000e\000s\000o\000l\000u\000t\000i\000o\000n\000\050\000\051}{subsection.7.21.1}% 276
\BOOKMARK [1][-]{section.7.22}{\376\377\0007\000.\0002\0002\000\040\000s\000c\000r\000e\000e\000n\000h\000w\000.\000h}{chapter.7}% 277
\BOOKMARK [1][-]{section.7.23}{\376\377\0007\000.\0002\0003\000\040\000i\000n\000c\000l\000u\000d\000e\000/\000i\000a\000v\000.\000h\000\040\000F\000i\000l\000e\000\040\000R\000e\000f\000e\000r\000e\000n\000c\000e}{chapter.7}% 278
\BOOKMARK [1][-]{section.7.24}{\376\377\0007\000.\0002\0004\000\040\000i\000a\000v\000.\000h}{chapter.7}% 279
\BOOKMARK [1][-]{section.7.25}{\376\377\0007\000.\0002\0005\000\040\000i\000n\000c\000l\000u\000d\000e\000/\000p\000a\000t\000h\000s\000.\000h\000\040\000F\000i\000l\000e\000\040\000R\000e\000f\000e\000r\000e\000n\000c\000e}{chapter.7}% 280
\BOOKMARK [2][-]{subsection.7.25.1}{\376\377\0007\000.\0002\0005\000.\0001\000\040\000F\000u\000n\000c\000t\000i\000o\000n\000\040\000D\000o\000c\000u\000m\000e\000n\000t\000a\000t\000i\000o\000n}{section.7.25}% 281
\BOOKMARK [3][-]{subsubsection.7.25.1.1}{\376\377\0007\000.\0002\0005\000.\0001\000.\0001\000\040\000g\000e\000t\000A\000b\000s\000P\000a\000t\000h\000\050\000\051}{subsection.7.25.1}% 282
\BOOKMARK [1][-]{section.7.26}{\376\377\0007\000.\0002\0006\000\040\000p\000a\000t\000h\000s\000.\000h}{chapter.7}% 283
\BOOKMARK [1][-]{section.7.27}{\376\377\0007\000.\0002\0007\000\040\000i\000n\000c\000l\000u\000d\000e\000/\000r\000o\000i\000.\000h\000\040\000F\000i\000l\000e\000\040\000R\000e\000f\000e\000r\000e\000n\000c\000e}{chapter.7}% 284
\BOOKMARK [1][-]{section.7.28}{\376\377\0007\000.\0002\0008\000\040\000r\000o\000i\000.\000h}{chapter.7}% 285
\BOOKMARK [1][-]{section.7.29}{\376\377\0007\000.\0002\0009\000\040\000i\000n\000c\000l\000u\000d\000e\000/\000s\000e\000t\000t\000i\000n\000g\000s\000.\000h\000\040\000F\000i\000l\000e\000\040\000R\000e\000f\000e\000r\000e\000n\000c\000e}{chapter.7}% 286
\BOOKMARK [1][-]{section.7.30}{\376\377\0007\000.\0003\0000\000\040\000s\000e\000t\000t\000i\000n\000g\000s\000.\000h}{chapter.7}% 287
\BOOKMARK [1][-]{section.7.31}{\376\377\0007\000.\0003\0001\000\040\000i\000n\000c\000l\000u\000d\000e\000/\000s\000i\000n\000e\000.\000h\000\040\000F\000i\000l\000e\000\040\000R\000e\000f\000e\000r\000e\000n\000c\000e}{chapter.7}% 288
\BOOKMARK [1][-]{section.7.32}{\376\377\0007\000.\0003\0002\000\040\000s\000i\000n\000e\000.\000h}{chapter.7}% 289
\BOOKMARK [1][-]{section.7.33}{\376\377\0007\000.\0003\0003\000\040\000i\000n\000c\000l\000u\000d\000e\000/\000s\000p\000e\000c\000t\000r\000o\000g\000r\000a\000m\000.\000h\000\040\000F\000i\000l\000e\000\040\000R\000e\000f\000e\000r\000e\000n\000c\000e}{chapter.7}% 290
\BOOKMARK [2][-]{subsection.7.33.1}{\376\377\0007\000.\0003\0003\000.\0001\000\040\000M\000a\000c\000r\000o\000\040\000D\000e\000f\000i\000n\000i\000t\000i\000o\000n\000\040\000D\000o\000c\000u\000m\000e\000n\000t\000a\000t\000i\000o\000n}{section.7.33}% 291
\BOOKMARK [3][-]{subsubsection.7.33.1.1}{\376\377\0007\000.\0003\0003\000.\0001\000.\0001\000\040\000P\000I}{subsection.7.33.1}% 292
\BOOKMARK [1][-]{section.7.34}{\376\377\0007\000.\0003\0004\000\040\000s\000p\000e\000c\000t\000r\000o\000g\000r\000a\000m\000.\000h}{chapter.7}% 293
\BOOKMARK [1][-]{section.7.35}{\376\377\0007\000.\0003\0005\000\040\000i\000n\000c\000l\000u\000d\000e\000/\000t\000i\000m\000e\000r\000.\000h\000\040\000F\000i\000l\000e\000\040\000R\000e\000f\000e\000r\000e\000n\000c\000e}{chapter.7}% 294
\BOOKMARK [1][-]{section.7.36}{\376\377\0007\000.\0003\0006\000\040\000t\000i\000m\000e\000r\000.\000h}{chapter.7}% 295
\BOOKMARK [1][-]{section.7.37}{\376\377\0007\000.\0003\0007\000\040\000i\000n\000c\000l\000u\000d\000e\000/\000t\000o\000n\000e\000.\000h\000\040\000F\000i\000l\000e\000\040\000R\000e\000f\000e\000r\000e\000n\000c\000e}{chapter.7}% 296
\BOOKMARK [1][-]{section.7.38}{\376\377\0007\000.\0003\0008\000\040\000t\000o\000n\000e\000.\000h}{chapter.7}% 297
\BOOKMARK [1][-]{section.7.39}{\376\377\0007\000.\0003\0009\000\040\000i\000n\000c\000l\000u\000d\000e\000/\000t\000r\000i\000g\000g\000e\000r\000.\000h\000\040\000F\000i\000l\000e\000\040\000R\000e\000f\000e\000r\000e\000n\000c\000e}{chapter.7}% 298
\BOOKMARK [2][-]{subsection.7.39.1}{\376\377\0007\000.\0003\0009\000.\0001\000\040\000V\000a\000r\000i\000a\000b\000l\000e\000\040\000D\000o\000c\000u\000m\000e\000n\000t\000a\000t\000i\000o\000n}{section.7.39}% 299
\BOOKMARK [3][-]{subsubsection.7.39.1.1}{\376\377\0007\000.\0003\0009\000.\0001\000.\0001\000\040\000e\000x\000p\000e\000r\000i\000e\000n\000c\000e\000\137\000d\000u\000r\000a\000t\000i\000o\000n\000\137\000s\000e\000c}{subsection.7.39.1}% 300
\BOOKMARK [3][-]{subsubsection.7.39.1.2}{\376\377\0007\000.\0003\0009\000.\0001\000.\0002\000\040\000p\000h\000o\000t\000o\000\137\000c\000o\000u\000n\000t\000d\000o\000w\000n\000\137\000s\000e\000c}{subsection.7.39.1}% 301
\BOOKMARK [1][-]{section.7.40}{\376\377\0007\000.\0004\0000\000\040\000t\000r\000i\000g\000g\000e\000r\000.\000h}{chapter.7}% 302
\BOOKMARK [1][-]{section.7.41}{\376\377\0007\000.\0004\0001\000\040\000i\000n\000c\000l\000u\000d\000e\000/\000v\000i\000d\000e\000o\000t\000r\000a\000c\000k\000e\000r\000.\000h\000\040\000F\000i\000l\000e\000\040\000R\000e\000f\000e\000r\000e\000n\000c\000e}{chapter.7}% 303
\BOOKMARK [1][-]{section.7.42}{\376\377\0007\000.\0004\0002\000\040\000v\000i\000d\000e\000o\000t\000r\000a\000c\000k\000e\000r\000.\000h}{chapter.7}% 304
\BOOKMARK [1][-]{section.7.43}{\376\377\0007\000.\0004\0003\000\040\000i\000n\000c\000l\000u\000d\000e\000/\000v\000i\000s\000u\000a\000l\000i\000z\000e\000r\000.\000h\000\040\000F\000i\000l\000e\000\040\000R\000e\000f\000e\000r\000e\000n\000c\000e}{chapter.7}% 305
\BOOKMARK [1][-]{section.7.44}{\376\377\0007\000.\0004\0004\000\040\000v\000i\000s\000u\000a\000l\000i\000z\000e\000r\000.\000h}{chapter.7}% 306
\BOOKMARK [1][-]{section.7.45}{\376\377\0007\000.\0004\0005\000\040\000i\000n\000c\000l\000u\000d\000e\000/\000w\000a\000v\000e\000f\000o\000r\000m\000.\000h\000\040\000F\000i\000l\000e\000\040\000R\000e\000f\000e\000r\000e\000n\000c\000e}{chapter.7}% 307
\BOOKMARK [1][-]{section.7.46}{\376\377\0007\000.\0004\0006\000\040\000w\000a\000v\000e\000f\000o\000r\000m\000.\000h}{chapter.7}% 308
\BOOKMARK [1][-]{section.7.47}{\376\377\0007\000.\0004\0007\000\040\000R\000E\000A\000D\000M\000E\000.\000m\000d\000\040\000F\000i\000l\000e\000\040\000R\000e\000f\000e\000r\000e\000n\000c\000e}{chapter.7}% 309
\BOOKMARK [1][-]{section.7.48}{\376\377\0007\000.\0004\0008\000\040\000s\000r\000c\000/\000a\000u\000d\000i\000o\000.\000c\000p\000p\000\040\000F\000i\000l\000e\000\040\000R\000e\000f\000e\000r\000e\000n\000c\000e}{chapter.7}% 310
\BOOKMARK [2][-]{subsection.7.48.1}{\376\377\0007\000.\0004\0008\000.\0001\000\040\000V\000a\000r\000i\000a\000b\000l\000e\000\040\000D\000o\000c\000u\000m\000e\000n\000t\000a\000t\000i\000o\000n}{section.7.48}% 311
\BOOKMARK [3][-]{subsubsection.7.48.1.1}{\376\377\0007\000.\0004\0008\000.\0001\000.\0001\000\040\000c\000l\000i\000e\000n\000t\000N\000a\000m\000e}{subsection.7.48.1}% 312
\BOOKMARK [3][-]{subsubsection.7.48.1.2}{\376\377\0007\000.\0004\0008\000.\0001\000.\0002\000\040\000s\000e\000r\000v\000e\000r\000\137\000n\000a\000m\000e}{subsection.7.48.1}% 313
\BOOKMARK [1][-]{section.7.49}{\376\377\0007\000.\0004\0009\000\040\000a\000u\000d\000i\000o\000.\000c\000p\000p}{chapter.7}% 314
\BOOKMARK [1][-]{section.7.50}{\376\377\0007\000.\0005\0000\000\040\000s\000r\000c\000/\000a\000u\000d\000i\000o\000l\000i\000z\000e\000r\000.\000c\000p\000p\000\040\000F\000i\000l\000e\000\040\000R\000e\000f\000e\000r\000e\000n\000c\000e}{chapter.7}% 315
\BOOKMARK [1][-]{section.7.51}{\376\377\0007\000.\0005\0001\000\040\000a\000u\000d\000i\000o\000l\000i\000z\000e\000r\000.\000c\000p\000p}{chapter.7}% 316
\BOOKMARK [1][-]{section.7.52}{\376\377\0007\000.\0005\0002\000\040\000s\000r\000c\000/\000a\000u\000d\000i\000o\000s\000e\000r\000v\000e\000r\000.\000c\000p\000p\000\040\000F\000i\000l\000e\000\040\000R\000e\000f\000e\000r\000e\000n\000c\000e}{chapter.7}% 317
\BOOKMARK [1][-]{section.7.53}{\376\377\0007\000.\0005\0003\000\040\000a\000u\000d\000i\000o\000s\000e\000r\000v\000e\000r\000.\000c\000p\000p}{chapter.7}% 318
\BOOKMARK [1][-]{section.7.54}{\376\377\0007\000.\0005\0004\000\040\000s\000r\000c\000/\000c\000a\000m\000e\000r\000a\000.\000c\000p\000p\000\040\000F\000i\000l\000e\000\040\000R\000e\000f\000e\000r\000e\000n\000c\000e}{chapter.7}% 319
\BOOKMARK [1][-]{section.7.55}{\376\377\0007\000.\0005\0005\000\040\000c\000a\000m\000e\000r\000a\000.\000c\000p\000p}{chapter.7}% 320
\BOOKMARK [1][-]{section.7.56}{\376\377\0007\000.\0005\0006\000\040\000s\000r\000c\000/\000c\000o\000n\000f\000i\000g\000.\000c\000p\000p\000\040\000F\000i\000l\000e\000\040\000R\000e\000f\000e\000r\000e\000n\000c\000e}{chapter.7}% 321
\BOOKMARK [1][-]{section.7.57}{\376\377\0007\000.\0005\0007\000\040\000c\000o\000n\000f\000i\000g\000.\000c\000p\000p}{chapter.7}% 322
\BOOKMARK [1][-]{section.7.58}{\376\377\0007\000.\0005\0008\000\040\000s\000r\000c\000/\000g\000u\000i\000.\000c\000p\000p\000\040\000F\000i\000l\000e\000\040\000R\000e\000f\000e\000r\000e\000n\000c\000e}{chapter.7}% 323
\BOOKMARK [1][-]{section.7.59}{\376\377\0007\000.\0005\0009\000\040\000g\000u\000i\000.\000c\000p\000p}{chapter.7}% 324
\BOOKMARK [1][-]{section.7.60}{\376\377\0007\000.\0006\0000\000\040\000s\000r\000c\000/\000g\000u\000i\000/\000a\000u\000d\000i\000o\000h\000w\000.\000c\000p\000p\000\040\000F\000i\000l\000e\000\040\000R\000e\000f\000e\000r\000e\000n\000c\000e}{chapter.7}% 325
\BOOKMARK [1][-]{section.7.61}{\376\377\0007\000.\0006\0001\000\040\000a\000u\000d\000i\000o\000h\000w\000.\000c\000p\000p}{chapter.7}% 326
\BOOKMARK [1][-]{section.7.62}{\376\377\0007\000.\0006\0002\000\040\000s\000r\000c\000/\000g\000u\000i\000/\000c\000a\000m\000e\000r\000a\000h\000w\000.\000c\000p\000p\000\040\000F\000i\000l\000e\000\040\000R\000e\000f\000e\000r\000e\000n\000c\000e}{chapter.7}% 327
\BOOKMARK [2][-]{subsection.7.62.1}{\376\377\0007\000.\0006\0002\000.\0001\000\040\000F\000u\000n\000c\000t\000i\000o\000n\000\040\000D\000o\000c\000u\000m\000e\000n\000t\000a\000t\000i\000o\000n}{section.7.62}% 328
\BOOKMARK [3][-]{subsubsection.7.62.1.1}{\376\377\0007\000.\0006\0002\000.\0001\000.\0001\000\040\000g\000e\000t\000A\000v\000a\000i\000l\000a\000b\000l\000e\000C\000a\000m\000e\000r\000a\000s\000\050\000\051}{subsection.7.62.1}% 329
\BOOKMARK [1][-]{section.7.63}{\376\377\0007\000.\0006\0003\000\040\000c\000a\000m\000e\000r\000a\000h\000w\000.\000c\000p\000p}{chapter.7}% 330
\BOOKMARK [1][-]{section.7.64}{\376\377\0007\000.\0006\0004\000\040\000s\000r\000c\000/\000g\000u\000i\000/\000o\000p\000e\000n\000c\000v\000f\000p\000s\000.\000c\000p\000p\000\040\000F\000i\000l\000e\000\040\000R\000e\000f\000e\000r\000e\000n\000c\000e}{chapter.7}% 331
\BOOKMARK [2][-]{subsection.7.64.1}{\376\377\0007\000.\0006\0004\000.\0001\000\040\000F\000u\000n\000c\000t\000i\000o\000n\000\040\000D\000o\000c\000u\000m\000e\000n\000t\000a\000t\000i\000o\000n}{section.7.64}% 332
\BOOKMARK [3][-]{subsubsection.7.64.1.1}{\376\377\0007\000.\0006\0004\000.\0001\000.\0001\000\040\000g\000e\000t\000C\000V\000f\000p\000s\000\137\000a\000p\000p\000r\000o\000x\000\050\000\051}{subsection.7.64.1}% 333
\BOOKMARK [1][-]{section.7.65}{\376\377\0007\000.\0006\0005\000\040\000o\000p\000e\000n\000c\000v\000f\000p\000s\000.\000c\000p\000p}{chapter.7}% 334
\BOOKMARK [1][-]{section.7.66}{\376\377\0007\000.\0006\0006\000\040\000s\000r\000c\000/\000g\000u\000i\000/\000s\000c\000r\000e\000e\000n\000h\000w\000.\000c\000p\000p\000\040\000F\000i\000l\000e\000\040\000R\000e\000f\000e\000r\000e\000n\000c\000e}{chapter.7}% 335
\BOOKMARK [2][-]{subsection.7.66.1}{\376\377\0007\000.\0006\0006\000.\0001\000\040\000F\000u\000n\000c\000t\000i\000o\000n\000\040\000D\000o\000c\000u\000m\000e\000n\000t\000a\000t\000i\000o\000n}{section.7.66}% 336
\BOOKMARK [3][-]{subsubsection.7.66.1.1}{\376\377\0007\000.\0006\0006\000.\0001\000.\0001\000\040\000g\000e\000t\000\137\000s\000c\000r\000e\000e\000n\000\137\000r\000e\000s\000o\000l\000u\000t\000i\000o\000n\000\050\000\051}{subsection.7.66.1}% 337
\BOOKMARK [1][-]{section.7.67}{\376\377\0007\000.\0006\0007\000\040\000s\000c\000r\000e\000e\000n\000h\000w\000.\000c\000p\000p}{chapter.7}% 338
\BOOKMARK [1][-]{section.7.68}{\376\377\0007\000.\0006\0008\000\040\000s\000r\000c\000/\000i\000a\000v\000.\000c\000p\000p\000\040\000F\000i\000l\000e\000\040\000R\000e\000f\000e\000r\000e\000n\000c\000e}{chapter.7}% 339
\BOOKMARK [1][-]{section.7.69}{\376\377\0007\000.\0006\0009\000\040\000i\000a\000v\000.\000c\000p\000p}{chapter.7}% 340
\BOOKMARK [1][-]{section.7.70}{\376\377\0007\000.\0007\0000\000\040\000s\000r\000c\000/\000m\000a\000i\000n\000.\000c\000p\000p\000\040\000F\000i\000l\000e\000\040\000R\000e\000f\000e\000r\000e\000n\000c\000e}{chapter.7}% 341
\BOOKMARK [2][-]{subsection.7.70.1}{\376\377\0007\000.\0007\0000\000.\0001\000\040\000D\000e\000t\000a\000i\000l\000e\000d\000\040\000D\000e\000s\000c\000r\000i\000p\000t\000i\000o\000n}{section.7.70}% 342
\BOOKMARK [2][-]{subsection.7.70.2}{\376\377\0007\000.\0007\0000\000.\0002\000\040\000L\000I\000C\000E\000N\000S\000E}{section.7.70}% 343
\BOOKMARK [2][-]{subsection.7.70.3}{\376\377\0007\000.\0007\0000\000.\0003\000\040\000F\000u\000n\000c\000t\000i\000o\000n\000\040\000D\000o\000c\000u\000m\000e\000n\000t\000a\000t\000i\000o\000n}{section.7.70}% 344
\BOOKMARK [3][-]{subsubsection.7.70.3.1}{\376\377\0007\000.\0007\0000\000.\0003\000.\0001\000\040\000m\000a\000i\000n\000\050\000\051}{subsection.7.70.3}% 345
\BOOKMARK [1][-]{section.7.71}{\376\377\0007\000.\0007\0001\000\040\000m\000a\000i\000n\000.\000c\000p\000p}{chapter.7}% 346
\BOOKMARK [1][-]{section.7.72}{\376\377\0007\000.\0007\0002\000\040\000s\000r\000c\000/\000s\000e\000t\000t\000i\000n\000g\000s\000.\000c\000p\000p\000\040\000F\000i\000l\000e\000\040\000R\000e\000f\000e\000r\000e\000n\000c\000e}{chapter.7}% 347
\BOOKMARK [1][-]{section.7.73}{\376\377\0007\000.\0007\0003\000\040\000s\000e\000t\000t\000i\000n\000g\000s\000.\000c\000p\000p}{chapter.7}% 348
\BOOKMARK [1][-]{section.7.74}{\376\377\0007\000.\0007\0004\000\040\000s\000r\000c\000/\000s\000i\000n\000e\000.\000c\000p\000p\000\040\000F\000i\000l\000e\000\040\000R\000e\000f\000e\000r\000e\000n\000c\000e}{chapter.7}% 349
\BOOKMARK [2][-]{subsection.7.74.1}{\376\377\0007\000.\0007\0004\000.\0001\000\040\000M\000a\000c\000r\000o\000\040\000D\000e\000f\000i\000n\000i\000t\000i\000o\000n\000\040\000D\000o\000c\000u\000m\000e\000n\000t\000a\000t\000i\000o\000n}{section.7.74}% 350
\BOOKMARK [3][-]{subsubsection.7.74.1.1}{\376\377\0007\000.\0007\0004\000.\0001\000.\0001\000\040\000M\000\137\000P\000I}{subsection.7.74.1}% 351
\BOOKMARK [1][-]{section.7.75}{\376\377\0007\000.\0007\0005\000\040\000s\000i\000n\000e\000.\000c\000p\000p}{chapter.7}% 352
\BOOKMARK [1][-]{section.7.76}{\376\377\0007\000.\0007\0006\000\040\000s\000r\000c\000/\000s\000p\000e\000c\000t\000r\000o\000g\000r\000a\000m\000.\000c\000p\000p\000\040\000F\000i\000l\000e\000\040\000R\000e\000f\000e\000r\000e\000n\000c\000e}{chapter.7}% 353
\BOOKMARK [1][-]{section.7.77}{\376\377\0007\000.\0007\0007\000\040\000s\000p\000e\000c\000t\000r\000o\000g\000r\000a\000m\000.\000c\000p\000p}{chapter.7}% 354
\BOOKMARK [1][-]{section.7.78}{\376\377\0007\000.\0007\0008\000\040\000s\000r\000c\000/\000t\000i\000m\000e\000r\000.\000c\000p\000p\000\040\000F\000i\000l\000e\000\040\000R\000e\000f\000e\000r\000e\000n\000c\000e}{chapter.7}% 355
\BOOKMARK [1][-]{section.7.79}{\376\377\0007\000.\0007\0009\000\040\000t\000i\000m\000e\000r\000.\000c\000p\000p}{chapter.7}% 356
\BOOKMARK [1][-]{section.7.80}{\376\377\0007\000.\0008\0000\000\040\000s\000r\000c\000/\000t\000r\000i\000g\000g\000e\000r\000.\000c\000p\000p\000\040\000F\000i\000l\000e\000\040\000R\000e\000f\000e\000r\000e\000n\000c\000e}{chapter.7}% 357
\BOOKMARK [1][-]{section.7.81}{\376\377\0007\000.\0008\0001\000\040\000t\000r\000i\000g\000g\000e\000r\000.\000c\000p\000p}{chapter.7}% 358
\BOOKMARK [1][-]{section.7.82}{\376\377\0007\000.\0008\0002\000\040\000s\000r\000c\000/\000v\000i\000d\000e\000o\000t\000r\000a\000c\000k\000e\000r\000.\000c\000p\000p\000\040\000F\000i\000l\000e\000\040\000R\000e\000f\000e\000r\000e\000n\000c\000e}{chapter.7}% 359
\BOOKMARK [1][-]{section.7.83}{\376\377\0007\000.\0008\0003\000\040\000v\000i\000d\000e\000o\000t\000r\000a\000c\000k\000e\000r\000.\000c\000p\000p}{chapter.7}% 360
\BOOKMARK [1][-]{section.7.84}{\376\377\0007\000.\0008\0004\000\040\000s\000r\000c\000/\000v\000i\000s\000u\000a\000l\000i\000z\000e\000r\000.\000c\000p\000p\000\040\000F\000i\000l\000e\000\040\000R\000e\000f\000e\000r\000e\000n\000c\000e}{chapter.7}% 361
\BOOKMARK [2][-]{subsection.7.84.1}{\376\377\0007\000.\0008\0004\000.\0001\000\040\000V\000a\000r\000i\000a\000b\000l\000e\000\040\000D\000o\000c\000u\000m\000e\000n\000t\000a\000t\000i\000o\000n}{section.7.84}% 362
\BOOKMARK [3][-]{subsubsection.7.84.1.1}{\376\377\0007\000.\0008\0004\000.\0001\000.\0001\000\040\000q\000A\000S\000C\000I\000I}{subsection.7.84.1}% 363
\BOOKMARK [1][-]{section.7.85}{\376\377\0007\000.\0008\0005\000\040\000v\000i\000s\000u\000a\000l\000i\000z\000e\000r\000.\000c\000p\000p}{chapter.7}% 364
\BOOKMARK [1][-]{section.7.86}{\376\377\0007\000.\0008\0006\000\040\000s\000r\000c\000/\000w\000a\000v\000e\000f\000o\000r\000m\000.\000c\000p\000p\000\040\000F\000i\000l\000e\000\040\000R\000e\000f\000e\000r\000e\000n\000c\000e}{chapter.7}% 365
\BOOKMARK [1][-]{section.7.87}{\376\377\0007\000.\0008\0007\000\040\000w\000a\000v\000e\000f\000o\000r\000m\000.\000c\000p\000p}{chapter.7}% 366
